#
# There is insufficient memory for the Java Runtime Environment to continue.
# Native memory allocation (malloc) failed to allocate 32784 bytes for Chunk::new
# Possible reasons:
#   The system is out of physical RAM or swap space
#   The process is running with CompressedOops enabled, and the Java Heap may be blocking the growth of the native heap
# Possible solutions:
#   Reduce memory load on the system
#   Increase physical memory or swap space
#   Check if swap backing store is full
#   Decrease Java heap size (-Xmx/-Xms)
#   Decrease number of Java threads
#   Decrease Java thread stack sizes (-Xss)
#   Set larger code cache with -XX:ReservedCodeCacheSize=
#   JVM is running with Zero Based Compressed Oops mode in which the Java heap is
#     placed in the first 32GB address space. The Java Heap base address is the
#     maximum limit for the native heap growth. Please use -XX:HeapBaseMinAddress
#     to set the Java Heap base and to place the Java Heap above 32GB virtual address.
# This output file may be truncated or incomplete.
#
#  Out of Memory Error (arena.cpp:189), pid=32596, tid=22008
#
# JRE version: Java(TM) SE Runtime Environment (17.0.12+8) (build 17.0.12+8-LTS-286)
# Java VM: Java HotSpot(TM) 64-Bit Server VM (17.0.12+8-LTS-286, mixed mode, sharing, tiered, compressed oops, compressed class ptrs, g1 gc, windows-amd64)
# No core dump will be written. Minidumps are not enabled by default on client versions of Windows
#

---------------  S U M M A R Y ------------

Command Line: --module-path=C:\Users\omran\.m2\repository\org\openjfx\javafx-base\17.0.8\javafx-base-17.0.8-win.jar;C:\Users\omran\.m2\repository\org\openjfx\javafx-base\17.0.8\javafx-base-17.0.8.jar;C:\Users\omran\.m2\repository\org\openjfx\javafx-controls\17.0.8\javafx-controls-17.0.8-win.jar;C:\Users\omran\.m2\repository\org\openjfx\javafx-controls\17.0.8\javafx-controls-17.0.8.jar;C:\Users\omran\.m2\repository\org\openjfx\javafx-fxml\17.0.8\javafx-fxml-17.0.8-win.jar;C:\Users\omran\.m2\repository\org\openjfx\javafx-fxml\17.0.8\javafx-fxml-17.0.8.jar;C:\Users\omran\.m2\repository\org\openjfx\javafx-graphics\17.0.8\javafx-graphics-17.0.8-win.jar;C:\Users\omran\.m2\repository\org\openjfx\javafx-graphics\17.0.8\javafx-graphics-17.0.8.jar --add-modules=javafx.base,javafx.controls,javafx.fxml,javafx.graphics tn.esprit.main.Main

Host: 12th Gen Intel(R) Core(TM) i5-1235U, 12 cores, 15G,  Windows 11 , 64 bit Build 26100 (10.0.26100.3775)
Time: Tue May  6 22:11:57 2025 Afr. centrale Ouest elapsed time: 8949.311993 seconds (0d 2h 29m 9s)

---------------  T H R E A D  ---------------

Current thread (0x000002934f023c40):  JavaThread "C2 CompilerThread0" daemon [_thread_in_native, id=22008, stack(0x000000eac5b00000,0x000000eac5c00000)]


Current CompileTask:
C2:8949312 1496   !   4       jdk.internal.loader.BuiltinClassLoader::findResource (154 bytes)

Stack: [0x000000eac5b00000,0x000000eac5c00000]
Native frames: (J=compiled Java code, j=interpreted, Vv=VM code, C=native code)
V  [jvm.dll+0x67a04a]
V  [jvm.dll+0x7da4ed]
V  [jvm.dll+0x7dbe33]
V  [jvm.dll+0x7dc4a3]
V  [jvm.dll+0x24508f]
V  [jvm.dll+0xab773]
V  [jvm.dll+0xabd3c]
V  [jvm.dll+0xab884]
V  [jvm.dll+0x658e4c]
V  [jvm.dll+0x220f81]
V  [jvm.dll+0x217a63]
V  [jvm.dll+0x215b65]
V  [jvm.dll+0x1a2960]
V  [jvm.dll+0x22610b]
V  [jvm.dll+0x2242ab]
V  [jvm.dll+0x79075c]
V  [jvm.dll+0x78abea]
V  [jvm.dll+0x678f35]
C  [ucrtbase.dll+0x37b0]
C  [KERNEL32.DLL+0x2e8d7]
C  [ntdll.dll+0xb14fc]


---------------  P R O C E S S  ---------------

Threads class SMR info:
_java_thread_list=0x0000029350a019b0, length=18, elements={
0x00000293662ff610, 0x000002934f001090, 0x000002934f0034e0, 0x000002934f01ce00,
0x000002934f01f8d0, 0x000002934f020e00, 0x000002934f022330, 0x000002934f023c40,
0x000002934f025dd0, 0x000002934f02e7e0, 0x000002934f127ba0, 0x000002934f1b8db0,
0x000002934f4b22a0, 0x000002934feb3f10, 0x000002934fed67d0, 0x000002935033e160,
0x000002934fb499c0, 0x00000293505dfb10
}

Java Threads: ( => current thread )
  0x00000293662ff610 JavaThread "main" [_thread_blocked, id=25672, stack(0x000000eac4e00000,0x000000eac4f00000)]
  0x000002934f001090 JavaThread "Reference Handler" daemon [_thread_blocked, id=26680, stack(0x000000eac5500000,0x000000eac5600000)]
  0x000002934f0034e0 JavaThread "Finalizer" daemon [_thread_blocked, id=12500, stack(0x000000eac5600000,0x000000eac5700000)]
  0x000002934f01ce00 JavaThread "Signal Dispatcher" daemon [_thread_blocked, id=16964, stack(0x000000eac5700000,0x000000eac5800000)]
  0x000002934f01f8d0 JavaThread "Attach Listener" daemon [_thread_blocked, id=9968, stack(0x000000eac5800000,0x000000eac5900000)]
  0x000002934f020e00 JavaThread "Service Thread" daemon [_thread_blocked, id=13572, stack(0x000000eac5900000,0x000000eac5a00000)]
  0x000002934f022330 JavaThread "Monitor Deflation Thread" daemon [_thread_blocked, id=13056, stack(0x000000eac5a00000,0x000000eac5b00000)]
=>0x000002934f023c40 JavaThread "C2 CompilerThread0" daemon [_thread_in_native, id=22008, stack(0x000000eac5b00000,0x000000eac5c00000)]
  0x000002934f025dd0 JavaThread "C1 CompilerThread0" daemon [_thread_blocked, id=15680, stack(0x000000eac5c00000,0x000000eac5d00000)]
  0x000002934f02e7e0 JavaThread "Sweeper thread" daemon [_thread_blocked, id=4232, stack(0x000000eac5d00000,0x000000eac5e00000)]
  0x000002934f127ba0 JavaThread "Common-Cleaner" daemon [_thread_blocked, id=16708, stack(0x000000eac5e00000,0x000000eac5f00000)]
  0x000002934f1b8db0 JavaThread "Notification Thread" daemon [_thread_blocked, id=15388, stack(0x000000eac6100000,0x000000eac6200000)]
  0x000002934f4b22a0 JavaThread "QuantumRenderer-0" daemon [_thread_blocked, id=4884, stack(0x000000eac6300000,0x000000eac6400000)]
  0x000002934feb3f10 JavaThread "InvokeLaterDispatcher" daemon [_thread_blocked, id=31092, stack(0x000000eac6400000,0x000000eac6500000)]
  0x000002934fed67d0 JavaThread "JavaFX Application Thread" [_thread_in_native, id=28416, stack(0x000000eac6500000,0x000000eac6600000)]
  0x000002935033e160 JavaThread "JavaFX-Launcher" [_thread_blocked, id=15800, stack(0x000000eac7500000,0x000000eac7600000)]
  0x000002934fb499c0 JavaThread "Thread-2" daemon [_thread_in_native, id=8284, stack(0x000000eac6000000,0x000000eac6100000)]
  0x00000293505dfb10 JavaThread "mysql-cj-abandoned-connection-cleanup" daemon [_thread_blocked, id=27720, stack(0x000000eac7600000,0x000000eac7700000)]

Other Threads:
  0x000002937fccb620 VMThread "VM Thread" [stack: 0x000000eac5400000,0x000000eac5500000] [id=28504]
  0x00000293663863f0 WatcherThread [stack: 0x000000eac6200000,0x000000eac6300000] [id=32404]
  0x000002936636b620 GCTaskThread "GC Thread#0" [stack: 0x000000eac4f00000,0x000000eac5000000] [id=32548]
  0x000002934f181390 GCTaskThread "GC Thread#1" [stack: 0x000000eac7700000,0x000000eac7800000] [id=16112]
  0x000002934f180e10 GCTaskThread "GC Thread#2" [stack: 0x000000eac7800000,0x000000eac7900000] [id=17348]
  0x000002934f17f810 GCTaskThread "GC Thread#3" [stack: 0x000000eac7900000,0x000000eac7a00000] [id=31864]
  0x000002934f180b50 GCTaskThread "GC Thread#4" [stack: 0x000000eac7a00000,0x000000eac7b00000] [id=23872]
  0x000002934f180890 GCTaskThread "GC Thread#5" [stack: 0x000000eac7b00000,0x000000eac7c00000] [id=1492]
  0x000002936637d080 ConcurrentGCThread "G1 Main Marker" [stack: 0x000000eac5000000,0x000000eac5100000] [id=9180]
  0x000002936637e760 ConcurrentGCThread "G1 Conc#0" [stack: 0x000000eac5100000,0x000000eac5200000] [id=31332]
  0x000002937fb7ec50 ConcurrentGCThread "G1 Refine#0" [stack: 0x000000eac5200000,0x000000eac5300000] [id=33640]
  0x000002937fb80530 ConcurrentGCThread "G1 Service" [stack: 0x000000eac5300000,0x000000eac5400000] [id=22680]

Threads with active compile tasks:
C2 CompilerThread0  8950453 1496   !   4       jdk.internal.loader.BuiltinClassLoader::findResource (154 bytes)

VM state: not at safepoint (normal execution)

VM Mutex/Monitor currently owned by a thread: None

Heap address: 0x0000000705000000, size: 4016 MB, Compressed Oops mode: Zero based, Oop shift amount: 3

CDS archive(s) mapped at: [0x000002930a000000-0x000002930abd0000-0x000002930abd0000), size 12386304, SharedBaseAddress: 0x000002930a000000, ArchiveRelocationMode: 1.
Compressed class space mapped at: 0x000002930b000000-0x000002934b000000, reserved size: 1073741824
Narrow klass base: 0x000002930a000000, Narrow klass shift: 0, Narrow klass range: 0x100000000

GC Precious Log:
 CPUs: 12 total, 12 available
 Memory: 16057M
 Large Page Support: Disabled
 NUMA Support: Disabled
 Compressed Oops: Enabled (Zero based)
 Heap Region Size: 2M
 Heap Min Capacity: 8M
 Heap Initial Capacity: 252M
 Heap Max Capacity: 4016M
 Pre-touch: Disabled
 Parallel Workers: 10
 Concurrent Workers: 3
 Concurrent Refinement Workers: 10
 Periodic GC: Disabled

Heap:
 garbage-first heap   total 258048K, used 25925K [0x0000000705000000, 0x0000000800000000)
  region size 2048K, 14 young (28672K), 2 survivors (4096K)
 Metaspace       used 11745K, committed 11968K, reserved 1114112K
  class space    used 1435K, committed 1536K, reserved 1048576K

Heap Regions: E=young(eden), S=young(survivor), O=old, HS=humongous(starts), HC=humongous(continues), CS=collection set, F=free, OA=open archive, CA=closed archive, TAMS=top-at-mark-start (previous, next)
|   0|0x0000000705000000, 0x0000000705000000, 0x0000000705200000|  0%| F|  |TAMS 0x0000000705000000, 0x0000000705000000| Untracked 
|   1|0x0000000705200000, 0x0000000705200000, 0x0000000705400000|  0%| F|  |TAMS 0x0000000705200000, 0x0000000705200000| Untracked 
|   2|0x0000000705400000, 0x0000000705400000, 0x0000000705600000|  0%| F|  |TAMS 0x0000000705400000, 0x0000000705400000| Untracked 
|   3|0x0000000705600000, 0x0000000705600000, 0x0000000705800000|  0%| F|  |TAMS 0x0000000705600000, 0x0000000705600000| Untracked 
|   4|0x0000000705800000, 0x0000000705800000, 0x0000000705a00000|  0%| F|  |TAMS 0x0000000705800000, 0x0000000705800000| Untracked 
|   5|0x0000000705a00000, 0x0000000705a00000, 0x0000000705c00000|  0%| F|  |TAMS 0x0000000705a00000, 0x0000000705a00000| Untracked 
|   6|0x0000000705c00000, 0x0000000705c00000, 0x0000000705e00000|  0%| F|  |TAMS 0x0000000705c00000, 0x0000000705c00000| Untracked 
|   7|0x0000000705e00000, 0x0000000705e00000, 0x0000000706000000|  0%| F|  |TAMS 0x0000000705e00000, 0x0000000705e00000| Untracked 
|   8|0x0000000706000000, 0x0000000706000000, 0x0000000706200000|  0%| F|  |TAMS 0x0000000706000000, 0x0000000706000000| Untracked 
|   9|0x0000000706200000, 0x0000000706200000, 0x0000000706400000|  0%| F|  |TAMS 0x0000000706200000, 0x0000000706200000| Untracked 
|  10|0x0000000706400000, 0x0000000706400000, 0x0000000706600000|  0%| F|  |TAMS 0x0000000706400000, 0x0000000706400000| Untracked 
|  11|0x0000000706600000, 0x0000000706600000, 0x0000000706800000|  0%| F|  |TAMS 0x0000000706600000, 0x0000000706600000| Untracked 
|  12|0x0000000706800000, 0x0000000706800000, 0x0000000706a00000|  0%| F|  |TAMS 0x0000000706800000, 0x0000000706800000| Untracked 
|  13|0x0000000706a00000, 0x0000000706a00000, 0x0000000706c00000|  0%| F|  |TAMS 0x0000000706a00000, 0x0000000706a00000| Untracked 
|  14|0x0000000706c00000, 0x0000000706c00000, 0x0000000706e00000|  0%| F|  |TAMS 0x0000000706c00000, 0x0000000706c00000| Untracked 
|  15|0x0000000706e00000, 0x0000000706e00000, 0x0000000707000000|  0%| F|  |TAMS 0x0000000706e00000, 0x0000000706e00000| Untracked 
|  16|0x0000000707000000, 0x0000000707000000, 0x0000000707200000|  0%| F|  |TAMS 0x0000000707000000, 0x0000000707000000| Untracked 
|  17|0x0000000707200000, 0x0000000707200000, 0x0000000707400000|  0%| F|  |TAMS 0x0000000707200000, 0x0000000707200000| Untracked 
|  18|0x0000000707400000, 0x0000000707400000, 0x0000000707600000|  0%| F|  |TAMS 0x0000000707400000, 0x0000000707400000| Untracked 
|  19|0x0000000707600000, 0x0000000707600000, 0x0000000707800000|  0%| F|  |TAMS 0x0000000707600000, 0x0000000707600000| Untracked 
|  20|0x0000000707800000, 0x0000000707800000, 0x0000000707a00000|  0%| F|  |TAMS 0x0000000707800000, 0x0000000707800000| Untracked 
|  21|0x0000000707a00000, 0x0000000707a00000, 0x0000000707c00000|  0%| F|  |TAMS 0x0000000707a00000, 0x0000000707a00000| Untracked 
|  22|0x0000000707c00000, 0x0000000707c00000, 0x0000000707e00000|  0%| F|  |TAMS 0x0000000707c00000, 0x0000000707c00000| Untracked 
|  23|0x0000000707e00000, 0x0000000707e00000, 0x0000000708000000|  0%| F|  |TAMS 0x0000000707e00000, 0x0000000707e00000| Untracked 
|  24|0x0000000708000000, 0x0000000708000000, 0x0000000708200000|  0%| F|  |TAMS 0x0000000708000000, 0x0000000708000000| Untracked 
|  25|0x0000000708200000, 0x0000000708200000, 0x0000000708400000|  0%| F|  |TAMS 0x0000000708200000, 0x0000000708200000| Untracked 
|  26|0x0000000708400000, 0x0000000708400000, 0x0000000708600000|  0%| F|  |TAMS 0x0000000708400000, 0x0000000708400000| Untracked 
|  27|0x0000000708600000, 0x0000000708600000, 0x0000000708800000|  0%| F|  |TAMS 0x0000000708600000, 0x0000000708600000| Untracked 
|  28|0x0000000708800000, 0x0000000708800000, 0x0000000708a00000|  0%| F|  |TAMS 0x0000000708800000, 0x0000000708800000| Untracked 
|  29|0x0000000708a00000, 0x0000000708a00000, 0x0000000708c00000|  0%| F|  |TAMS 0x0000000708a00000, 0x0000000708a00000| Untracked 
|  30|0x0000000708c00000, 0x0000000708c00000, 0x0000000708e00000|  0%| F|  |TAMS 0x0000000708c00000, 0x0000000708c00000| Untracked 
|  31|0x0000000708e00000, 0x0000000708e00000, 0x0000000709000000|  0%| F|  |TAMS 0x0000000708e00000, 0x0000000708e00000| Untracked 
|  32|0x0000000709000000, 0x0000000709000000, 0x0000000709200000|  0%| F|  |TAMS 0x0000000709000000, 0x0000000709000000| Untracked 
|  33|0x0000000709200000, 0x0000000709200000, 0x0000000709400000|  0%| F|  |TAMS 0x0000000709200000, 0x0000000709200000| Untracked 
|  34|0x0000000709400000, 0x0000000709400000, 0x0000000709600000|  0%| F|  |TAMS 0x0000000709400000, 0x0000000709400000| Untracked 
|  35|0x0000000709600000, 0x0000000709600000, 0x0000000709800000|  0%| F|  |TAMS 0x0000000709600000, 0x0000000709600000| Untracked 
|  36|0x0000000709800000, 0x0000000709800000, 0x0000000709a00000|  0%| F|  |TAMS 0x0000000709800000, 0x0000000709800000| Untracked 
|  37|0x0000000709a00000, 0x0000000709a00000, 0x0000000709c00000|  0%| F|  |TAMS 0x0000000709a00000, 0x0000000709a00000| Untracked 
|  38|0x0000000709c00000, 0x0000000709c00000, 0x0000000709e00000|  0%| F|  |TAMS 0x0000000709c00000, 0x0000000709c00000| Untracked 
|  39|0x0000000709e00000, 0x0000000709e00000, 0x000000070a000000|  0%| F|  |TAMS 0x0000000709e00000, 0x0000000709e00000| Untracked 
|  40|0x000000070a000000, 0x000000070a000000, 0x000000070a200000|  0%| F|  |TAMS 0x000000070a000000, 0x000000070a000000| Untracked 
|  41|0x000000070a200000, 0x000000070a200000, 0x000000070a400000|  0%| F|  |TAMS 0x000000070a200000, 0x000000070a200000| Untracked 
|  42|0x000000070a400000, 0x000000070a400000, 0x000000070a600000|  0%| F|  |TAMS 0x000000070a400000, 0x000000070a400000| Untracked 
|  43|0x000000070a600000, 0x000000070a600000, 0x000000070a800000|  0%| F|  |TAMS 0x000000070a600000, 0x000000070a600000| Untracked 
|  44|0x000000070a800000, 0x000000070a800000, 0x000000070aa00000|  0%| F|  |TAMS 0x000000070a800000, 0x000000070a800000| Untracked 
|  45|0x000000070aa00000, 0x000000070aa00000, 0x000000070ac00000|  0%| F|  |TAMS 0x000000070aa00000, 0x000000070aa00000| Untracked 
|  46|0x000000070ac00000, 0x000000070ac00000, 0x000000070ae00000|  0%| F|  |TAMS 0x000000070ac00000, 0x000000070ac00000| Untracked 
|  47|0x000000070ae00000, 0x000000070ae00000, 0x000000070b000000|  0%| F|  |TAMS 0x000000070ae00000, 0x000000070ae00000| Untracked 
|  48|0x000000070b000000, 0x000000070b000000, 0x000000070b200000|  0%| F|  |TAMS 0x000000070b000000, 0x000000070b000000| Untracked 
|  49|0x000000070b200000, 0x000000070b200000, 0x000000070b400000|  0%| F|  |TAMS 0x000000070b200000, 0x000000070b200000| Untracked 
|  50|0x000000070b400000, 0x000000070b400000, 0x000000070b600000|  0%| F|  |TAMS 0x000000070b400000, 0x000000070b400000| Untracked 
|  51|0x000000070b600000, 0x000000070b600000, 0x000000070b800000|  0%| F|  |TAMS 0x000000070b600000, 0x000000070b600000| Untracked 
|  52|0x000000070b800000, 0x000000070b800000, 0x000000070ba00000|  0%| F|  |TAMS 0x000000070b800000, 0x000000070b800000| Untracked 
|  53|0x000000070ba00000, 0x000000070ba00000, 0x000000070bc00000|  0%| F|  |TAMS 0x000000070ba00000, 0x000000070ba00000| Untracked 
|  54|0x000000070bc00000, 0x000000070bc00000, 0x000000070be00000|  0%| F|  |TAMS 0x000000070bc00000, 0x000000070bc00000| Untracked 
|  55|0x000000070be00000, 0x000000070be00000, 0x000000070c000000|  0%| F|  |TAMS 0x000000070be00000, 0x000000070be00000| Untracked 
|  56|0x000000070c000000, 0x000000070c000000, 0x000000070c200000|  0%| F|  |TAMS 0x000000070c000000, 0x000000070c000000| Untracked 
|  57|0x000000070c200000, 0x000000070c200000, 0x000000070c400000|  0%| F|  |TAMS 0x000000070c200000, 0x000000070c200000| Untracked 
|  58|0x000000070c400000, 0x000000070c400000, 0x000000070c600000|  0%| F|  |TAMS 0x000000070c400000, 0x000000070c400000| Untracked 
|  59|0x000000070c600000, 0x000000070c600000, 0x000000070c800000|  0%| F|  |TAMS 0x000000070c600000, 0x000000070c600000| Untracked 
|  60|0x000000070c800000, 0x000000070c800000, 0x000000070ca00000|  0%| F|  |TAMS 0x000000070c800000, 0x000000070c800000| Untracked 
|  61|0x000000070ca00000, 0x000000070ca00000, 0x000000070cc00000|  0%| F|  |TAMS 0x000000070ca00000, 0x000000070ca00000| Untracked 
|  62|0x000000070cc00000, 0x000000070cc00000, 0x000000070ce00000|  0%| F|  |TAMS 0x000000070cc00000, 0x000000070cc00000| Untracked 
|  63|0x000000070ce00000, 0x000000070ce00000, 0x000000070d000000|  0%| F|  |TAMS 0x000000070ce00000, 0x000000070ce00000| Untracked 
|  64|0x000000070d000000, 0x000000070d000000, 0x000000070d200000|  0%| F|  |TAMS 0x000000070d000000, 0x000000070d000000| Untracked 
|  65|0x000000070d200000, 0x000000070d200000, 0x000000070d400000|  0%| F|  |TAMS 0x000000070d200000, 0x000000070d200000| Untracked 
|  66|0x000000070d400000, 0x000000070d400000, 0x000000070d600000|  0%| F|  |TAMS 0x000000070d400000, 0x000000070d400000| Untracked 
|  67|0x000000070d600000, 0x000000070d600000, 0x000000070d800000|  0%| F|  |TAMS 0x000000070d600000, 0x000000070d600000| Untracked 
|  68|0x000000070d800000, 0x000000070d800000, 0x000000070da00000|  0%| F|  |TAMS 0x000000070d800000, 0x000000070d800000| Untracked 
|  69|0x000000070da00000, 0x000000070da00000, 0x000000070dc00000|  0%| F|  |TAMS 0x000000070da00000, 0x000000070da00000| Untracked 
|  70|0x000000070dc00000, 0x000000070dc00000, 0x000000070de00000|  0%| F|  |TAMS 0x000000070dc00000, 0x000000070dc00000| Untracked 
|  71|0x000000070de00000, 0x000000070de00000, 0x000000070e000000|  0%| F|  |TAMS 0x000000070de00000, 0x000000070de00000| Untracked 
|  72|0x000000070e000000, 0x000000070e000000, 0x000000070e200000|  0%| F|  |TAMS 0x000000070e000000, 0x000000070e000000| Untracked 
|  73|0x000000070e200000, 0x000000070e200000, 0x000000070e400000|  0%| F|  |TAMS 0x000000070e200000, 0x000000070e200000| Untracked 
|  74|0x000000070e400000, 0x000000070e400000, 0x000000070e600000|  0%| F|  |TAMS 0x000000070e400000, 0x000000070e400000| Untracked 
|  75|0x000000070e600000, 0x000000070e600000, 0x000000070e800000|  0%| F|  |TAMS 0x000000070e600000, 0x000000070e600000| Untracked 
|  76|0x000000070e800000, 0x000000070e800000, 0x000000070ea00000|  0%| F|  |TAMS 0x000000070e800000, 0x000000070e800000| Untracked 
|  77|0x000000070ea00000, 0x000000070ea00000, 0x000000070ec00000|  0%| F|  |TAMS 0x000000070ea00000, 0x000000070ea00000| Untracked 
|  78|0x000000070ec00000, 0x000000070ec00000, 0x000000070ee00000|  0%| F|  |TAMS 0x000000070ec00000, 0x000000070ec00000| Untracked 
|  79|0x000000070ee00000, 0x000000070ee00000, 0x000000070f000000|  0%| F|  |TAMS 0x000000070ee00000, 0x000000070ee00000| Untracked 
|  80|0x000000070f000000, 0x000000070f000000, 0x000000070f200000|  0%| F|  |TAMS 0x000000070f000000, 0x000000070f000000| Untracked 
|  81|0x000000070f200000, 0x000000070f200000, 0x000000070f400000|  0%| F|  |TAMS 0x000000070f200000, 0x000000070f200000| Untracked 
|  82|0x000000070f400000, 0x000000070f400000, 0x000000070f600000|  0%| F|  |TAMS 0x000000070f400000, 0x000000070f400000| Untracked 
|  83|0x000000070f600000, 0x000000070f600000, 0x000000070f800000|  0%| F|  |TAMS 0x000000070f600000, 0x000000070f600000| Untracked 
|  84|0x000000070f800000, 0x000000070f800000, 0x000000070fa00000|  0%| F|  |TAMS 0x000000070f800000, 0x000000070f800000| Untracked 
|  85|0x000000070fa00000, 0x000000070fa00000, 0x000000070fc00000|  0%| F|  |TAMS 0x000000070fa00000, 0x000000070fa00000| Untracked 
|  86|0x000000070fc00000, 0x000000070fc00000, 0x000000070fe00000|  0%| F|  |TAMS 0x000000070fc00000, 0x000000070fc00000| Untracked 
|  87|0x000000070fe00000, 0x000000070fe00000, 0x0000000710000000|  0%| F|  |TAMS 0x000000070fe00000, 0x000000070fe00000| Untracked 
|  88|0x0000000710000000, 0x0000000710000000, 0x0000000710200000|  0%| F|  |TAMS 0x0000000710000000, 0x0000000710000000| Untracked 
|  89|0x0000000710200000, 0x0000000710200000, 0x0000000710400000|  0%| F|  |TAMS 0x0000000710200000, 0x0000000710200000| Untracked 
|  90|0x0000000710400000, 0x0000000710400000, 0x0000000710600000|  0%| F|  |TAMS 0x0000000710400000, 0x0000000710400000| Untracked 
|  91|0x0000000710600000, 0x0000000710600000, 0x0000000710800000|  0%| F|  |TAMS 0x0000000710600000, 0x0000000710600000| Untracked 
|  92|0x0000000710800000, 0x0000000710800000, 0x0000000710a00000|  0%| F|  |TAMS 0x0000000710800000, 0x0000000710800000| Untracked 
|  93|0x0000000710a00000, 0x0000000710a00000, 0x0000000710c00000|  0%| F|  |TAMS 0x0000000710a00000, 0x0000000710a00000| Untracked 
|  94|0x0000000710c00000, 0x0000000710c00000, 0x0000000710e00000|  0%| F|  |TAMS 0x0000000710c00000, 0x0000000710c00000| Untracked 
|  95|0x0000000710e00000, 0x0000000710e00000, 0x0000000711000000|  0%| F|  |TAMS 0x0000000710e00000, 0x0000000710e00000| Untracked 
|  96|0x0000000711000000, 0x0000000711000000, 0x0000000711200000|  0%| F|  |TAMS 0x0000000711000000, 0x0000000711000000| Untracked 
|  97|0x0000000711200000, 0x0000000711200000, 0x0000000711400000|  0%| F|  |TAMS 0x0000000711200000, 0x0000000711200000| Untracked 
|  98|0x0000000711400000, 0x0000000711400000, 0x0000000711600000|  0%| F|  |TAMS 0x0000000711400000, 0x0000000711400000| Untracked 
|  99|0x0000000711600000, 0x0000000711600000, 0x0000000711800000|  0%| F|  |TAMS 0x0000000711600000, 0x0000000711600000| Untracked 
| 100|0x0000000711800000, 0x0000000711800000, 0x0000000711a00000|  0%| F|  |TAMS 0x0000000711800000, 0x0000000711800000| Untracked 
| 101|0x0000000711a00000, 0x0000000711a00000, 0x0000000711c00000|  0%| F|  |TAMS 0x0000000711a00000, 0x0000000711a00000| Untracked 
| 102|0x0000000711c00000, 0x0000000711c00000, 0x0000000711e00000|  0%| F|  |TAMS 0x0000000711c00000, 0x0000000711c00000| Untracked 
| 103|0x0000000711e00000, 0x0000000711e00000, 0x0000000712000000|  0%| F|  |TAMS 0x0000000711e00000, 0x0000000711e00000| Untracked 
| 104|0x0000000712000000, 0x0000000712000000, 0x0000000712200000|  0%| F|  |TAMS 0x0000000712000000, 0x0000000712000000| Untracked 
| 105|0x0000000712200000, 0x0000000712200000, 0x0000000712400000|  0%| F|  |TAMS 0x0000000712200000, 0x0000000712200000| Untracked 
| 106|0x0000000712400000, 0x0000000712400000, 0x0000000712600000|  0%| F|  |TAMS 0x0000000712400000, 0x0000000712400000| Untracked 
| 107|0x0000000712600000, 0x0000000712600000, 0x0000000712800000|  0%| F|  |TAMS 0x0000000712600000, 0x0000000712600000| Untracked 
| 108|0x0000000712800000, 0x0000000712800000, 0x0000000712a00000|  0%| F|  |TAMS 0x0000000712800000, 0x0000000712800000| Untracked 
| 109|0x0000000712a00000, 0x0000000712a00000, 0x0000000712c00000|  0%| F|  |TAMS 0x0000000712a00000, 0x0000000712a00000| Untracked 
| 110|0x0000000712c00000, 0x0000000712c00000, 0x0000000712e00000|  0%| F|  |TAMS 0x0000000712c00000, 0x0000000712c00000| Untracked 
| 111|0x0000000712e00000, 0x0000000712e00000, 0x0000000713000000|  0%| F|  |TAMS 0x0000000712e00000, 0x0000000712e00000| Untracked 
| 112|0x0000000713000000, 0x00000007131713a0, 0x0000000713200000| 72%| E|  |TAMS 0x0000000713000000, 0x0000000713000000| Complete 
| 113|0x0000000713200000, 0x00000007133514e0, 0x0000000713400000| 65%| S|CS|TAMS 0x0000000713200000, 0x0000000713200000| Complete 
| 114|0x0000000713400000, 0x0000000713600000, 0x0000000713600000|100%| S|CS|TAMS 0x0000000713400000, 0x0000000713400000| Complete 
| 115|0x0000000713600000, 0x0000000713800000, 0x0000000713800000|100%| E|CS|TAMS 0x0000000713600000, 0x0000000713600000| Complete 
| 116|0x0000000713800000, 0x0000000713a00000, 0x0000000713a00000|100%| E|CS|TAMS 0x0000000713800000, 0x0000000713800000| Complete 
| 117|0x0000000713a00000, 0x0000000713c00000, 0x0000000713c00000|100%| E|CS|TAMS 0x0000000713a00000, 0x0000000713a00000| Complete 
| 118|0x0000000713c00000, 0x0000000713e00000, 0x0000000713e00000|100%| E|CS|TAMS 0x0000000713c00000, 0x0000000713c00000| Complete 
| 119|0x0000000713e00000, 0x0000000714000000, 0x0000000714000000|100%| E|CS|TAMS 0x0000000713e00000, 0x0000000713e00000| Complete 
| 120|0x0000000714000000, 0x0000000714200000, 0x0000000714200000|100%| E|CS|TAMS 0x0000000714000000, 0x0000000714000000| Complete 
| 121|0x0000000714200000, 0x0000000714400000, 0x0000000714400000|100%| E|CS|TAMS 0x0000000714200000, 0x0000000714200000| Complete 
| 122|0x0000000714400000, 0x0000000714600000, 0x0000000714600000|100%| E|CS|TAMS 0x0000000714400000, 0x0000000714400000| Complete 
| 123|0x0000000714600000, 0x0000000714800000, 0x0000000714800000|100%| E|CS|TAMS 0x0000000714600000, 0x0000000714600000| Complete 
| 124|0x0000000714800000, 0x0000000714a00000, 0x0000000714a00000|100%| E|CS|TAMS 0x0000000714800000, 0x0000000714800000| Complete 
| 125|0x0000000714a00000, 0x0000000714c00000, 0x0000000714c00000|100%| E|CS|TAMS 0x0000000714a00000, 0x0000000714a00000| Complete 

Card table byte_map: [0x000002937e060000,0x000002937e840000] _byte_map_base: 0x000002937a838000

Marking Bits (Prev, Next): (CMBitMap*) 0x000002936636cc50, (CMBitMap*) 0x000002936636cc90
 Prev Bits: [0x0000029300000000, 0x0000029303ec0000)
 Next Bits: [0x0000029303ec0000, 0x0000029307d80000)

Polling page: 0x0000029364a60000

Metaspace:

Usage:
  Non-class:     10.07 MB used.
      Class:      1.40 MB used.
       Both:     11.47 MB used.

Virtual space:
  Non-class space:       64.00 MB reserved,      10.19 MB ( 16%) committed,  1 nodes.
      Class space:        1.00 GB reserved,       1.50 MB ( <1%) committed,  1 nodes.
             Both:        1.06 GB reserved,      11.69 MB (  1%) committed. 

Chunk freelists:
   Non-Class:  5.52 MB
       Class:  14.50 MB
        Both:  20.02 MB

MaxMetaspaceSize: unlimited
CompressedClassSpaceSize: 1.00 GB
Initial GC threshold: 21.00 MB
Current GC threshold: 21.00 MB
CDS: on
MetaspaceReclaimPolicy: balanced
 - commit_granule_bytes: 65536.
 - commit_granule_words: 8192.
 - virtual_space_node_default_size: 8388608.
 - enlarge_chunks_in_place: 1.
 - new_chunks_are_fully_committed: 0.
 - uncommit_free_chunks: 1.
 - use_allocation_guard: 0.
 - handle_deallocations: 1.


Internal statistics:

num_allocs_failed_limit: 0.
num_arena_births: 138.
num_arena_deaths: 0.
num_vsnodes_births: 2.
num_vsnodes_deaths: 0.
num_space_committed: 187.
num_space_uncommitted: 0.
num_chunks_returned_to_freelist: 0.
num_chunks_taken_from_freelist: 473.
num_chunk_merges: 0.
num_chunk_splits: 334.
num_chunks_enlarged: 256.
num_inconsistent_stats: 0.

CodeHeap 'non-profiled nmethods': size=120000Kb used=657Kb max_used=657Kb free=119342Kb
 bounds [0x00000293756c0000, 0x0000029375930000, 0x000002937cbf0000]
CodeHeap 'profiled nmethods': size=120000Kb used=2646Kb max_used=2646Kb free=117354Kb
 bounds [0x000002936dbf0000, 0x000002936de90000, 0x0000029375120000]
CodeHeap 'non-nmethods': size=5760Kb used=1280Kb max_used=1353Kb free=4479Kb
 bounds [0x0000029375120000, 0x0000029375390000, 0x00000293756c0000]
 total_blobs=2103 nmethods=1495 adapters=521
 compilation: enabled
              stopped_count=0, restarted_count=0
 full_count=0

Compilation events (20 events):
Event: 1272.428 Thread 0x000002934f025dd0 nmethod 1486 0x000002936de82110 code [0x000002936de823c0, 0x000002936de833a8]
Event: 1277.442 Thread 0x000002934f025dd0 1487   !   3       com.mysql.cj.jdbc.AbandonedConnectionCleanupThread::checkThreadContextClassLoader (20 bytes)
Event: 1277.443 Thread 0x000002934f025dd0 nmethod 1487 0x000002936de83790 code [0x000002936de83a20, 0x000002936de84958]
Event: 2659.000 Thread 0x000002934f023c40 1488       4       java.io.WinNTFileSystem::normalize (143 bytes)
Event: 2659.040 Thread 0x000002934f023c40 nmethod 1488 0x0000029375761310 code [0x00000293757614c0, 0x0000029375761788]
Event: 3109.661 Thread 0x000002934f023c40 1489       4       sun.net.www.ParseUtil::firstEncodeIndex (86 bytes)
Event: 3109.670 Thread 0x000002934f023c40 nmethod 1489 0x0000029375761a10 code [0x0000029375761ba0, 0x0000029375761d98]
Event: 4381.682 Thread 0x000002934f025dd0 1490   !   3       jdk.internal.ref.PhantomCleanable::isListEmpty (34 bytes)
Event: 4381.688 Thread 0x000002934f025dd0 nmethod 1490 0x000002936de84f10 code [0x000002936de850a0, 0x000002936de852f8]
Event: 4381.689 Thread 0x000002934f025dd0 1491       3       jdk.internal.misc.InnocuousThread::eraseThreadLocals (23 bytes)
Event: 4381.694 Thread 0x000002934f025dd0 nmethod 1491 0x000002936de85410 code [0x000002936de855a0, 0x000002936de85798]
Event: 6828.932 Thread 0x000002934f023c40 1492       4       java.lang.ref.SoftReference::get (29 bytes)
Event: 6828.966 Thread 0x000002934f023c40 nmethod 1492 0x0000029375761f90 code [0x0000029375762100, 0x00000293757621f8]
Event: 8756.896 Thread 0x000002934f023c40 1493       4       jdk.internal.module.Resources::toPackageName (39 bytes)
Event: 8756.980 Thread 0x000002934f023c40 nmethod 1493 0x0000029375762290 code [0x0000029375762420, 0x0000029375762638]
Event: 8912.113 Thread 0x000002934f023c40 1494       4       java.lang.String::regionMatches (150 bytes)
Event: 8912.225 Thread 0x000002934f023c40 nmethod 1494 0x0000029375762810 code [0x00000293757629c0, 0x00000293757630b8]
Event: 8937.170 Thread 0x000002934f023c40 1495   !   4       jdk.internal.loader.BuiltinClassLoader::findMiscResource (122 bytes)
Event: 8937.245 Thread 0x000002934f023c40 nmethod 1495 0x0000029375763590 code [0x0000029375763740, 0x0000029375763fb8]
Event: 8947.175 Thread 0x000002934f023c40 1496   !   4       jdk.internal.loader.BuiltinClassLoader::findResource (154 bytes)

GC Heap History (2 events):
Event: 0.651 GC heap before
{Heap before GC invocations=0 (full 0):
 garbage-first heap   total 258048K, used 20480K [0x0000000705000000, 0x0000000800000000)
  region size 2048K, 11 young (22528K), 0 survivors (0K)
 Metaspace       used 4863K, committed 5056K, reserved 1114112K
  class space    used 553K, committed 640K, reserved 1048576K
}
Event: 0.656 GC heap after
{Heap after GC invocations=1 (full 0):
 garbage-first heap   total 258048K, used 3397K [0x0000000705000000, 0x0000000800000000)
  region size 2048K, 2 young (4096K), 2 survivors (4096K)
 Metaspace       used 4863K, committed 5056K, reserved 1114112K
  class space    used 553K, committed 640K, reserved 1048576K
}

Deoptimization events (20 events):
Event: 1.004 Thread 0x000002934fed67d0 Uncommon trap: trap_request=0xffffff45 fr.pc=0x000002937573f950 relative=0x0000000000000510
Event: 1.004 Thread 0x000002934fed67d0 Uncommon trap: reason=unstable_if action=reinterpret pc=0x000002937573f950 method=java.util.HashMap.getNode(Ljava/lang/Object;)Ljava/util/HashMap$Node; @ 85 c2
Event: 1.004 Thread 0x000002934fed67d0 DEOPT PACKING pc=0x000002937573f950 sp=0x000000eac65fcd60
Event: 1.004 Thread 0x000002934fed67d0 DEOPT UNPACKING pc=0x00000293751723a3 sp=0x000000eac65fcc80 mode 2
Event: 1.066 Thread 0x000002934fed67d0 Uncommon trap: trap_request=0xffffff45 fr.pc=0x00000293756f60f4 relative=0x0000000000000074
Event: 1.066 Thread 0x000002934fed67d0 Uncommon trap: reason=unstable_if action=reinterpret pc=0x00000293756f60f4 method=jdk.internal.misc.Unsafe.convEndian(ZI)I @ 4 c2
Event: 1.067 Thread 0x000002934fed67d0 DEOPT PACKING pc=0x00000293756f60f4 sp=0x000000eac65fd570
Event: 1.067 Thread 0x000002934fed67d0 DEOPT UNPACKING pc=0x00000293751723a3 sp=0x000000eac65fd4a0 mode 2
Event: 1.069 Thread 0x000002934fed67d0 Uncommon trap: trap_request=0xffffffc6 fr.pc=0x000002937571fe3c relative=0x000000000000055c
Event: 1.069 Thread 0x000002934fed67d0 Uncommon trap: reason=bimorphic_or_optimized_type_check action=maybe_recompile pc=0x000002937571fe3c method=java.util.concurrent.ConcurrentHashMap.get(Ljava/lang/Object;)Ljava/lang/Object; @ 149 c2
Event: 1.069 Thread 0x000002934fed67d0 DEOPT PACKING pc=0x000002937571fe3c sp=0x000000eac65fd1c0
Event: 1.069 Thread 0x000002934fed67d0 DEOPT UNPACKING pc=0x00000293751723a3 sp=0x000000eac65fd160 mode 2
Event: 1.069 Thread 0x000002934fed67d0 Uncommon trap: trap_request=0xffffffc6 fr.pc=0x000002937571fe3c relative=0x000000000000055c
Event: 1.069 Thread 0x000002934fed67d0 Uncommon trap: reason=bimorphic_or_optimized_type_check action=maybe_recompile pc=0x000002937571fe3c method=java.util.concurrent.ConcurrentHashMap.get(Ljava/lang/Object;)Ljava/lang/Object; @ 149 c2
Event: 1.069 Thread 0x000002934fed67d0 DEOPT PACKING pc=0x000002937571fe3c sp=0x000000eac65fd020
Event: 1.069 Thread 0x000002934fed67d0 DEOPT UNPACKING pc=0x00000293751723a3 sp=0x000000eac65fcfb0 mode 2
Event: 1.073 Thread 0x000002934fed67d0 Uncommon trap: trap_request=0xffffffc6 fr.pc=0x000002937571fe3c relative=0x000000000000055c
Event: 1.073 Thread 0x000002934fed67d0 Uncommon trap: reason=bimorphic_or_optimized_type_check action=maybe_recompile pc=0x000002937571fe3c method=java.util.concurrent.ConcurrentHashMap.get(Ljava/lang/Object;)Ljava/lang/Object; @ 149 c2
Event: 1.073 Thread 0x000002934fed67d0 DEOPT PACKING pc=0x000002937571fe3c sp=0x000000eac65fd3b0
Event: 1.073 Thread 0x000002934fed67d0 DEOPT UNPACKING pc=0x00000293751723a3 sp=0x000000eac65fd350 mode 2

Classes unloaded (0 events):
No events

Classes redefined (0 events):
No events

Internal exceptions (20 events):
Event: 0.163 Thread 0x00000293662ff610 Exception <a 'java/lang/NoSuchMethodError'{0x00000007144f2c48}: 'java.lang.Object java.lang.invoke.DirectMethodHandle$Holder.invokeStaticInit(java.lang.Object)'> (0x00000007144f2c48) 
thrown [s\open\src\hotspot\share\interpreter\linkResolver.cpp, line 759]
Event: 0.166 Thread 0x00000293662ff610 Exception <a 'java/lang/NoSuchMethodError'{0x00000007144fa838}: 'void java.lang.invoke.DirectMethodHandle$Holder.invokeStatic(java.lang.Object, java.lang.Object)'> (0x00000007144fa838) 
thrown [s\open\src\hotspot\share\interpreter\linkResolver.cpp, line 759]
Event: 0.388 Thread 0x00000293662ff610 Exception <a 'java/lang/NoSuchMethodError'{0x0000000713ee2248}: 'void java.lang.invoke.DirectMethodHandle$Holder.invokeSpecial(java.lang.Object, java.lang.Object, java.lang.Object)'> (0x0000000713ee2248) 
thrown [s\open\src\hotspot\share\interpreter\linkResolver.cpp, line 759]
Event: 0.396 Thread 0x00000293662ff610 Exception <a 'java/lang/NoSuchMethodError'{0x0000000713f191c8}: 'void java.lang.invoke.DirectMethodHandle$Holder.invokeStatic(java.lang.Object, java.lang.Object, java.lang.Object)'> (0x0000000713f191c8) 
thrown [s\open\src\hotspot\share\interpreter\linkResolver.cpp, line 759]
Event: 0.448 Thread 0x00000293662ff610 Exception <a 'java/lang/NoSuchMethodError'{0x0000000713f35cf8}: 'int java.lang.invoke.DirectMethodHandle$Holder.invokeStaticInit(java.lang.Object, java.lang.Object, java.lang.Object)'> (0x0000000713f35cf8) 
thrown [s\open\src\hotspot\share\interpreter\linkResolver.cpp, line 759]
Event: 0.467 Thread 0x00000293662ff610 Exception <a 'java/lang/NoSuchMethodError'{0x0000000713c68818}: 'java.lang.Object java.lang.invoke.DirectMethodHandle$Holder.newInvokeSpecial(java.lang.Object, java.lang.Object, int, java.lang.Object)'> (0x0000000713c68818) 
thrown [s\open\src\hotspot\share\interpreter\linkResolver.cpp, line 759]
Event: 0.468 Thread 0x00000293662ff610 Exception <a 'java/lang/NoSuchMethodError'{0x0000000713c6cbf8}: 'java.lang.Object java.lang.invoke.DirectMethodHandle$Holder.invokeSpecial(java.lang.Object, java.lang.Object, java.lang.Object, int, java.lang.Object)'> (0x0000000713c6cbf8) 
thrown [s\open\src\hotspot\share\interpreter\linkResolver.cpp, line 759]
Event: 0.565 Thread 0x000002934fed67d0 Exception <a 'java/lang/NoSuchMethodError'{0x0000000713b8c108}: 'void java.lang.invoke.DirectMethodHandle$Holder.invokeStaticInit(java.lang.Object)'> (0x0000000713b8c108) 
thrown [s\open\src\hotspot\share\interpreter\linkResolver.cpp, line 759]
Event: 0.567 Thread 0x00000293662ff610 Exception <a 'java/lang/NoSuchMethodError'{0x0000000713cf2b60}: 'java.lang.Object java.lang.invoke.DirectMethodHandle$Holder.newInvokeSpecial(java.lang.Object, java.lang.Object, java.lang.Object, java.lang.Object, java.lang.Object, java.lang.Object)'> (0x0000000713cf2b60) 
thrown [s\open\src\hotspot\share\interpreter\linkResolver.cpp, line 759]
Event: 0.573 Thread 0x00000293662ff610 Exception <a 'java/lang/NoSuchMethodError'{0x0000000713d23158}: 'java.lang.Object java.lang.invoke.DirectMethodHandle$Holder.newInvokeSpecial(java.lang.Object, java.lang.Object, java.lang.Object, java.lang.Object, java.lang.Object)'> (0x0000000713d23158) 
thrown [s\open\src\hotspot\share\interpreter\linkResolver.cpp, line 759]
Event: 0.574 Thread 0x000002935033e160 Exception <a 'java/lang/NoSuchMethodError'{0x0000000713bd0a18}: 'void java.lang.invoke.DirectMethodHandle$Holder.invokeStatic(java.lang.Object, java.lang.Object, java.lang.Object, java.lang.Object)'> (0x0000000713bd0a18) 
thrown [s\open\src\hotspot\share\interpreter\linkResolver.cpp, line 759]
Event: 0.630 Thread 0x000002934fed67d0 Exception <a 'java/lang/NoSuchMethodError'{0x0000000713779db8}: 'java.lang.Object java.lang.invoke.DirectMethodHandle$Holder.invokeInterface(java.lang.Object, java.lang.Object)'> (0x0000000713779db8) 
thrown [s\open\src\hotspot\share\interpreter\linkResolver.cpp, line 759]
Event: 0.658 Thread 0x000002934fed67d0 Exception <a 'java/lang/NoSuchMethodError'{0x0000000714b18f58}: 'java.lang.Object java.lang.invoke.DirectMethodHandle$Holder.invokeVirtual(java.lang.Object, java.lang.Object, java.lang.Object)'> (0x0000000714b18f58) 
thrown [s\open\src\hotspot\share\interpreter\linkResolver.cpp, line 759]
Event: 0.890 Thread 0x000002934fed67d0 Exception <a 'java/lang/NoSuchMethodError'{0x000000071411e300}: 'java.lang.Object java.lang.invoke.DirectMethodHandle$Holder.invokeStaticInit(java.lang.Object, java.lang.Object, java.lang.Object, java.lang.Object)'> (0x000000071411e300) 
thrown [s\open\src\hotspot\share\interpreter\linkResolver.cpp, line 759]
Event: 0.892 Thread 0x000002934fed67d0 Exception <a 'java/lang/NullPointerException'{0x0000000714129fc8}> (0x0000000714129fc8) 
thrown [s\open\src\hotspot\share\interpreter\linkResolver.cpp, line 1350]
Event: 0.928 Thread 0x000002934fed67d0 Exception <a 'java/lang/ClassNotFoundException'{0x0000000713f7f360}: com/sun/glass/ui/win/themes> (0x0000000713f7f360) 
thrown [s\open\src\hotspot\share\prims\jni.cpp, line 535]
Event: 0.929 Thread 0x000002934fed67d0 Exception <a 'java/lang/ClassNotFoundException'{0x0000000713f8afd8}: com/sun/glass/ui/win/themes_fr> (0x0000000713f8afd8) 
thrown [s\open\src\hotspot\share\prims\jni.cpp, line 535]
Event: 0.929 Thread 0x000002934fed67d0 Exception <a 'java/lang/ClassNotFoundException'{0x0000000713f930a0}: com/sun/glass/ui/win/themes_fr_FR> (0x0000000713f930a0) 
thrown [s\open\src\hotspot\share\prims\jni.cpp, line 535]
Event: 1.030 Thread 0x000002934fed67d0 Exception <a 'java/lang/NoSuchMethodError'{0x00000007138a74f8}: 'void java.lang.invoke.DirectMethodHandle$Holder.invokeStaticInit(java.lang.Object, java.lang.Object)'> (0x00000007138a74f8) 
thrown [s\open\src\hotspot\share\interpreter\linkResolver.cpp, line 759]
Event: 1.036 Thread 0x000002934fed67d0 Exception <a 'java/lang/NoSuchMethodError'{0x0000000713995f18}: 'void java.lang.invoke.DirectMethodHandle$Holder.invokeSpecial(java.lang.Object, java.lang.Object, java.lang.Object, java.lang.Object, java.lang.Object)'> (0x0000000713995f18) 
thrown [s\open\src\hotspot\share\interpreter\linkResolver.cpp, line 759]

VM Operations (20 events):
Event: 0.614 Executing VM operation: ICBufferFull
Event: 0.614 Executing VM operation: ICBufferFull done
Event: 0.631 Executing VM operation: HandshakeAllThreads
Event: 0.631 Executing VM operation: HandshakeAllThreads done
Event: 0.651 Executing VM operation: G1CollectForAllocation
Event: 0.656 Executing VM operation: G1CollectForAllocation done
Event: 0.719 Executing VM operation: HandshakeAllThreads
Event: 0.719 Executing VM operation: HandshakeAllThreads done
Event: 1.062 Executing VM operation: HandshakeAllThreads
Event: 1.062 Executing VM operation: HandshakeAllThreads done
Event: 2.063 Executing VM operation: Cleanup
Event: 2.063 Executing VM operation: Cleanup done
Event: 60.084 Executing VM operation: HandshakeAllThreads
Event: 60.084 Executing VM operation: HandshakeAllThreads done
Event: 616.751 Executing VM operation: Cleanup
Event: 616.751 Executing VM operation: Cleanup done
Event: 1052.422 Executing VM operation: Cleanup
Event: 1052.423 Executing VM operation: Cleanup done
Event: 1243.235 Executing VM operation: Cleanup
Event: 1243.235 Executing VM operation: Cleanup done

Events (20 events):
Event: 1.065 loading class sun/reflect/annotation/AnnotationTypeMismatchExceptionProxy done
Event: 1.066 loading class java/lang/annotation/Target
Event: 1.066 loading class java/lang/annotation/Target done
Event: 1.068 loading class java/lang/reflect/UndeclaredThrowableException
Event: 1.068 loading class java/lang/reflect/UndeclaredThrowableException done
Event: 1.070 loading class java/lang/Class$AnnotationData
Event: 1.070 loading class java/lang/Class$AnnotationData done
Event: 1.074 loading class jdk/internal/reflect/UnsafeFieldAccessorFactory
Event: 1.074 loading class jdk/internal/reflect/UnsafeFieldAccessorFactory done
Event: 1.074 loading class jdk/internal/reflect/UnsafeObjectFieldAccessorImpl
Event: 1.074 loading class jdk/internal/reflect/UnsafeObjectFieldAccessorImpl done
Event: 1.087 loading class com/sun/org/apache/xerces/internal/impl/XMLStreamReaderImpl$1
Event: 1.087 loading class javax/xml/stream/Location
Event: 1.087 loading class javax/xml/stream/Location done
Event: 1.087 loading class com/sun/org/apache/xerces/internal/impl/XMLStreamReaderImpl$1 done
Event: 1.088 loading class java/lang/Throwable$WrappedPrintStream
Event: 1.088 loading class java/lang/Throwable$PrintStreamOrWriter
Event: 1.088 loading class java/lang/Throwable$PrintStreamOrWriter done
Event: 1.088 loading class java/lang/Throwable$WrappedPrintStream done
Event: 2.443 Thread 0x000002934f1b9e70 Thread exited: 0x000002934f1b9e70


Dynamic libraries:
0x00007ff7e2160000 - 0x00007ff7e2170000 	C:\Program Files\Java\jdk-17\bin\java.exe
0x00007ff81d300000 - 0x00007ff81d560000 	C:\WINDOWS\SYSTEM32\ntdll.dll
0x00007ff81ba20000 - 0x00007ff81bae7000 	C:\WINDOWS\System32\KERNEL32.DLL
0x00007ff81a8a0000 - 0x00007ff81ac6a000 	C:\WINDOWS\System32\KERNELBASE.dll
0x00007ff81a750000 - 0x00007ff81a89b000 	C:\WINDOWS\System32\ucrtbase.dll
0x00007ffff4790000 - 0x00007ffff47a9000 	C:\Program Files\Java\jdk-17\bin\jli.dll
0x00007ffff3280000 - 0x00007ffff329b000 	C:\Program Files\Java\jdk-17\bin\VCRUNTIME140.dll
0x00007ff81c3c0000 - 0x00007ff81c472000 	C:\WINDOWS\System32\ADVAPI32.dll
0x00007ff81ccc0000 - 0x00007ff81cd69000 	C:\WINDOWS\System32\msvcrt.dll
0x00007ff81bdb0000 - 0x00007ff81be56000 	C:\WINDOWS\System32\sechost.dll
0x00007ff81ce30000 - 0x00007ff81cf46000 	C:\WINDOWS\System32\RPCRT4.dll
0x00007ff81be60000 - 0x00007ff81c02c000 	C:\WINDOWS\System32\USER32.dll
0x00007ff81a5a0000 - 0x00007ff81a5c7000 	C:\WINDOWS\System32\win32u.dll
0x00007ffff49a0000 - 0x00007ffff4c37000 	C:\WINDOWS\WinSxS\amd64_microsoft.windows.common-controls_6595b64144ccf1df_6.0.26100.3624_none_3e086962e3345f24\COMCTL32.dll
0x00007ff81b9f0000 - 0x00007ff81ba1a000 	C:\WINDOWS\System32\GDI32.dll
0x00007ff81af20000 - 0x00007ff81b051000 	C:\WINDOWS\System32\gdi32full.dll
0x00007ff81ae70000 - 0x00007ff81af13000 	C:\WINDOWS\System32\msvcp_win.dll
0x00007ff808340000 - 0x00007ff80834b000 	C:\WINDOWS\SYSTEM32\VERSION.dll
0x00007ff81cc80000 - 0x00007ff81ccaf000 	C:\WINDOWS\System32\IMM32.DLL
0x00007ff817710000 - 0x00007ff81771c000 	C:\Program Files\Java\jdk-17\bin\vcruntime140_1.dll
0x00007fffda360000 - 0x00007fffda3ee000 	C:\Program Files\Java\jdk-17\bin\msvcp140.dll
0x00007fffbf4e0000 - 0x00007fffc00c0000 	C:\Program Files\Java\jdk-17\bin\server\jvm.dll
0x00007ff81d220000 - 0x00007ff81d228000 	C:\WINDOWS\System32\PSAPI.DLL
0x00007ffff38c0000 - 0x00007ffff38ca000 	C:\WINDOWS\SYSTEM32\WSOCK32.dll
0x00007ff80f5f0000 - 0x00007ff80f626000 	C:\WINDOWS\SYSTEM32\WINMM.dll
0x00007ff81bd30000 - 0x00007ff81bda4000 	C:\WINDOWS\System32\WS2_32.dll
0x00007ff8192c0000 - 0x00007ff8192da000 	C:\WINDOWS\SYSTEM32\kernel.appcore.dll
0x00007ff8160f0000 - 0x00007ff8160fa000 	C:\Program Files\Java\jdk-17\bin\jimage.dll
0x00007ff817c90000 - 0x00007ff817ed1000 	C:\WINDOWS\SYSTEM32\DBGHELP.DLL
0x00007ff81c030000 - 0x00007ff81c3b2000 	C:\WINDOWS\System32\combase.dll
0x00007ff81bc50000 - 0x00007ff81bd26000 	C:\WINDOWS\System32\OLEAUT32.dll
0x00007ffff4870000 - 0x00007ffff48a9000 	C:\WINDOWS\SYSTEM32\dbgcore.DLL
0x00007ff81b060000 - 0x00007ff81b0f9000 	C:\WINDOWS\System32\bcryptPrimitives.dll
0x00007fffef190000 - 0x00007fffef1b5000 	C:\Program Files\Java\jdk-17\bin\java.dll
0x00007fffd9c60000 - 0x00007fffd9d37000 	C:\Program Files\Java\jdk-17\bin\jsvml.dll
0x00007ff81b1c0000 - 0x00007ff81b8e9000 	C:\WINDOWS\System32\SHELL32.dll
0x00007ff81ac70000 - 0x00007ff81add8000 	C:\WINDOWS\System32\wintypes.dll
0x00007ff818140000 - 0x00007ff818992000 	C:\WINDOWS\SYSTEM32\windows.storage.dll
0x00007ff81cf50000 - 0x00007ff81d03d000 	C:\WINDOWS\System32\SHCORE.dll
0x00007ff81cdc0000 - 0x00007ff81ce24000 	C:\WINDOWS\System32\shlwapi.dll
0x00007ff81a3f0000 - 0x00007ff81a41f000 	C:\WINDOWS\SYSTEM32\profapi.dll
0x00007ffff1330000 - 0x00007ffff1349000 	C:\Program Files\Java\jdk-17\bin\net.dll
0x00007ff810f30000 - 0x00007ff81104d000 	C:\WINDOWS\SYSTEM32\WINHTTP.dll
0x00007ff8197c0000 - 0x00007ff81982a000 	C:\WINDOWS\system32\mswsock.dll
0x00007fffee8d0000 - 0x00007fffee8e6000 	C:\Program Files\Java\jdk-17\bin\nio.dll
0x00007fffee7a0000 - 0x00007fffee7b8000 	C:\Program Files\Java\jdk-17\bin\zip.dll
0x0000029309ed0000 - 0x0000029309ed3000 	C:\Users\omran\.openjfx\cache\17.0.8\api-ms-win-core-console-l1-1-0.dll
0x0000029309ee0000 - 0x0000029309ee3000 	C:\Users\omran\.openjfx\cache\17.0.8\api-ms-win-core-console-l1-2-0.dll
0x0000029309ef0000 - 0x0000029309ef3000 	C:\Users\omran\.openjfx\cache\17.0.8\api-ms-win-core-datetime-l1-1-0.dll
0x0000029309f00000 - 0x0000029309f03000 	C:\Users\omran\.openjfx\cache\17.0.8\api-ms-win-core-debug-l1-1-0.dll
0x0000029309f10000 - 0x0000029309f13000 	C:\Users\omran\.openjfx\cache\17.0.8\api-ms-win-core-errorhandling-l1-1-0.dll
0x0000029309f20000 - 0x0000029309f24000 	C:\Users\omran\.openjfx\cache\17.0.8\api-ms-win-core-file-l1-1-0.dll
0x0000029309f30000 - 0x0000029309f33000 	C:\Users\omran\.openjfx\cache\17.0.8\api-ms-win-core-file-l1-2-0.dll
0x0000029309f40000 - 0x0000029309f43000 	C:\Users\omran\.openjfx\cache\17.0.8\api-ms-win-core-file-l2-1-0.dll
0x0000029309f50000 - 0x0000029309f53000 	C:\Users\omran\.openjfx\cache\17.0.8\api-ms-win-core-handle-l1-1-0.dll
0x0000029309f60000 - 0x0000029309f63000 	C:\Users\omran\.openjfx\cache\17.0.8\api-ms-win-core-heap-l1-1-0.dll
0x0000029309f70000 - 0x0000029309f73000 	C:\Users\omran\.openjfx\cache\17.0.8\api-ms-win-core-interlocked-l1-1-0.dll
0x0000029309f80000 - 0x0000029309f83000 	C:\Users\omran\.openjfx\cache\17.0.8\api-ms-win-core-libraryloader-l1-1-0.dll
0x0000029309f90000 - 0x0000029309f93000 	C:\Users\omran\.openjfx\cache\17.0.8\api-ms-win-core-localization-l1-2-0.dll
0x0000029309fa0000 - 0x0000029309fa3000 	C:\Users\omran\.openjfx\cache\17.0.8\api-ms-win-core-memory-l1-1-0.dll
0x0000029309fb0000 - 0x0000029309fb3000 	C:\Users\omran\.openjfx\cache\17.0.8\api-ms-win-core-namedpipe-l1-1-0.dll
0x0000029309fc0000 - 0x0000029309fc3000 	C:\Users\omran\.openjfx\cache\17.0.8\api-ms-win-core-processenvironment-l1-1-0.dll
0x0000029309fd0000 - 0x0000029309fd3000 	C:\Users\omran\.openjfx\cache\17.0.8\api-ms-win-core-processthreads-l1-1-0.dll
0x0000029309fe0000 - 0x0000029309fe3000 	C:\Users\omran\.openjfx\cache\17.0.8\api-ms-win-core-processthreads-l1-1-1.dll
0x0000029309ff0000 - 0x0000029309ff3000 	C:\Users\omran\.openjfx\cache\17.0.8\api-ms-win-core-profile-l1-1-0.dll
0x000002934fc00000 - 0x000002934fc03000 	C:\Users\omran\.openjfx\cache\17.0.8\api-ms-win-core-rtlsupport-l1-1-0.dll
0x000002934fc10000 - 0x000002934fc13000 	C:\Users\omran\.openjfx\cache\17.0.8\api-ms-win-core-string-l1-1-0.dll
0x000002934fc20000 - 0x000002934fc23000 	C:\Users\omran\.openjfx\cache\17.0.8\api-ms-win-core-synch-l1-1-0.dll
0x000002934fc30000 - 0x000002934fc33000 	C:\Users\omran\.openjfx\cache\17.0.8\api-ms-win-core-synch-l1-2-0.dll
0x000002934fc40000 - 0x000002934fc43000 	C:\Users\omran\.openjfx\cache\17.0.8\api-ms-win-core-sysinfo-l1-1-0.dll
0x000002934fc50000 - 0x000002934fc53000 	C:\Users\omran\.openjfx\cache\17.0.8\api-ms-win-core-timezone-l1-1-0.dll
0x000002934fc60000 - 0x000002934fc63000 	C:\Users\omran\.openjfx\cache\17.0.8\api-ms-win-core-util-l1-1-0.dll
0x000002934fc70000 - 0x000002934fc73000 	C:\Users\omran\.openjfx\cache\17.0.8\api-ms-win-crt-conio-l1-1-0.dll
0x000002934fc80000 - 0x000002934fc84000 	C:\Users\omran\.openjfx\cache\17.0.8\api-ms-win-crt-convert-l1-1-0.dll
0x000002934fc90000 - 0x000002934fc93000 	C:\Users\omran\.openjfx\cache\17.0.8\api-ms-win-crt-environment-l1-1-0.dll
0x000002934fca0000 - 0x000002934fca3000 	C:\Users\omran\.openjfx\cache\17.0.8\api-ms-win-crt-filesystem-l1-1-0.dll
0x000002934fcb0000 - 0x000002934fcb3000 	C:\Users\omran\.openjfx\cache\17.0.8\api-ms-win-crt-heap-l1-1-0.dll
0x000002934fcc0000 - 0x000002934fcc3000 	C:\Users\omran\.openjfx\cache\17.0.8\api-ms-win-crt-locale-l1-1-0.dll
0x000002934fcd0000 - 0x000002934fcd5000 	C:\Users\omran\.openjfx\cache\17.0.8\api-ms-win-crt-math-l1-1-0.dll
0x000002934fce0000 - 0x000002934fce5000 	C:\Users\omran\.openjfx\cache\17.0.8\api-ms-win-crt-multibyte-l1-1-0.dll
0x000002934fcf0000 - 0x000002934fd00000 	C:\Users\omran\.openjfx\cache\17.0.8\api-ms-win-crt-private-l1-1-0.dll
0x000002934fd00000 - 0x000002934fd03000 	C:\Users\omran\.openjfx\cache\17.0.8\api-ms-win-crt-process-l1-1-0.dll
0x000002934fd10000 - 0x000002934fd14000 	C:\Users\omran\.openjfx\cache\17.0.8\api-ms-win-crt-runtime-l1-1-0.dll
0x000002934fd20000 - 0x000002934fd24000 	C:\Users\omran\.openjfx\cache\17.0.8\api-ms-win-crt-stdio-l1-1-0.dll
0x000002934fd30000 - 0x000002934fd34000 	C:\Users\omran\.openjfx\cache\17.0.8\api-ms-win-crt-string-l1-1-0.dll
0x000002934fd40000 - 0x000002934fd43000 	C:\Users\omran\.openjfx\cache\17.0.8\api-ms-win-crt-time-l1-1-0.dll
0x000002934fd50000 - 0x000002934fd53000 	C:\Users\omran\.openjfx\cache\17.0.8\api-ms-win-crt-utility-l1-1-0.dll
0x00007fffcea80000 - 0x00007fffceb7c000 	C:\Users\omran\.openjfx\cache\17.0.8\ucrtbase.dll
0x00007fffee200000 - 0x00007fffee21b000 	C:\Users\omran\.openjfx\cache\17.0.8\vcruntime140.dll
0x00007ffff7240000 - 0x00007ffff724c000 	C:\Users\omran\.openjfx\cache\17.0.8\vcruntime140_1.dll
0x00007fffde290000 - 0x00007fffde31e000 	C:\Users\omran\.openjfx\cache\17.0.8\msvcp140.dll
0x00007fffee1f0000 - 0x00007fffee1f9000 	C:\Users\omran\.openjfx\cache\17.0.8\msvcp140_1.dll
0x00007fffee1c0000 - 0x00007fffee1f0000 	C:\Users\omran\.openjfx\cache\17.0.8\msvcp140_2.dll
0x00007fffde210000 - 0x00007fffde23a000 	C:\Users\omran\.openjfx\cache\17.0.8\prism_d3d.dll
0x00007fffc8360000 - 0x00007fffc850c000 	C:\WINDOWS\system32\d3d9.dll
0x00007ff8150e0000 - 0x00007ff815116000 	C:\WINDOWS\SYSTEM32\dwmapi.dll
0x00007ff814b10000 - 0x00007ff814b57000 	C:\WINDOWS\SYSTEM32\dxcore.dll
0x00007ff8149c0000 - 0x00007ff814a6e000 	C:\WINDOWS\system32\uxtheme.dll
0x00007fffc80e0000 - 0x00007fffc8356000 	C:\WINDOWS\System32\DriverStore\FileRepository\iigd_dch.inf_amd64_7ada4fd940b8a5ca\igdumdim64.dll
0x00007ff81c480000 - 0x00007ff81c616000 	C:\WINDOWS\System32\ole32.dll
0x00007fff8da90000 - 0x00007fff8efcc000 	C:\WINDOWS\System32\DriverStore\FileRepository\iigd_dch.inf_amd64_7ada4fd940b8a5ca\igd9trinity64.dll
0x00007ff814d80000 - 0x00007ff814eae000 	C:\WINDOWS\system32\dxgi.dll
0x00007ff814b60000 - 0x00007ff814bbe000 	C:\WINDOWS\SYSTEM32\directxdatabasehelper.dll
0x00007ff81a020000 - 0x00007ff81a07f000 	C:\WINDOWS\SYSTEM32\cfgmgr32.dll
0x00007ff80d6d0000 - 0x00007ff80db12000 	C:\WINDOWS\System32\DriverStore\FileRepository\iigd_dch.inf_amd64_7ada4fd940b8a5ca\igdgmm64.dll
0x00007ff80d6a0000 - 0x00007ff80d6c6000 	C:\WINDOWS\System32\DriverStore\FileRepository\iigd_dch.inf_amd64_7ada4fd940b8a5ca\igc64.dll
0x00007ff816140000 - 0x00007ff81618d000 	C:\WINDOWS\SYSTEM32\ControlLib.dll
0x00007ff80de70000 - 0x00007ff80df0d000 	C:\WINDOWS\System32\DriverStore\FileRepository\iigd_dch.inf_amd64_7ada4fd940b8a5ca\IntelControlLib.dll
0x00007fff8c560000 - 0x00007fff8da89000 	C:\WINDOWS\System32\DriverStore\FileRepository\iigd_dch.inf_amd64_7ada4fd940b8a5ca\igd9dxva64.dll
0x00007ff81c620000 - 0x00007ff81caa6000 	C:\WINDOWS\System32\SETUPAPI.dll
0x00007ffffb850000 - 0x00007ffffd57e000 	C:\WINDOWS\System32\DriverStore\FileRepository\iigd_dch.inf_amd64_7ada4fd940b8a5ca\media_bin_64.dll
0x00007fffda310000 - 0x00007fffda352000 	C:\Users\omran\.openjfx\cache\17.0.8\glass.dll
0x00007ff81cac0000 - 0x00007ff81cbb4000 	C:\WINDOWS\System32\COMDLG32.dll
0x00007ff81baf0000 - 0x00007ff81bc4d000 	C:\WINDOWS\System32\MSCTF.dll
0x00007ff809660000 - 0x00007ff80d5f9000 	C:\WINDOWS\System32\DriverStore\FileRepository\iigd_dch.inf_amd64_7ada4fd940b8a5ca\igc1464.dll
0x00007fffc7f90000 - 0x00007fffc80d9000 	C:\WINDOWS\System32\DriverStore\FileRepository\iigd_dch.inf_amd64_7ada4fd940b8a5ca\igdml64.dll
0x00007ff800070000 - 0x00007ff800099000 	C:\WINDOWS\System32\DriverStore\FileRepository\iigd_dch.inf_amd64_7ada4fd940b8a5ca\igdinfo64.dll
0x00007ff818d50000 - 0x00007ff818e75000 	C:\WINDOWS\SYSTEM32\DNSAPI.dll
0x00007ff818cc0000 - 0x00007ff818cf3000 	C:\WINDOWS\SYSTEM32\IPHLPAPI.DLL
0x00007ff81b1b0000 - 0x00007ff81b1ba000 	C:\WINDOWS\System32\NSI.dll
0x00007ff810aa0000 - 0x00007ff810aab000 	C:\Windows\System32\rasadhlp.dll
0x00007ff811d90000 - 0x00007ff811e15000 	C:\WINDOWS\System32\fwpuclnt.dll
0x00007fffde270000 - 0x00007fffde284000 	C:\Users\omran\.openjfx\cache\17.0.8\javafx_font.dll

dbghelp: loaded successfully - version: 4.0.5 - missing functions: none
symbol engine: initialized successfully - sym options: 0x614 - pdb path: .;C:\Program Files\Java\jdk-17\bin;C:\WINDOWS\SYSTEM32;C:\WINDOWS\WinSxS\amd64_microsoft.windows.common-controls_6595b64144ccf1df_6.0.26100.3624_none_3e086962e3345f24;C:\Program Files\Java\jdk-17\bin\server;C:\Users\omran\.openjfx\cache\17.0.8;C:\WINDOWS\System32\DriverStore\FileRepository\iigd_dch.inf_amd64_7ada4fd940b8a5ca

VM Arguments:
jvm_args: --module-path=C:\Users\omran\.m2\repository\org\openjfx\javafx-base\17.0.8\javafx-base-17.0.8-win.jar;C:\Users\omran\.m2\repository\org\openjfx\javafx-base\17.0.8\javafx-base-17.0.8.jar;C:\Users\omran\.m2\repository\org\openjfx\javafx-controls\17.0.8\javafx-controls-17.0.8-win.jar;C:\Users\omran\.m2\repository\org\openjfx\javafx-controls\17.0.8\javafx-controls-17.0.8.jar;C:\Users\omran\.m2\repository\org\openjfx\javafx-fxml\17.0.8\javafx-fxml-17.0.8-win.jar;C:\Users\omran\.m2\repository\org\openjfx\javafx-fxml\17.0.8\javafx-fxml-17.0.8.jar;C:\Users\omran\.m2\repository\org\openjfx\javafx-graphics\17.0.8\javafx-graphics-17.0.8-win.jar;C:\Users\omran\.m2\repository\org\openjfx\javafx-graphics\17.0.8\javafx-graphics-17.0.8.jar --add-modules=javafx.base,javafx.controls,javafx.fxml,javafx.graphics 
java_command: tn.esprit.main.Main
java_class_path (initial): C:\Users\omran\OneDrive\Bureau\gryffpi\target\classes;C:\Users\omran\.m2\repository\com\beust\jcommander\1.82\jcommander-1.82.jar;C:\Users\omran\.m2\repository\com\github\jai-imageio\jai-imageio-core\1.4.0\jai-imageio-core-1.4.0.jar;C:\Users\omran\.m2\repository\com\google\protobuf\protobuf-java\3.21.9\protobuf-java-3.21.9.jar;C:\Users\omran\.m2\repository\com\google\zxing\core\3.5.3\core-3.5.3.jar;C:\Users\omran\.m2\repository\com\google\zxing\javase\3.5.3\javase-3.5.3.jar;C:\Users\omran\.m2\repository\com\mysql\mysql-connector-j\8.0.33\mysql-connector-j-8.0.33.jar
Launcher Type: SUN_STANDARD

[Global flags]
     intx CICompilerCount                          = 4                                         {product} {ergonomic}
     uint ConcGCThreads                            = 3                                         {product} {ergonomic}
     uint G1ConcRefinementThreads                  = 10                                        {product} {ergonomic}
   size_t G1HeapRegionSize                         = 2097152                                   {product} {ergonomic}
    uintx GCDrainStackTargetSize                   = 64                                        {product} {ergonomic}
   size_t InitialHeapSize                          = 264241152                                 {product} {ergonomic}
   size_t MarkStackSize                            = 4194304                                   {product} {ergonomic}
   size_t MaxHeapSize                              = 4211081216                                {product} {ergonomic}
   size_t MaxNewSize                               = 2524971008                                {product} {ergonomic}
   size_t MinHeapDeltaBytes                        = 2097152                                   {product} {ergonomic}
   size_t MinHeapSize                              = 8388608                                   {product} {ergonomic}
    uintx NonNMethodCodeHeapSize                   = 5839372                                {pd product} {ergonomic}
    uintx NonProfiledCodeHeapSize                  = 122909434                              {pd product} {ergonomic}
    uintx ProfiledCodeHeapSize                     = 122909434                              {pd product} {ergonomic}
    uintx ReservedCodeCacheSize                    = 251658240                              {pd product} {ergonomic}
     bool SegmentedCodeCache                       = true                                      {product} {ergonomic}
   size_t SoftMaxHeapSize                          = 4211081216                             {manageable} {ergonomic}
     bool UseCompressedClassPointers               = true                           {product lp64_product} {ergonomic}
     bool UseCompressedOops                        = true                           {product lp64_product} {ergonomic}
     bool UseG1GC                                  = true                                      {product} {ergonomic}
     bool UseLargePagesIndividualAllocation        = false                                  {pd product} {ergonomic}

Logging:
Log output configuration:
 #0: stdout all=warning uptime,level,tags
 #1: stderr all=off uptime,level,tags

Environment Variables:
PATH=C:\Program Files\Common Files\Oracle\Java\javapath;C:\oraclexe\app\oracle\product\11.2.0\server\bin;C:\WINDOWS\system32;C:\WINDOWS;C:\WINDOWS\System32\Wbem;C:\WINDOWS\System32\WindowsPowerShell\v1.0\;C:\WINDOWS\System32\OpenSSH\;C:\msys64\mingw64\bin;C:\Program Files\Git\cmd;C:\Program Files\Java\jdk-17\bin;C:\Users\omran\AppData\Local\Microsoft\WindowsApps;C:\Users\omran\AppData\Local\Programs\Microsoft VS Code\bin;C:\Program Files\Java\jdk-17\bin;;C:\Program Files\JetBrains\IntelliJ IDEA 2024.3.2\bin;
USERNAME=omran
OS=Windows_NT
PROCESSOR_IDENTIFIER=Intel64 Family 6 Model 154 Stepping 4, GenuineIntel



---------------  S Y S T E M  ---------------

OS:
 Windows 11 , 64 bit Build 26100 (10.0.26100.3775)
OS uptime: 11 days 8:09 hours
Hyper-V role detected

CPU: total 12 (initial active 12) (6 cores per cpu, 2 threads per core) family 6 model 154 stepping 4 microcode 0x435, cx8, cmov, fxsr, ht, mmx, 3dnowpref, sse, sse2, sse3, ssse3, sse4.1, sse4.2, popcnt, lzcnt, tsc, tscinvbit, avx, avx2, aes, erms, clmul, bmi1, bmi2, adx, sha, fma, vzeroupper, clflush, clflushopt, clwb, hv

Memory: 4k page, system-wide physical 16057M (702M free)
TotalPageFile size 46455M (AvailPageFile size 0M)
current process WorkingSet (physical memory assigned to process): 16M, peak: 217M
current process commit charge ("private bytes"): 474M, peak: 495M

vm_info: Java HotSpot(TM) 64-Bit Server VM (17.0.12+8-LTS-286) for windows-amd64 JRE (17.0.12+8-LTS-286), built on Jun  5 2024 06:46:59 by "mach5one" with MS VC++ 17.6 (VS2022)

END.
