#
# There is insufficient memory for the Java Runtime Environment to continue.
# Native memory allocation (malloc) failed to allocate 1991056 bytes for Chunk::new
# Possible reasons:
#   The system is out of physical RAM or swap space
#   The process is running with CompressedOops enabled, and the Java Heap may be blocking the growth of the native heap
# Possible solutions:
#   Reduce memory load on the system
#   Increase physical memory or swap space
#   Check if swap backing store is full
#   Decrease Java heap size (-Xmx/-Xms)
#   Decrease number of Java threads
#
#   Windows 11 , 64 bit Build 26100 (10.0.26100.3775)
Time: Tue May  6 22:15:28 2025 Afr. centrale Ouest elapsed time: 6.697697 seconds (0d 0h 0m 6s)

---------------  T H R E A D  ---------------

Current thread (0x00000235ff094e80):  JavaThread "C2 CompilerThread0" daemon [_thread_in_native, id=11600, stack(0x000000c408200000,0x000000c408300000)]


Current CompileTask:
C2:   6697 4307   !   4       com.google.inject.spi.InjectionPoint::getInjectionPoints (491 bytes)

Stack: [0x000000c408200000,0x000000c408300000]
Native frames: (J=compiled Java code, j=interpreted, Vv=VM code, C=native code)
V  [jvm.dll+0x67a04a]
V  [jvm.dll+0x7da4ed]
V  [jvm.dll+0x7dbe33]
V  [jvm.dll+0x7dc4a3]
V  [jvm.dll+0x24508f]
V  [jvm.dll+0xab773]
V  [jvm.dll+0xabd3c]
V  [jvm.dll+0x361b9f]
V  [jvm.dll+0x32c431]
V  [jvm.dll+0x32b8ca]
V  [jvm.dll+0x21683f]
V  [jvm.dll+0x215c6f]
V  [jvm.dll+0x1a2960]
V  [jvm.dll+0x22610b]
V  [jvm.dll+0x2242ab]
V  [jvm.dll+0x79075c]
V  [jvm.dll+0x78abea]
V  [jvm.dll+0x678f35]
C  [ucrtbase.dll+0x37b0]
C  [KERNEL32.DLL+0x2e8d7]
C  [ntdll.dll+0xb14fc]


---------------  P R O C E S S  ---------------

Threads class SMR info:
_java_thread_list=0x00000235e705e2d0, length=14, elements={
0x00000235fa86cc40, 0x00000235ff076f90, 0x00000235ff07a780, 0x00000235ff08d1b0,
0x00000235ff08d780, 0x00000235ff08e8c0, 0x00000235ff092ea0, 0x00000235ff094e80,
0x00000235ff095540, 0x00000235ff095b50, 0x00000235a0675770, 0x00000235a0733ef0,
0x00000235a0728e50, 0x00000235e6fd0340
}

Java Threads: ( => current thread )
  0x00000235fa86cc40 JavaThread "main" [_thread_blocked, id=1012, stack(0x000000c407500000,0x000000c407600000)]
  0x00000235ff076f90 JavaThread "Reference Handler" daemon [_thread_blocked, id=21340, stack(0x000000c407c00000,0x000000c407d00000)]
  0x00000235ff07a780 JavaThread "Finalizer" daemon [_thread_blocked, id=4324, stack(0x000000c407d00000,0x000000c407e00000)]
  0x00000235ff08d1b0 JavaThread "Signal Dispatcher" daemon [_thread_blocked, id=36280, stack(0x000000c407e00000,0x000000c407f00000)]
  0x00000235ff08d780 JavaThread "Attach Listener" daemon [_thread_blocked, id=31020, stack(0x000000c407f00000,0x000000c408000000)]
  0x00000235ff08e8c0 JavaThread "Service Thread" daemon [_thread_blocked, id=19340, stack(0x000000c408000000,0x000000c408100000)]
  0x00000235ff092ea0 JavaThread "Monitor Deflation Thread" daemon [_thread_blocked, id=32792, stack(0x000000c408100000,0x000000c408200000)]
=>0x00000235ff094e80 JavaThread "C2 CompilerThread0" daemon [_thread_in_native, id=11600, stack(0x000000c408200000,0x000000c408300000)]
  0x00000235ff095540 JavaThread "C1 CompilerThread0" daemon [_thread_blocked, id=884, stack(0x000000c408300000,0x000000c408400000)]
  0x00000235ff095b50 JavaThread "Sweeper thread" daemon [_thread_blocked, id=36768, stack(0x000000c408400000,0x000000c408500000)]
  0x00000235a0675770 JavaThread "Common-Cleaner" daemon [_thread_blocked, id=25672, stack(0x000000c408500000,0x000000c408600000)]
  0x00000235a0733ef0 JavaThread "Monitor Ctrl-Break" daemon [_thread_in_native, id=25168, stack(0x000000c408600000,0x000000c408700000)]
  0x00000235a0728e50 JavaThread "Notification Thread" daemon [_thread_blocked, id=33500, stack(0x000000c408700000,0x000000c408800000)]
  0x00000235e6fd0340 JavaThread "Thread-1" daemon [_thread_blocked, id=23580, stack(0x000000c409300000,0x000000c409400000)]

Other Threads:
  0x00000235ff072980 VMThread "VM Thread" [stack: 0x000000c407b00000,0x000000c407c00000] [id=19768]
  0x00000235fa907750 WatcherThread [stack: 0x000000c408800000,0x000000c408900000] [id=23260]
  0x00000235fa8dab30 GCTaskThread "GC Thread#0" [stack: 0x000000c407600000,0x000000c407700000] [id=34924]
  0x00000235e69c68a0 GCTaskThread "GC Thread#1" [stack: 0x000000c408b00000,0x000000c408c00000] [id=18496]
  0x00000235e70bd510 GCTaskThread "GC Thread#2" [stack: 0x000000c408c00000,0x000000c408d00000] [id=34068]
  0x00000235e70bd7d0 GCTaskThread "GC Thread#3" [stack: 0x000000c408d00000,0x000000c408e00000] [id=3808]
  0x00000235e6d09f30 GCTaskThread "GC Thread#4" [stack: 0x000000c408e00000,0x000000c408f00000] [id=12176]
  0x00000235a096c870 GCTaskThread "GC Thread#5" [stack: 0x000000c408f00000,0x000000c409000000] [id=16168]
  0x00000235e6ce2ce0 GCTaskThread "GC Thread#6" [stack: 0x000000c409000000,0x000000c409100000] [id=36472]
  0x00000235e6b2db70 GCTaskThread "GC Thread#7" [stack: 0x000000c409100000,0x000000c409200000] [id=36264]
  0x00000235e6b2de30 GCTaskThread "GC Thread#8" [stack: 0x000000c409200000,0x000000c409300000] [id=32784]
  0x00000235fa8ec6f0 ConcurrentGCThread "G1 Main Marker" [stack: 0x000000c407700000,0x000000c407800000] [id=34952]
  0x00000235fa8efb30 ConcurrentGCThread "G1 Conc#0" [stack: 0x000000c407800000,0x000000c407900000] [id=34364]
  0x00000235fa93e0d0 ConcurrentGCThread "G1 Refine#0" [stack: 0x000000c407900000,0x000000c407a00000] [id=7688]
  0x00000235fa93e5b0 ConcurrentGCThread "G1 Service" [stack: 0x000000c407a00000,0x000000c407b00000] [id=36584]

Threads with active compile tasks:
C2 CompilerThread0     6741 4307   !   4       com.google.inject.spi.InjectionPoint::getInjectionPoints (491 bytes)

VM state: not at safepoint (normal execution)

VM Mutex/Monitor currently owned by a thread: None

Heap address: 0x0000000705000000, size: 4016 MB, Compressed Oops mode: Zero based, Oop shift amount: 3

CDS archive(s) mapped at: [0x00000235a1000000-0x00000235a1bd0000-0x00000235a1bd0000), size 12386304, SharedBaseAddress: 0x00000235a1000000, ArchiveRelocationMode: 1.
Compressed class space mapped at: 0x00000235a2000000-0x00000235e2000000, reserved size: 1073741824
Narrow klass base: 0x00000235a1000000, Narrow klass shift: 0, Narrow klass range: 0x100000000

GC Precious Log:
 CPUs: 12 total, 12 available
 Memory: 16057M
 Large Page Support: Disabled
 NUMA Support: Disabled
 Compressed Oops: Enabled (Zero based)
 Heap Region Size: 2M
 Heap Min Capacity: 8M
 Heap Initial Capacity: 252M
 Heap Max Capacity: 4016M
 Pre-touch: Disabled
 Parallel Workers: 10
 Concurrent Workers: 3
 Concurrent Refinement Workers: 10
 Periodic GC: Disabled

Heap:
 garbage-first heap   total 258048K, used 121923K [0x0000000705000000, 0x0000000800000000)
  region size 2048K, 59 young (120832K), 1 survivors (2048K)
 Metaspace       used 19291K, committed 19584K, reserved 1114112K
  class space    used 2290K, committed 2432K, reserved 1048576K

Heap Regions: E=young(eden), S=young(survivor), O=old, HS=humongous(starts), HC=humongous(continues), CS=collection set, F=free, OA=open archive, CA=closed archive, TAMS=top-at-mark-start (previous, next)
|   0|0x0000000705000000, 0x0000000705200000, 0x0000000705200000|100%| O|  |TAMS 0x0000000705000000, 0x0000000705000000| Untracked 
|   1|0x0000000705200000, 0x0000000705370600, 0x0000000705400000| 71%| O|  |TAMS 0x0000000705200000, 0x0000000705200000| Untracked 
|   2|0x0000000705400000, 0x0000000705400000, 0x0000000705600000|  0%| F|  |TAMS 0x0000000705400000, 0x0000000705400000| Untracked 
|   3|0x0000000705600000, 0x0000000705600000, 0x0000000705800000|  0%| F|  |TAMS 0x0000000705600000, 0x0000000705600000| Untracked 
|   4|0x0000000705800000, 0x0000000705800000, 0x0000000705a00000|  0%| F|  |TAMS 0x0000000705800000, 0x0000000705800000| Untracked 
|   5|0x0000000705a00000, 0x0000000705a00000, 0x0000000705c00000|  0%| F|  |TAMS 0x0000000705a00000, 0x0000000705a00000| Untracked 
|   6|0x0000000705c00000, 0x0000000705c00000, 0x0000000705e00000|  0%| F|  |TAMS 0x0000000705c00000, 0x0000000705c00000| Untracked 
|   7|0x0000000705e00000, 0x0000000705e00000, 0x0000000706000000|  0%| F|  |TAMS 0x0000000705e00000, 0x0000000705e00000| Untracked 
|   8|0x0000000706000000, 0x0000000706000000, 0x0000000706200000|  0%| F|  |TAMS 0x0000000706000000, 0x0000000706000000| Untracked 
|   9|0x0000000706200000, 0x0000000706200000, 0x0000000706400000|  0%| F|  |TAMS 0x0000000706200000, 0x0000000706200000| Untracked 
|  10|0x0000000706400000, 0x0000000706400000, 0x0000000706600000|  0%| F|  |TAMS 0x0000000706400000, 0x0000000706400000| Untracked 
|  11|0x0000000706600000, 0x0000000706600000, 0x0000000706800000|  0%| F|  |TAMS 0x0000000706600000, 0x0000000706600000| Untracked 
|  12|0x0000000706800000, 0x0000000706800000, 0x0000000706a00000|  0%| F|  |TAMS 0x0000000706800000, 0x0000000706800000| Untracked 
|  13|0x0000000706a00000, 0x0000000706a00000, 0x0000000706c00000|  0%| F|  |TAMS 0x0000000706a00000, 0x0000000706a00000| Untracked 
|  14|0x0000000706c00000, 0x0000000706c00000, 0x0000000706e00000|  0%| F|  |TAMS 0x0000000706c00000, 0x0000000706c00000| Untracked 
|  15|0x0000000706e00000, 0x0000000706e00000, 0x0000000707000000|  0%| F|  |TAMS 0x0000000706e00000, 0x0000000706e00000| Untracked 
|  16|0x0000000707000000, 0x0000000707000000, 0x0000000707200000|  0%| F|  |TAMS 0x0000000707000000, 0x0000000707000000| Untracked 
|  17|0x0000000707200000, 0x0000000707200000, 0x0000000707400000|  0%| F|  |TAMS 0x0000000707200000, 0x0000000707200000| Untracked 
|  18|0x0000000707400000, 0x0000000707400000, 0x0000000707600000|  0%| F|  |TAMS 0x0000000707400000, 0x0000000707400000| Untracked 
|  19|0x0000000707600000, 0x0000000707600000, 0x0000000707800000|  0%| F|  |TAMS 0x0000000707600000, 0x0000000707600000| Untracked 
|  20|0x0000000707800000, 0x0000000707800000, 0x0000000707a00000|  0%| F|  |TAMS 0x0000000707800000, 0x0000000707800000| Untracked 
|  21|0x0000000707a00000, 0x0000000707a00000, 0x0000000707c00000|  0%| F|  |TAMS 0x0000000707a00000, 0x0000000707a00000| Untracked 
|  22|0x0000000707c00000, 0x0000000707c00000, 0x0000000707e00000|  0%| F|  |TAMS 0x0000000707c00000, 0x0000000707c00000| Untracked 
|  23|0x0000000707e00000, 0x0000000707e00000, 0x0000000708000000|  0%| F|  |TAMS 0x0000000707e00000, 0x0000000707e00000| Untracked 
|  24|0x0000000708000000, 0x0000000708000000, 0x0000000708200000|  0%| F|  |TAMS 0x0000000708000000, 0x0000000708000000| Untracked 
|  25|0x0000000708200000, 0x0000000708200000, 0x0000000708400000|  0%| F|  |TAMS 0x0000000708200000, 0x0000000708200000| Untracked 
|  26|0x0000000708400000, 0x0000000708400000, 0x0000000708600000|  0%| F|  |TAMS 0x0000000708400000, 0x0000000708400000| Untracked 
|  27|0x0000000708600000, 0x0000000708600000, 0x0000000708800000|  0%| F|  |TAMS 0x0000000708600000, 0x0000000708600000| Untracked 
|  28|0x0000000708800000, 0x0000000708800000, 0x0000000708a00000|  0%| F|  |TAMS 0x0000000708800000, 0x0000000708800000| Untracked 
|  29|0x0000000708a00000, 0x0000000708a00000, 0x0000000708c00000|  0%| F|  |TAMS 0x0000000708a00000, 0x0000000708a00000| Untracked 
|  30|0x0000000708c00000, 0x0000000708c00000, 0x0000000708e00000|  0%| F|  |TAMS 0x0000000708c00000, 0x0000000708c00000| Untracked 
|  31|0x0000000708e00000, 0x0000000708e00000, 0x0000000709000000|  0%| F|  |TAMS 0x0000000708e00000, 0x0000000708e00000| Untracked 
|  32|0x0000000709000000, 0x0000000709000000, 0x0000000709200000|  0%| F|  |TAMS 0x0000000709000000, 0x0000000709000000| Untracked 
|  33|0x0000000709200000, 0x0000000709200000, 0x0000000709400000|  0%| F|  |TAMS 0x0000000709200000, 0x0000000709200000| Untracked 
|  34|0x0000000709400000, 0x0000000709400000, 0x0000000709600000|  0%| F|  |TAMS 0x0000000709400000, 0x0000000709400000| Untracked 
|  35|0x0000000709600000, 0x0000000709600000, 0x0000000709800000|  0%| F|  |TAMS 0x0000000709600000, 0x0000000709600000| Untracked 
|  36|0x0000000709800000, 0x0000000709800000, 0x0000000709a00000|  0%| F|  |TAMS 0x0000000709800000, 0x0000000709800000| Untracked 
|  37|0x0000000709a00000, 0x0000000709a00000, 0x0000000709c00000|  0%| F|  |TAMS 0x0000000709a00000, 0x0000000709a00000| Untracked 
|  38|0x0000000709c00000, 0x0000000709c00000, 0x0000000709e00000|  0%| F|  |TAMS 0x0000000709c00000, 0x0000000709c00000| Untracked 
|  39|0x0000000709e00000, 0x0000000709e00000, 0x000000070a000000|  0%| F|  |TAMS 0x0000000709e00000, 0x0000000709e00000| Untracked 
|  40|0x000000070a000000, 0x000000070a000000, 0x000000070a200000|  0%| F|  |TAMS 0x000000070a000000, 0x000000070a000000| Untracked 
|  41|0x000000070a200000, 0x000000070a200000, 0x000000070a400000|  0%| F|  |TAMS 0x000000070a200000, 0x000000070a200000| Untracked 
|  42|0x000000070a400000, 0x000000070a400000, 0x000000070a600000|  0%| F|  |TAMS 0x000000070a400000, 0x000000070a400000| Untracked 
|  43|0x000000070a600000, 0x000000070a600000, 0x000000070a800000|  0%| F|  |TAMS 0x000000070a600000, 0x000000070a600000| Untracked 
|  44|0x000000070a800000, 0x000000070a800000, 0x000000070aa00000|  0%| F|  |TAMS 0x000000070a800000, 0x000000070a800000| Untracked 
|  45|0x000000070aa00000, 0x000000070aa00000, 0x000000070ac00000|  0%| F|  |TAMS 0x000000070aa00000, 0x000000070aa00000| Untracked 
|  46|0x000000070ac00000, 0x000000070ac00000, 0x000000070ae00000|  0%| F|  |TAMS 0x000000070ac00000, 0x000000070ac00000| Untracked 
|  47|0x000000070ae00000, 0x000000070ae00000, 0x000000070b000000|  0%| F|  |TAMS 0x000000070ae00000, 0x000000070ae00000| Untracked 
|  48|0x000000070b000000, 0x000000070b000000, 0x000000070b200000|  0%| F|  |TAMS 0x000000070b000000, 0x000000070b000000| Untracked 
|  49|0x000000070b200000, 0x000000070b200000, 0x000000070b400000|  0%| F|  |TAMS 0x000000070b200000, 0x000000070b200000| Untracked 
|  50|0x000000070b400000, 0x000000070b400000, 0x000000070b600000|  0%| F|  |TAMS 0x000000070b400000, 0x000000070b400000| Untracked 
|  51|0x000000070b600000, 0x000000070b600000, 0x000000070b800000|  0%| F|  |TAMS 0x000000070b600000, 0x000000070b600000| Untracked 
|  52|0x000000070b800000, 0x000000070b800000, 0x000000070ba00000|  0%| F|  |TAMS 0x000000070b800000, 0x000000070b800000| Untracked 
|  53|0x000000070ba00000, 0x000000070ba00000, 0x000000070bc00000|  0%| F|  |TAMS 0x000000070ba00000, 0x000000070ba00000| Untracked 
|  54|0x000000070bc00000, 0x000000070bc00000, 0x000000070be00000|  0%| F|  |TAMS 0x000000070bc00000, 0x000000070bc00000| Untracked 
|  55|0x000000070be00000, 0x000000070be00000, 0x000000070c000000|  0%| F|  |TAMS 0x000000070be00000, 0x000000070be00000| Untracked 
|  56|0x000000070c000000, 0x000000070c000000, 0x000000070c200000|  0%| F|  |TAMS 0x000000070c000000, 0x000000070c000000| Untracked 
|  57|0x000000070c200000, 0x000000070c200000, 0x000000070c400000|  0%| F|  |TAMS 0x000000070c200000, 0x000000070c200000| Untracked 
|  58|0x000000070c400000, 0x000000070c400000, 0x000000070c600000|  0%| F|  |TAMS 0x000000070c400000, 0x000000070c400000| Untracked 
|  59|0x000000070c600000, 0x000000070c600000, 0x000000070c800000|  0%| F|  |TAMS 0x000000070c600000, 0x000000070c600000| Untracked 
|  60|0x000000070c800000, 0x000000070c800000, 0x000000070ca00000|  0%| F|  |TAMS 0x000000070c800000, 0x000000070c800000| Untracked 
|  61|0x000000070ca00000, 0x000000070ca00000, 0x000000070cc00000|  0%| F|  |TAMS 0x000000070ca00000, 0x000000070ca00000| Untracked 
|  62|0x000000070cc00000, 0x000000070cc00000, 0x000000070ce00000|  0%| F|  |TAMS 0x000000070cc00000, 0x000000070cc00000| Untracked 
|  63|0x000000070ce00000, 0x000000070ce00000, 0x000000070d000000|  0%| F|  |TAMS 0x000000070ce00000, 0x000000070ce00000| Untracked 
|  64|0x000000070d000000, 0x000000070d000000, 0x000000070d200000|  0%| F|  |TAMS 0x000000070d000000, 0x000000070d000000| Untracked 
|  65|0x000000070d200000, 0x000000070d200000, 0x000000070d400000|  0%| F|  |TAMS 0x000000070d200000, 0x000000070d200000| Untracked 
|  66|0x000000070d400000, 0x000000070d400000, 0x000000070d600000|  0%| F|  |TAMS 0x000000070d400000, 0x000000070d400000| Untracked 
|  67|0x000000070d600000, 0x000000070d800000, 0x000000070d800000|100%| E|  |TAMS 0x000000070d600000, 0x000000070d600000| Complete 
|  68|0x000000070d800000, 0x000000070da00000, 0x000000070da00000|100%| E|CS|TAMS 0x000000070d800000, 0x000000070d800000| Complete 
|  69|0x000000070da00000, 0x000000070dc00000, 0x000000070dc00000|100%| E|CS|TAMS 0x000000070da00000, 0x000000070da00000| Complete 
|  70|0x000000070dc00000, 0x000000070de00000, 0x000000070de00000|100%| E|CS|TAMS 0x000000070dc00000, 0x000000070dc00000| Complete 
|  71|0x000000070de00000, 0x000000070e000000, 0x000000070e000000|100%| E|CS|TAMS 0x000000070de00000, 0x000000070de00000| Complete 
|  72|0x000000070e000000, 0x000000070e200000, 0x000000070e200000|100%| E|CS|TAMS 0x000000070e000000, 0x000000070e000000| Complete 
|  73|0x000000070e200000, 0x000000070e400000, 0x000000070e400000|100%| E|CS|TAMS 0x000000070e200000, 0x000000070e200000| Complete 
|  74|0x000000070e400000, 0x000000070e600000, 0x000000070e600000|100%| E|CS|TAMS 0x000000070e400000, 0x000000070e400000| Complete 
|  75|0x000000070e600000, 0x000000070e800000, 0x000000070e800000|100%| E|CS|TAMS 0x000000070e600000, 0x000000070e600000| Complete 
|  76|0x000000070e800000, 0x000000070ea00000, 0x000000070ea00000|100%| E|CS|TAMS 0x000000070e800000, 0x000000070e800000| Complete 
|  77|0x000000070ea00000, 0x000000070ec00000, 0x000000070ec00000|100%| E|CS|TAMS 0x000000070ea00000, 0x000000070ea00000| Complete 
|  78|0x000000070ec00000, 0x000000070ee00000, 0x000000070ee00000|100%| E|CS|TAMS 0x000000070ec00000, 0x000000070ec00000| Complete 
|  79|0x000000070ee00000, 0x000000070f000000, 0x000000070f000000|100%| E|CS|TAMS 0x000000070ee00000, 0x000000070ee00000| Complete 
|  80|0x000000070f000000, 0x000000070f200000, 0x000000070f200000|100%| E|CS|TAMS 0x000000070f000000, 0x000000070f000000| Complete 
|  81|0x000000070f200000, 0x000000070f400000, 0x000000070f400000|100%| E|CS|TAMS 0x000000070f200000, 0x000000070f200000| Complete 
|  82|0x000000070f400000, 0x000000070f600000, 0x000000070f600000|100%| E|CS|TAMS 0x000000070f400000, 0x000000070f400000| Complete 
|  83|0x000000070f600000, 0x000000070f800000, 0x000000070f800000|100%| E|CS|TAMS 0x000000070f600000, 0x000000070f600000| Complete 
|  84|0x000000070f800000, 0x000000070fa00000, 0x000000070fa00000|100%| E|CS|TAMS 0x000000070f800000, 0x000000070f800000| Complete 
|  85|0x000000070fa00000, 0x000000070fc00000, 0x000000070fc00000|100%| E|CS|TAMS 0x000000070fa00000, 0x000000070fa00000| Complete 
|  86|0x000000070fc00000, 0x000000070fe00000, 0x000000070fe00000|100%| E|CS|TAMS 0x000000070fc00000, 0x000000070fc00000| Complete 
|  87|0x000000070fe00000, 0x0000000710000000, 0x0000000710000000|100%| E|CS|TAMS 0x000000070fe00000, 0x000000070fe00000| Complete 
|  88|0x0000000710000000, 0x0000000710200000, 0x0000000710200000|100%| E|CS|TAMS 0x0000000710000000, 0x0000000710000000| Complete 
|  89|0x0000000710200000, 0x0000000710400000, 0x0000000710400000|100%| E|CS|TAMS 0x0000000710200000, 0x0000000710200000| Complete 
|  90|0x0000000710400000, 0x0000000710600000, 0x0000000710600000|100%| E|CS|TAMS 0x0000000710400000, 0x0000000710400000| Complete 
|  91|0x0000000710600000, 0x0000000710800000, 0x0000000710800000|100%| E|CS|TAMS 0x0000000710600000, 0x0000000710600000| Complete 
|  92|0x0000000710800000, 0x0000000710a00000, 0x0000000710a00000|100%| E|CS|TAMS 0x0000000710800000, 0x0000000710800000| Complete 
|  93|0x0000000710a00000, 0x0000000710c00000, 0x0000000710c00000|100%| E|CS|TAMS 0x0000000710a00000, 0x0000000710a00000| Complete 
|  94|0x0000000710c00000, 0x0000000710e00000, 0x0000000710e00000|100%| E|CS|TAMS 0x0000000710c00000, 0x0000000710c00000| Complete 
|  95|0x0000000710e00000, 0x0000000711000000, 0x0000000711000000|100%| E|CS|TAMS 0x0000000710e00000, 0x0000000710e00000| Complete 
|  96|0x0000000711000000, 0x0000000711200000, 0x0000000711200000|100%| E|CS|TAMS 0x0000000711000000, 0x0000000711000000| Complete 
|  97|0x0000000711200000, 0x0000000711400000, 0x0000000711400000|100%| E|CS|TAMS 0x0000000711200000, 0x0000000711200000| Complete 
|  98|0x0000000711400000, 0x0000000711600000, 0x0000000711600000|100%| E|CS|TAMS 0x0000000711400000, 0x0000000711400000| Complete 
|  99|0x0000000711600000, 0x0000000711800000, 0x0000000711800000|100%| E|CS|TAMS 0x0000000711600000, 0x0000000711600000| Complete 
| 100|0x0000000711800000, 0x0000000711a00000, 0x0000000711a00000|100%| E|CS|TAMS 0x0000000711800000, 0x0000000711800000| Complete 
| 101|0x0000000711a00000, 0x0000000711c00000, 0x0000000711c00000|100%| E|CS|TAMS 0x0000000711a00000, 0x0000000711a00000| Complete 
| 102|0x0000000711c00000, 0x0000000711e00000, 0x0000000711e00000|100%| E|CS|TAMS 0x0000000711c00000, 0x0000000711c00000| Complete 
| 103|0x0000000711e00000, 0x0000000712000000, 0x0000000712000000|100%| E|CS|TAMS 0x0000000711e00000, 0x0000000711e00000| Complete 
| 104|0x0000000712000000, 0x0000000712200000, 0x0000000712200000|100%| E|CS|TAMS 0x0000000712000000, 0x0000000712000000| Complete 
| 105|0x0000000712200000, 0x0000000712400000, 0x0000000712400000|100%| E|CS|TAMS 0x0000000712200000, 0x0000000712200000| Complete 
| 106|0x0000000712400000, 0x0000000712600000, 0x0000000712600000|100%| E|CS|TAMS 0x0000000712400000, 0x0000000712400000| Complete 
| 107|0x0000000712600000, 0x0000000712800000, 0x0000000712800000|100%| E|CS|TAMS 0x0000000712600000, 0x0000000712600000| Complete 
| 108|0x0000000712800000, 0x00000007129a0928, 0x0000000712a00000| 81%| S|CS|TAMS 0x0000000712800000, 0x0000000712800000| Complete 
| 109|0x0000000712a00000, 0x0000000712c00000, 0x0000000712c00000|100%| E|CS|TAMS 0x0000000712a00000, 0x0000000712a00000| Complete 
| 110|0x0000000712c00000, 0x0000000712e00000, 0x0000000712e00000|100%| E|CS|TAMS 0x0000000712c00000, 0x0000000712c00000| Complete 
| 111|0x0000000712e00000, 0x0000000713000000, 0x0000000713000000|100%| E|CS|TAMS 0x0000000712e00000, 0x0000000712e00000| Complete 
| 112|0x0000000713000000, 0x0000000713200000, 0x0000000713200000|100%| E|CS|TAMS 0x0000000713000000, 0x0000000713000000| Complete 
| 113|0x0000000713200000, 0x0000000713400000, 0x0000000713400000|100%| E|CS|TAMS 0x0000000713200000, 0x0000000713200000| Complete 
| 114|0x0000000713400000, 0x0000000713600000, 0x0000000713600000|100%| E|CS|TAMS 0x0000000713400000, 0x0000000713400000| Complete 
| 115|0x0000000713600000, 0x0000000713800000, 0x0000000713800000|100%| E|CS|TAMS 0x0000000713600000, 0x0000000713600000| Complete 
| 116|0x0000000713800000, 0x0000000713a00000, 0x0000000713a00000|100%| E|CS|TAMS 0x0000000713800000, 0x0000000713800000| Complete 
| 117|0x0000000713a00000, 0x0000000713c00000, 0x0000000713c00000|100%| E|CS|TAMS 0x0000000713a00000, 0x0000000713a00000| Complete 
| 118|0x0000000713c00000, 0x0000000713e00000, 0x0000000713e00000|100%| E|CS|TAMS 0x0000000713c00000, 0x0000000713c00000| Complete 
| 119|0x0000000713e00000, 0x0000000714000000, 0x0000000714000000|100%| E|CS|TAMS 0x0000000713e00000, 0x0000000713e00000| Complete 
| 120|0x0000000714000000, 0x0000000714200000, 0x0000000714200000|100%| E|CS|TAMS 0x0000000714000000, 0x0000000714000000| Complete 
| 121|0x0000000714200000, 0x0000000714400000, 0x0000000714400000|100%| E|CS|TAMS 0x0000000714200000, 0x0000000714200000| Complete 
| 122|0x0000000714400000, 0x0000000714600000, 0x0000000714600000|100%| E|CS|TAMS 0x0000000714400000, 0x0000000714400000| Complete 
| 123|0x0000000714600000, 0x0000000714800000, 0x0000000714800000|100%| E|CS|TAMS 0x0000000714600000, 0x0000000714600000| Complete 
| 124|0x0000000714800000, 0x0000000714a00000, 0x0000000714a00000|100%| E|CS|TAMS 0x0000000714800000, 0x0000000714800000| Complete 
| 125|0x0000000714a00000, 0x0000000714c00000, 0x0000000714c00000|100%| E|CS|TAMS 0x0000000714a00000, 0x0000000714a00000| Complete 

Card table byte_map: [0x00000235fd610000,0x00000235fddf0000] _byte_map_base: 0x00000235f9de8000

Marking Bits (Prev, Next): (CMBitMap*) 0x00000235fa8dc160, (CMBitMap*) 0x00000235fa8dc1a0
 Prev Bits: [0x00000235967f0000, 0x000002359a6b0000)
 Next Bits: [0x000002359a6b0000, 0x000002359e570000)

Polling page: 0x00000235fa940000

Metaspace:

Usage:
  Non-class:     16.60 MB used.
      Class:      2.24 MB used.
       Both:     18.84 MB used.

Virtual space:
  Non-class space:       64.00 MB reserved,      16.75 MB ( 26%) committed,  1 nodes.
      Class space:        1.00 GB reserved,       2.38 MB ( <1%) committed,  1 nodes.
             Both:        1.06 GB reserved,      19.12 MB (  2%) committed. 

Chunk freelists:
   Non-Class:  14.53 MB
       Class:  13.53 MB
        Both:  28.06 MB

MaxMetaspaceSize: unlimited
CompressedClassSpaceSize: 1.00 GB
Initial GC threshold: 21.00 MB
Current GC threshold: 21.00 MB
CDS: on
MetaspaceReclaimPolicy: balanced
 - commit_granule_bytes: 65536.
 - commit_granule_words: 8192.
 - virtual_space_node_default_size: 8388608.
 - enlarge_chunks_in_place: 1.
 - new_chunks_are_fully_committed: 0.
 - uncommit_free_chunks: 1.
 - use_allocation_guard: 0.
 - handle_deallocations: 1.


Internal statistics:

num_allocs_failed_limit: 0.
num_arena_births: 134.
num_arena_deaths: 0.
num_vsnodes_births: 2.
num_vsnodes_deaths: 0.
num_space_committed: 306.
num_space_uncommitted: 0.
num_chunks_returned_to_freelist: 0.
num_chunks_taken_from_freelist: 849.
num_chunk_merges: 0.
num_chunk_splits: 563.
num_chunks_enlarged: 432.
num_inconsistent_stats: 0.

CodeHeap 'non-profiled nmethods': size=120000Kb used=2388Kb max_used=2388Kb free=117611Kb
 bounds [0x000002358f2c0000, 0x000002358f530000, 0x00000235967f0000]
CodeHeap 'profiled nmethods': size=120000Kb used=9230Kb max_used=9230Kb free=110770Kb
 bounds [0x00000235877f0000, 0x0000023588100000, 0x000002358ed20000]
CodeHeap 'non-nmethods': size=5760Kb used=1193Kb max_used=1255Kb free=4566Kb
 bounds [0x000002358ed20000, 0x000002358ef90000, 0x000002358f2c0000]
 total_blobs=4933 nmethods=4444 adapters=401
 compilation: enabled
              stopped_count=0, restarted_count=0
 full_count=0

Compilation events (20 events):
Event: 4.523 Thread 0x00000235ff094e80 4376       4       java.lang.StringLatin1::lastIndexOf (125 bytes)
Event: 4.527 Thread 0x00000235ff094e80 nmethod 4376 0x000002358f4fd410 code [0x000002358f4fd5a0, 0x000002358f4fd818]
Event: 4.527 Thread 0x00000235ff094e80 4307   !   4       com.google.inject.spi.InjectionPoint::getInjectionPoints (491 bytes)
Event: 4.540 Thread 0x00000235ff095540 4412       3       java.lang.invoke.LambdaForm$NamedFunction::methodType (23 bytes)
Event: 4.540 Thread 0x00000235ff095540 nmethod 4412 0x00000235880db710 code [0x00000235880db8c0, 0x00000235880dbb28]
Event: 4.541 Thread 0x00000235ff095540 4414       3       jdk.internal.org.objectweb.asm.ClassWriter::visit (160 bytes)
Event: 4.542 Thread 0x00000235ff095540 nmethod 4414 0x00000235880dbc10 code [0x00000235880dbe40, 0x00000235880dc6b8]
Event: 4.542 Thread 0x00000235ff095540 4415       3       jdk.internal.org.objectweb.asm.SymbolTable::setMajorVersionAndClassName (19 bytes)
Event: 4.542 Thread 0x00000235ff095540 nmethod 4415 0x00000235880dcb10 code [0x00000235880dccc0, 0x00000235880dcec8]
Event: 4.545 Thread 0x00000235ff095540 4419       3       java.lang.invoke.MemberName::<init> (50 bytes)
Event: 4.546 Thread 0x00000235ff095540 nmethod 4419 0x00000235880dd010 code [0x00000235880dd1e0, 0x00000235880dd4f8]
Event: 4.546 Thread 0x00000235ff095540 4423       3       jdk.internal.org.objectweb.asm.Frame::execute (2305 bytes)
Event: 4.551 Thread 0x00000235ff095540 nmethod 4423 0x00000235880dd690 code [0x00000235880de5c0, 0x00000235880e5178]
Event: 4.635 Thread 0x00000235a07dd7d0 nmethod 4299 0x000002358f4ff290 code [0x000002358f4ffd20, 0x000002358f50bc18]
Event: 4.635 Thread 0x00000235a07dd7d0 4337       4       java.lang.Character::isJavaIdentifierPart (9 bytes)
Event: 4.636 Thread 0x00000235a07dd7d0 nmethod 4337 0x000002358f513390 code [0x000002358f513520, 0x000002358f513618]
Event: 4.636 Thread 0x00000235a07dd7d0 4387       4       java.lang.CharacterDataLatin1::isJavaIdentifierStart (23 bytes)
Event: 4.637 Thread 0x00000235a07dd7d0 nmethod 4387 0x000002358f513710 code [0x000002358f513880, 0x000002358f513938]
Event: 4.637 Thread 0x00000235a07dd7d0 4280       4       java.util.Arrays$ArrayItr::hasNext (18 bytes)
Event: 4.639 Thread 0x00000235a07dd7d0 nmethod 4280 0x000002358f513a10 code [0x000002358f513b80, 0x000002358f513c18]

GC Heap History (4 events):
Event: 0.787 GC heap before
{Heap before GC invocations=0 (full 0):
 garbage-first heap   total 258048K, used 22528K [0x0000000705000000, 0x0000000800000000)
  region size 2048K, 11 young (22528K), 0 survivors (0K)
 Metaspace       used 5730K, committed 5888K, reserved 1114112K
  class space    used 680K, committed 768K, reserved 1048576K
}
Event: 0.793 GC heap after
{Heap after GC invocations=1 (full 0):
 garbage-first heap   total 258048K, used 3818K [0x0000000705000000, 0x0000000800000000)
  region size 2048K, 2 young (4096K), 2 survivors (4096K)
 Metaspace       used 5730K, committed 5888K, reserved 1114112K
  class space    used 680K, committed 768K, reserved 1048576K
}
Event: 1.294 GC heap before
{Heap before GC invocations=1 (full 0):
 garbage-first heap   total 258048K, used 34538K [0x0000000705000000, 0x0000000800000000)
  region size 2048K, 17 young (34816K), 2 survivors (4096K)
 Metaspace       used 9099K, committed 9280K, reserved 1114112K
  class space    used 1098K, committed 1216K, reserved 1048576K
}
Event: 1.299 GC heap after
{Heap after GC invocations=2 (full 0):
 garbage-first heap   total 258048K, used 5187K [0x0000000705000000, 0x0000000800000000)
  region size 2048K, 1 young (2048K), 1 survivors (2048K)
 Metaspace       used 9099K, committed 9280K, reserved 1114112K
  class space    used 1098K, committed 1216K, reserved 1048576K
}

Deoptimization events (20 events):
Event: 4.515 Thread 0x00000235fa86cc40 Uncommon trap: trap_request=0xffffffc6 fr.pc=0x000002358f3ed1f4 relative=0x00000000000014b4
Event: 4.515 Thread 0x00000235fa86cc40 Uncommon trap: reason=bimorphic_or_optimized_type_check action=maybe_recompile pc=0x000002358f3ed1f4 method=java.util.HashMap.putVal(ILjava/lang/Object;Ljava/lang/Object;ZZ)Ljava/lang/Object; @ 56 c2
Event: 4.515 Thread 0x00000235fa86cc40 DEOPT PACKING pc=0x000002358f3ed1f4 sp=0x000000c4075fd700
Event: 4.515 Thread 0x00000235fa86cc40 DEOPT UNPACKING pc=0x000002358ed723a3 sp=0x000000c4075fd688 mode 2
Event: 4.515 Thread 0x00000235fa86cc40 Uncommon trap: trap_request=0xffffffc6 fr.pc=0x000002358f3ed2d8 relative=0x0000000000001598
Event: 4.515 Thread 0x00000235fa86cc40 Uncommon trap: reason=bimorphic_or_optimized_type_check action=maybe_recompile pc=0x000002358f3ed2d8 method=java.util.HashMap.putVal(ILjava/lang/Object;Ljava/lang/Object;ZZ)Ljava/lang/Object; @ 152 c2
Event: 4.515 Thread 0x00000235fa86cc40 DEOPT PACKING pc=0x000002358f3ed2d8 sp=0x000000c4075fd700
Event: 4.515 Thread 0x00000235fa86cc40 DEOPT UNPACKING pc=0x000002358ed723a3 sp=0x000000c4075fd690 mode 2
Event: 4.517 Thread 0x00000235fa86cc40 Uncommon trap: trap_request=0xffffffbe fr.pc=0x000002358f3b9f58 relative=0x0000000000001e78
Event: 4.517 Thread 0x00000235fa86cc40 Uncommon trap: reason=profile_predicate action=maybe_recompile pc=0x000002358f3b9f58 method=java.util.TimSort.binarySort([Ljava/lang/Object;IIILjava/util/Comparator;)V @ 34 c2
Event: 4.517 Thread 0x00000235fa86cc40 DEOPT PACKING pc=0x000002358f3b9f58 sp=0x000000c4075fd370
Event: 4.517 Thread 0x00000235fa86cc40 DEOPT UNPACKING pc=0x000002358ed723a3 sp=0x000000c4075fd350 mode 2
Event: 4.518 Thread 0x00000235fa86cc40 Uncommon trap: trap_request=0xffffffbe fr.pc=0x000002358f3b9f58 relative=0x0000000000001e78
Event: 4.518 Thread 0x00000235fa86cc40 Uncommon trap: reason=profile_predicate action=maybe_recompile pc=0x000002358f3b9f58 method=java.util.TimSort.binarySort([Ljava/lang/Object;IIILjava/util/Comparator;)V @ 34 c2
Event: 4.518 Thread 0x00000235fa86cc40 DEOPT PACKING pc=0x000002358f3b9f58 sp=0x000000c4075fd370
Event: 4.518 Thread 0x00000235fa86cc40 DEOPT UNPACKING pc=0x000002358ed723a3 sp=0x000000c4075fd350 mode 2
Event: 4.540 Thread 0x00000235fa86cc40 Uncommon trap: trap_request=0xffffff45 fr.pc=0x000002358f4f30cc relative=0x00000000000029cc
Event: 4.540 Thread 0x00000235fa86cc40 Uncommon trap: reason=unstable_if action=reinterpret pc=0x000002358f4f30cc method=jdk.internal.org.objectweb.asm.Frame.execute(IILjdk/internal/org/objectweb/asm/Symbol;Ljdk/internal/org/objectweb/asm/SymbolTable;)V @ 1 c2
Event: 4.540 Thread 0x00000235fa86cc40 DEOPT PACKING pc=0x000002358f4f30cc sp=0x000000c4075fbc10
Event: 4.540 Thread 0x00000235fa86cc40 DEOPT UNPACKING pc=0x000002358ed723a3 sp=0x000000c4075fbbc8 mode 2

Classes unloaded (0 events):
No events

Classes redefined (0 events):
No events

Internal exceptions (20 events):
Event: 2.677 Thread 0x00000235fa86cc40 Exception <a 'java/lang/NoSuchMethodError'{0x0000000711f19a18}: 'java.lang.Object java.lang.invoke.DirectMethodHandle$Holder.newInvokeSpecial(java.lang.Object, java.lang.Object, java.lang.Object, java.lang.Object, java.lang.Object, java.lang.Object, java.lang.Object)'> (0x0000000711f19a18) 
thrown [s\open\src\hotspot\share\interpreter\linkResolver.cpp, line 759]
Event: 2.678 Thread 0x00000235fa86cc40 Exception <a 'java/lang/NoSuchMethodError'{0x0000000711f1e328}: 'java.lang.Object java.lang.invoke.Invokers$Holder.linkToTargetMethod(java.lang.Object, java.lang.Object, java.lang.Object, java.lang.Object, java.lang.Object, java.lang.Object, java.lang.Object)'> (0x0000000711f1e328) 
thrown [s\open\src\hotspot\share\interpreter\linkResolver.cpp, line 759]
Event: 2.991 Thread 0x00000235fa86cc40 Exception <a 'java/lang/NoSuchMethodError'{0x000000071151f670}: 'int java.lang.invoke.DirectMethodHandle$Holder.invokeVirtual(java.lang.Object, java.lang.Object)'> (0x000000071151f670) 
thrown [s\open\src\hotspot\share\interpreter\linkResolver.cpp, line 759]
Event: 3.022 Thread 0x00000235fa86cc40 Exception <a 'java/lang/NoSuchMethodError'{0x0000000711313280}: 'int java.lang.invoke.DirectMethodHandle$Holder.invokeStatic(java.lang.Object, java.lang.Object, int)'> (0x0000000711313280) 
thrown [s\open\src\hotspot\share\interpreter\linkResolver.cpp, line 759]
Event: 4.390 Thread 0x00000235fa86cc40 Exception <a 'sun/nio/fs/WindowsException'{0x000000070dd54e90}> (0x000000070dd54e90) 
thrown [s\open\src\hotspot\share\prims\jni.cpp, line 516]
Event: 4.392 Thread 0x00000235fa86cc40 Exception <a 'sun/nio/fs/WindowsException'{0x000000070dd55280}> (0x000000070dd55280) 
thrown [s\open\src\hotspot\share\prims\jni.cpp, line 516]
Event: 4.392 Thread 0x00000235fa86cc40 Exception <a 'sun/nio/fs/WindowsException'{0x000000070dd55ff0}> (0x000000070dd55ff0) 
thrown [s\open\src\hotspot\share\prims\jni.cpp, line 516]
Event: 4.392 Thread 0x00000235fa86cc40 Exception <a 'sun/nio/fs/WindowsException'{0x000000070dd56228}> (0x000000070dd56228) 
thrown [s\open\src\hotspot\share\prims\jni.cpp, line 516]
Event: 4.398 Thread 0x00000235fa86cc40 Exception <a 'sun/nio/fs/WindowsException'{0x000000070dd76bc8}> (0x000000070dd76bc8) 
thrown [s\open\src\hotspot\share\prims\jni.cpp, line 516]
Event: 4.398 Thread 0x00000235fa86cc40 Exception <a 'sun/nio/fs/WindowsException'{0x000000070dd76ea8}> (0x000000070dd76ea8) 
thrown [s\open\src\hotspot\share\prims\jni.cpp, line 516]
Event: 4.398 Thread 0x00000235fa86cc40 Exception <a 'sun/nio/fs/WindowsException'{0x000000070dd7c770}> (0x000000070dd7c770) 
thrown [s\open\src\hotspot\share\prims\jni.cpp, line 516]
Event: 4.398 Thread 0x00000235fa86cc40 Exception <a 'sun/nio/fs/WindowsException'{0x000000070dd7ca50}> (0x000000070dd7ca50) 
thrown [s\open\src\hotspot\share\prims\jni.cpp, line 516]
Event: 4.402 Thread 0x00000235fa86cc40 Exception <a 'sun/nio/fs/WindowsException'{0x000000070dd7e820}> (0x000000070dd7e820) 
thrown [s\open\src\hotspot\share\prims\jni.cpp, line 516]
Event: 4.403 Thread 0x00000235fa86cc40 Exception <a 'sun/nio/fs/WindowsException'{0x000000070dd7f890}> (0x000000070dd7f890) 
thrown [s\open\src\hotspot\share\prims\jni.cpp, line 516]
Event: 4.403 Thread 0x00000235fa86cc40 Exception <a 'sun/nio/fs/WindowsException'{0x000000070dd82410}> (0x000000070dd82410) 
thrown [s\open\src\hotspot\share\prims\jni.cpp, line 516]
Event: 4.540 Thread 0x00000235fa86cc40 Exception <a 'java/lang/NoSuchMethodError'{0x000000070d930498}: 'void java.lang.invoke.DirectMethodHandle$Holder.invokeStatic(java.lang.Object, long)'> (0x000000070d930498) 
thrown [s\open\src\hotspot\share\interpreter\linkResolver.cpp, line 759]
Event: 4.541 Thread 0x00000235fa86cc40 Exception <a 'java/lang/NoSuchMethodError'{0x000000070d935e60}: 'java.lang.Object java.lang.invoke.DirectMethodHandle$Holder.newInvokeSpecial(java.lang.Object, long)'> (0x000000070d935e60) 
thrown [s\open\src\hotspot\share\interpreter\linkResolver.cpp, line 759]
Event: 4.545 Thread 0x00000235fa86cc40 Exception <a 'java/lang/NoSuchMethodError'{0x000000070d940fa0}: 'java.lang.Object java.lang.invoke.DirectMethodHandle$Holder.invokeStaticInit(java.lang.Object, java.lang.Object, long, java.lang.Object)'> (0x000000070d940fa0) 
thrown [s\open\src\hotspot\share\interpreter\linkResolver.cpp, line 759]
Event: 4.546 Thread 0x00000235fa86cc40 Exception <a 'java/lang/NoSuchMethodError'{0x000000070d947670}: 'java.lang.Object java.lang.invoke.DirectMethodHandle$Holder.newInvokeSpecial(java.lang.Object, java.lang.Object, long)'> (0x000000070d947670) 
thrown [s\open\src\hotspot\share\interpreter\linkResolver.cpp, line 759]
Event: 4.546 Thread 0x00000235fa86cc40 Exception <a 'java/lang/NoSuchMethodError'{0x000000070d94bc08}: 'java.lang.Object java.lang.invoke.Invokers$Holder.linkToTargetMethod(java.lang.Object, long, java.lang.Object)'> (0x000000070d94bc08) 
thrown [s\open\src\hotspot\share\interpreter\linkResolver.cpp, line 759]

VM Operations (20 events):
Event: 3.084 Executing VM operation: HandshakeAllThreads
Event: 3.084 Executing VM operation: HandshakeAllThreads done
Event: 3.204 Executing VM operation: ICBufferFull
Event: 3.204 Executing VM operation: ICBufferFull done
Event: 3.726 Executing VM operation: ICBufferFull
Event: 3.726 Executing VM operation: ICBufferFull done
Event: 4.292 Executing VM operation: HandshakeAllThreads
Event: 4.292 Executing VM operation: HandshakeAllThreads done
Event: 4.344 Executing VM operation: HandshakeAllThreads
Event: 4.344 Executing VM operation: HandshakeAllThreads done
Event: 4.395 Executing VM operation: HandshakeAllThreads
Event: 4.396 Executing VM operation: HandshakeAllThreads done
Event: 4.401 Executing VM operation: HandshakeAllThreads
Event: 4.401 Executing VM operation: HandshakeAllThreads done
Event: 4.428 Executing VM operation: ICBufferFull
Event: 4.428 Executing VM operation: ICBufferFull done
Event: 4.553 Executing VM operation: HandshakeAllThreads
Event: 4.553 Executing VM operation: HandshakeAllThreads done
Event: 5.562 Executing VM operation: Cleanup
Event: 5.562 Executing VM operation: Cleanup done

Events (20 events):
Event: 4.548 loading class java/util/concurrent/Executors done
Event: 4.549 loading class java/util/concurrent/SynchronousQueue
Event: 4.549 loading class java/util/concurrent/SynchronousQueue done
Event: 4.550 loading class java/util/concurrent/SynchronousQueue$TransferStack
Event: 4.550 loading class java/util/concurrent/SynchronousQueue$Transferer
Event: 4.550 loading class java/util/concurrent/SynchronousQueue$Transferer done
Event: 4.550 loading class java/util/concurrent/SynchronousQueue$TransferStack done
Event: 4.550 loading class java/util/concurrent/SynchronousQueue$TransferStack$SNode
Event: 4.551 loading class java/util/concurrent/SynchronousQueue$TransferStack$SNode done
Event: 4.551 loading class java/lang/ProcessImpl$2
Event: 4.552 loading class java/lang/ProcessImpl$2 done
Event: 4.552 loading class java/lang/Process$PipeInputStream
Event: 4.552 loading class java/lang/Process$PipeInputStream done
Event: 4.553 loading class jdk/internal/event/ProcessStartEvent
Event: 4.553 loading class jdk/internal/event/ProcessStartEvent done
Event: 4.554 loading class java/io/PipedOutputStream
Event: 4.554 loading class java/io/PipedOutputStream done
Event: 4.555 Thread 0x00000235e6fcd5b0 Thread added: 0x00000235e6fcd5b0
Event: 4.555 Thread 0x00000235e6fcdac0 Thread added: 0x00000235e6fcdac0
Event: 4.555 Thread 0x00000235e6fcef00 Thread added: 0x00000235e6fcef00


Dynamic libraries:
0x00007ff7e2160000 - 0x00007ff7e2170000 	C:\Program Files\Java\jdk-17\bin\java.exe
0x00007ff81d300000 - 0x00007ff81d560000 	C:\WINDOWS\SYSTEM32\ntdll.dll
0x00007ff81ba20000 - 0x00007ff81bae7000 	C:\WINDOWS\System32\KERNEL32.DLL
0x00007ff81a8a0000 - 0x00007ff81ac6a000 	C:\WINDOWS\System32\KERNELBASE.dll
0x00007ff81a750000 - 0x00007ff81a89b000 	C:\WINDOWS\System32\ucrtbase.dll
0x00007ffff4790000 - 0x00007ffff47a9000 	C:\Program Files\Java\jdk-17\bin\jli.dll
0x00007ff81c3c0000 - 0x00007ff81c472000 	C:\WINDOWS\System32\ADVAPI32.dll
0x00007ffff3280000 - 0x00007ffff329b000 	C:\Program Files\Java\jdk-17\bin\VCRUNTIME140.dll
0x00007ff81ccc0000 - 0x00007ff81cd69000 	C:\WINDOWS\System32\msvcrt.dll
0x00007ff81bdb0000 - 0x00007ff81be56000 	C:\WINDOWS\System32\sechost.dll
0x00007ff81ce30000 - 0x00007ff81cf46000 	C:\WINDOWS\System32\RPCRT4.dll
0x00007ff81be60000 - 0x00007ff81c02c000 	C:\WINDOWS\System32\USER32.dll
0x00007ff81a5a0000 - 0x00007ff81a5c7000 	C:\WINDOWS\System32\win32u.dll
0x00007ff81b9f0000 - 0x00007ff81ba1a000 	C:\WINDOWS\System32\GDI32.dll
0x00007ffff49a0000 - 0x00007ffff4c37000 	C:\WINDOWS\WinSxS\amd64_microsoft.windows.common-controls_6595b64144ccf1df_6.0.26100.3624_none_3e086962e3345f24\COMCTL32.dll
0x00007ff81af20000 - 0x00007ff81b051000 	C:\WINDOWS\System32\gdi32full.dll
0x00007ff81ae70000 - 0x00007ff81af13000 	C:\WINDOWS\System32\msvcp_win.dll
0x00007ff808340000 - 0x00007ff80834b000 	C:\WINDOWS\SYSTEM32\VERSION.dll
0x00007ff81cc80000 - 0x00007ff81ccaf000 	C:\WINDOWS\System32\IMM32.DLL
0x00007ff817710000 - 0x00007ff81771c000 	C:\Program Files\Java\jdk-17\bin\vcruntime140_1.dll
0x00007fffda360000 - 0x00007fffda3ee000 	C:\Program Files\Java\jdk-17\bin\msvcp140.dll
0x00007fffbf4e0000 - 0x00007fffc00c0000 	C:\Program Files\Java\jdk-17\bin\server\jvm.dll
0x00007ff81d220000 - 0x00007ff81d228000 	C:\WINDOWS\System32\PSAPI.DLL
0x00007ff80f5f0000 - 0x00007ff80f626000 	C:\WINDOWS\SYSTEM32\WINMM.dll
0x00007ffff38c0000 - 0x00007ffff38ca000 	C:\WINDOWS\SYSTEM32\WSOCK32.dll
0x00007ff81bd30000 - 0x00007ff81bda4000 	C:\WINDOWS\System32\WS2_32.dll
0x00007ff8192c0000 - 0x00007ff8192da000 	C:\WINDOWS\SYSTEM32\kernel.appcore.dll
0x00007ff8160f0000 - 0x00007ff8160fa000 	C:\Program Files\Java\jdk-17\bin\jimage.dll
0x00007ff817c90000 - 0x00007ff817ed1000 	C:\WINDOWS\SYSTEM32\DBGHELP.DLL
0x00007ff81c030000 - 0x00007ff81c3b2000 	C:\WINDOWS\System32\combase.dll
0x00007ff81bc50000 - 0x00007ff81bd26000 	C:\WINDOWS\System32\OLEAUT32.dll
0x00007ffff4870000 - 0x00007ffff48a9000 	C:\WINDOWS\SYSTEM32\dbgcore.DLL
0x00007ff81b060000 - 0x00007ff81b0f9000 	C:\WINDOWS\System32\bcryptPrimitives.dll
0x00007ff815d90000 - 0x00007ff815d9e000 	C:\Program Files\Java\jdk-17\bin\instrument.dll
0x00007fffef190000 - 0x00007fffef1b5000 	C:\Program Files\Java\jdk-17\bin\java.dll
0x00007fffd9c60000 - 0x00007fffd9d37000 	C:\Program Files\Java\jdk-17\bin\jsvml.dll
0x00007ff81b1c0000 - 0x00007ff81b8e9000 	C:\WINDOWS\System32\SHELL32.dll
0x00007ff81ac70000 - 0x00007ff81add8000 	C:\WINDOWS\System32\wintypes.dll
0x00007ff818140000 - 0x00007ff818992000 	C:\WINDOWS\SYSTEM32\windows.storage.dll
0x00007ff81cf50000 - 0x00007ff81d03d000 	C:\WINDOWS\System32\SHCORE.dll
0x00007ff81cdc0000 - 0x00007ff81ce24000 	C:\WINDOWS\System32\shlwapi.dll
0x00007ff81a3f0000 - 0x00007ff81a41f000 	C:\WINDOWS\SYSTEM32\profapi.dll
0x00007fffee7a0000 - 0x00007fffee7b8000 	C:\Program Files\Java\jdk-17\bin\zip.dll
0x00007ffff1330000 - 0x00007ffff1349000 	C:\Program Files\Java\jdk-17\bin\net.dll
0x00007ff810f30000 - 0x00007ff81104d000 	C:\WINDOWS\SYSTEM32\WINHTTP.dll
0x00007ff8197c0000 - 0x00007ff81982a000 	C:\WINDOWS\system32\mswsock.dll
0x00007fffee8d0000 - 0x00007fffee8e6000 	C:\Program Files\Java\jdk-17\bin\nio.dll
0x00007ffff71d0000 - 0x00007ffff71ea000 	C:\Program Files\JetBrains\IntelliJ IDEA 2024.3.2\bin\breakgen64.dll
0x00007fffde910000 - 0x00007fffde934000 	C:\Users\omran\AppData\Local\Temp\jansi-2.4.1-87511ab2b25e91d7-jansi.dll
0x00007ffff83f0000 - 0x00007ffff8400000 	C:\Program Files\Java\jdk-17\bin\verify.dll
0x00007ff8193e0000 - 0x00007ff819415000 	C:\WINDOWS\SYSTEM32\ntmarta.dll

dbghelp: loaded successfully - version: 4.0.5 - missing functions: none
symbol engine: initialized successfully - sym options: 0x614 - pdb path: .;C:\Program Files\Java\jdk-17\bin;C:\WINDOWS\SYSTEM32;C:\WINDOWS\WinSxS\amd64_microsoft.windows.common-controls_6595b64144ccf1df_6.0.26100.3624_none_3e086962e3345f24;C:\Program Files\Java\jdk-17\bin\server;C:\Program Files\JetBrains\IntelliJ IDEA 2024.3.2\bin;C:\Users\omran\AppData\Local\Temp

VM Arguments:
jvm_args: -Dmaven.multiModuleProjectDirectory=C:\Users\omran\OneDrive\Bureau\gryffpi -Djansi.passthrough=true -Dmaven.home=C:\Program Files\JetBrains\IntelliJ IDEA 2024.3.2\plugins\maven\lib\maven3 -Dclassworlds.conf=C:\Program Files\JetBrains\IntelliJ IDEA 2024.3.2\plugins\maven\lib\maven3\bin\m2.conf -Dmaven.ext.class.path=C:\Program Files\JetBrains\IntelliJ IDEA 2024.3.2\plugins\maven\lib\maven-event-listener.jar -javaagent:C:\Program Files\JetBrains\IntelliJ IDEA 2024.3.2\lib\idea_rt.jar=61906:C:\Program Files\JetBrains\IntelliJ IDEA 2024.3.2\bin -Dfile.encoding=UTF-8 
java_command: org.codehaus.classworlds.Launcher -Didea.version=2024.3.2 org.openjfx:javafx-maven-plugin:0.0.8:run
java_class_path (initial): C:\Program Files\JetBrains\IntelliJ IDEA 2024.3.2\plugins\maven\lib\maven3\boot\plexus-classworlds-2.8.0.jar;C:\Program Files\JetBrains\IntelliJ IDEA 2024.3.2\plugins\maven\lib\maven3\boot\plexus-classworlds.license
Launcher Type: SUN_STANDARD

[Global flags]
     intx CICompilerCount                          = 4                                         {product} {ergonomic}
     uint ConcGCThreads                            = 3                                         {product} {ergonomic}
     uint G1ConcRefinementThreads                  = 10                                        {product} {ergonomic}
   size_t G1HeapRegionSize                         = 2097152                                   {product} {ergonomic}
    uintx GCDrainStackTargetSize                   = 64                                        {product} {ergonomic}
   size_t InitialHeapSize                          = 264241152                                 {product} {ergonomic}
   size_t MarkStackSize                            = 4194304                                   {product} {ergonomic}
   size_t MaxHeapSize                              = 4211081216                                {product} {ergonomic}
   size_t MaxNewSize                               = 2524971008                                {product} {ergonomic}
   size_t MinHeapDeltaBytes                        = 2097152                                   {product} {ergonomic}
   size_t MinHeapSize                              = 8388608                                   {product} {ergonomic}
    uintx NonNMethodCodeHeapSize                   = 5839372                                {pd product} {ergonomic}
    uintx NonProfiledCodeHeapSize                  = 122909434                              {pd product} {ergonomic}
    uintx ProfiledCodeHeapSize                     = 122909434                              {pd product} {ergonomic}
    uintx ReservedCodeCacheSize                    = 251658240                              {pd product} {ergonomic}
     bool SegmentedCodeCache                       = true                                      {product} {ergonomic}
   size_t SoftMaxHeapSize                          = 4211081216                             {manageable} {ergonomic}
     bool UseCompressedClassPointers               = true                           {product lp64_product} {ergonomic}
     bool UseCompressedOops                        = true                           {product lp64_product} {ergonomic}
     bool UseG1GC                                  = true                                      {product} {ergonomic}
     bool UseLargePagesIndividualAllocation        = false                                  {pd product} {ergonomic}

Logging:
Log output configuration:
 #0: stdout all=warning uptime,level,tags
 #1: stderr all=off uptime,level,tags

Environment Variables:
PATH=C:\Program Files\Common Files\Oracle\Java\javapath;C:\oraclexe\app\oracle\product\11.2.0\server\bin;C:\WINDOWS\system32;C:\WINDOWS;C:\WINDOWS\System32\Wbem;C:\WINDOWS\System32\WindowsPowerShell\v1.0\;C:\WINDOWS\System32\OpenSSH\;C:\msys64\mingw64\bin;C:\Program Files\Git\cmd;C:\Program Files\Java\jdk-17\bin;C:\Users\omran\AppData\Local\Microsoft\WindowsApps;C:\Users\omran\AppData\Local\Programs\Microsoft VS Code\bin;C:\Program Files\Java\jdk-17\bin;;C:\Program Files\JetBrains\IntelliJ IDEA 2024.3.2\bin;
USERNAME=omran
OS=Windows_NT
PROCESSOR_IDENTIFIER=Intel64 Family 6 Model 154 Stepping 4, GenuineIntel



---------------  S Y S T E M  ---------------

OS:
 Windows 11 , 64 bit Build 26100 (10.0.26100.3775)
OS uptime: 11 days 8:13 hours
Hyper-V role detected

CPU: total 12 (initial active 12) (6 cores per cpu, 2 threads per core) family 6 model 154 stepping 4 microcode 0x435, cx8, cmov, fxsr, ht, mmx, 3dnowpref, sse, sse2, sse3, ssse3, sse4.1, sse4.2, popcnt, lzcnt, tsc, tscinvbit, avx, avx2, aes, erms, clmul, bmi1, bmi2, adx, sha, fma, vzeroupper, clflush, clflushopt, clwb, hv

Memory: 4k page, system-wide physical 16057M (712M free)
TotalPageFile size 46455M (AvailPageFile size 36M)
current process WorkingSet (physical memory assigned to process): 210M, peak: 243M
current process commit charge ("private bytes"): 394M, peak: 427M

vm_info: Java HotSpot(TM) 64-Bit Server VM (17.0.12+8-LTS-286) for windows-amd64 JRE (17.0.12+8-LTS-286), built on Jun  5 2024 06:46:59 by "mach5one" with MS VC++ 17.6 (VS2022)

END.
