#
# There is insufficient memory for the Java Runtime Environment to continue.
# Native memory allocation (malloc) failed to allocate 1625776 bytes for Chunk::new
# Possible reasons:
#   The system is out of physical RAM or swap space
#   The process is running with CompressedOops enabled, and the Java Heap may be blocking the growth of the native heap
# Possible solutions:
#   Reduce memory load on the system
#   Increase physical memory or swap space
#   Check if swap backing store is full
#   Decrease Java heap size (-Xmx/-Xms)
#   Decrease number of Java threads
#   Decrease Java thread stack sizes (-Xss)
#   Set larger code cache with -XX:ReservedCodeCacheSize=
#   JVM is running with Zero Based Compressed Oops mode in which the Java heap is
#     placed in the first 32GB address space. The Java Heap base address is the
#     maximum limit for the native heap growth. Please use -XX:HeapBaseMinAddress
#     to set the Java Heap base and to place the Java Heap above 32GB virtual address.
# This output file may be truncated or incomplete.
#
#  Out of Memory Error (arena.cpp:189), pid=29532, tid=36648
#
# JRE version: Java(TM) SE Runtime Environment (17.0.12+8) (build 17.0.12+8-LTS-286)
# Java VM: Java HotSpot(TM) 64-Bit Server VM (17.0.12+8-LTS-286, mixed mode, sharing, tiered, compressed oops, compressed class ptrs, g1 gc, windows-amd64)
# No core dump will be written. Minidumps are not enabled by default on client versions of Windows
#

---------------  S U M M A R Y ------------

Command Line: -Dmaven.multiModuleProjectDirectory=C:\Users\omran\OneDrive\Bureau\gryffpi -Djansi.passthrough=true -Dmaven.home=C:\Program Files\JetBrains\IntelliJ IDEA 2024.3.2\plugins\maven\lib\maven3 -Dclassworlds.conf=C:\Program Files\JetBrains\IntelliJ IDEA 2024.3.2\plugins\maven\lib\maven3\bin\m2.conf -Dmaven.ext.class.path=C:\Program Files\JetBrains\IntelliJ IDEA 2024.3.2\plugins\maven\lib\maven-event-listener.jar -javaagent:C:\Program Files\JetBrains\IntelliJ IDEA 2024.3.2\lib\idea_rt.jar=54998:C:\Program Files\JetBrains\IntelliJ IDEA 2024.3.2\bin -Dfile.encoding=UTF-8 org.codehaus.classworlds.Launcher -Didea.version=2024.3.2 org.openjfx:javafx-maven-plugin:0.0.8:run

Host: 12th Gen Intel(R) Core(TM) i5-1235U, 12 cores, 15G,  Windows 11 , 64 bit Build 26100 (10.0.26100.3775)
Time: Tue May  6 22:31:05 2025 Afr. centrale Ouest elapsed time: 9.209404 seconds (0d 0h 0m 9s)

---------------  T H R E A D  ---------------

Current thread (0x000001f76d67d460):  JavaThread "C2 CompilerThread2" daemon [_thread_in_native, id=36648, stack(0x0000006fea300000,0x0000006fea400000)]


Current CompileTask:
C2:   9210 4225       4       jdk.internal.org.objectweb.asm.Frame::execute (2305 bytes)

Stack: [0x0000006fea300000,0x0000006fea400000]
Native frames: (J=compiled Java code, j=interpreted, Vv=VM code, C=native code)
V  [jvm.dll+0x67a04a]
V  [jvm.dll+0x7da4ed]
V  [jvm.dll+0x7dbe33]
V  [jvm.dll+0x7dc4a3]
V  [jvm.dll+0x24508f]
V  [jvm.dll+0xab773]
V  [jvm.dll+0xabd3c]
V  [jvm.dll+0x361b9f]
V  [jvm.dll+0x32c431]
V  [jvm.dll+0x32b8ca]
V  [jvm.dll+0x21683f]
V  [jvm.dll+0x215c6f]
V  [jvm.dll+0x1a2960]
V  [jvm.dll+0x22610b]
V  [jvm.dll+0x2242ab]
V  [jvm.dll+0x79075c]
V  [jvm.dll+0x78abea]
V  [jvm.dll+0x678f35]
C  [ucrtbase.dll+0x37b0]
C  [KERNEL32.DLL+0x2e8d7]
C  [ntdll.dll+0xb14fc]


---------------  P R O C E S S  ---------------

Threads class SMR info:
_java_thread_list=0x000001f76db69140, length=16, elements={
0x000001f7459df2f0, 0x000001f76872a5e0, 0x000001f76872c1b0, 0x000001f76873d9a0,
0x000001f768740370, 0x000001f768740d30, 0x000001f7687416f0, 0x000001f768742490,
0x000001f768743550, 0x000001f768754370, 0x000001f76878e5d0, 0x000001f768be1040,
0x000001f768be5f50, 0x000001f768bf2980, 0x000001f76d67d460, 0x000001f76e0343a0
}

Java Threads: ( => current thread )
  0x000001f7459df2f0 JavaThread "main" [_thread_in_native, id=27296, stack(0x0000006fe8e00000,0x0000006fe8f00000)]
  0x000001f76872a5e0 JavaThread "Reference Handler" daemon [_thread_blocked, id=33344, stack(0x0000006fe9500000,0x0000006fe9600000)]
  0x000001f76872c1b0 JavaThread "Finalizer" daemon [_thread_blocked, id=20396, stack(0x0000006fe9600000,0x0000006fe9700000)]
  0x000001f76873d9a0 JavaThread "Signal Dispatcher" daemon [_thread_blocked, id=35000, stack(0x0000006fe9700000,0x0000006fe9800000)]
  0x000001f768740370 JavaThread "Attach Listener" daemon [_thread_blocked, id=23804, stack(0x0000006fe9800000,0x0000006fe9900000)]
  0x000001f768740d30 JavaThread "Service Thread" daemon [_thread_blocked, id=11012, stack(0x0000006fe9900000,0x0000006fe9a00000)]
  0x000001f7687416f0 JavaThread "Monitor Deflation Thread" daemon [_thread_blocked, id=35788, stack(0x0000006fe9a00000,0x0000006fe9b00000)]
  0x000001f768742490 JavaThread "C2 CompilerThread0" daemon [_thread_in_native, id=16240, stack(0x0000006fe9b00000,0x0000006fe9c00000)]
  0x000001f768743550 JavaThread "C1 CompilerThread0" daemon [_thread_blocked, id=31612, stack(0x0000006fe9c00000,0x0000006fe9d00000)]
  0x000001f768754370 JavaThread "Sweeper thread" daemon [_thread_blocked, id=4060, stack(0x0000006fe9d00000,0x0000006fe9e00000)]
  0x000001f76878e5d0 JavaThread "Common-Cleaner" daemon [_thread_blocked, id=25700, stack(0x0000006fe9e00000,0x0000006fe9f00000)]
  0x000001f768be1040 JavaThread "Monitor Ctrl-Break" daemon [_thread_in_native, id=9180, stack(0x0000006fe9f00000,0x0000006fea000000)]
  0x000001f768be5f50 JavaThread "Notification Thread" daemon [_thread_blocked, id=31364, stack(0x0000006fea000000,0x0000006fea100000)]
  0x000001f768bf2980 JavaThread "C2 CompilerThread1" daemon [_thread_in_native, id=31860, stack(0x0000006fea200000,0x0000006fea300000)]
=>0x000001f76d67d460 JavaThread "C2 CompilerThread2" daemon [_thread_in_native, id=36648, stack(0x0000006fea300000,0x0000006fea400000)]
  0x000001f76e0343a0 JavaThread "Thread-1" daemon [_thread_blocked, id=36440, stack(0x0000006feac00000,0x0000006fead00000)]

Other Threads:
  0x000001f768725390 VMThread "VM Thread" [stack: 0x0000006fe9400000,0x0000006fe9500000] [id=6896]
  0x000001f745a86be0 WatcherThread [stack: 0x0000006fea100000,0x0000006fea200000] [id=16828]
  0x000001f745a4a1c0 GCTaskThread "GC Thread#0" [stack: 0x0000006fe8f00000,0x0000006fe9000000] [id=24316]
  0x000001f768c4d3c0 GCTaskThread "GC Thread#1" [stack: 0x0000006fea400000,0x0000006fea500000] [id=8364]
  0x000001f76da0d4e0 GCTaskThread "GC Thread#2" [stack: 0x0000006fea500000,0x0000006fea600000] [id=26440]
  0x000001f76d626590 GCTaskThread "GC Thread#3" [stack: 0x0000006fea600000,0x0000006fea700000] [id=14096]
  0x000001f76d6262d0 GCTaskThread "GC Thread#4" [stack: 0x0000006fea700000,0x0000006fea800000] [id=18312]
  0x000001f76d626850 GCTaskThread "GC Thread#5" [stack: 0x0000006fea800000,0x0000006fea900000] [id=14528]
  0x000001f76d625a90 GCTaskThread "GC Thread#6" [stack: 0x0000006fea900000,0x0000006feaa00000] [id=36392]
  0x000001f76d624cd0 GCTaskThread "GC Thread#7" [stack: 0x0000006feaa00000,0x0000006feab00000] [id=996]
  0x000001f76d625d50 GCTaskThread "GC Thread#8" [stack: 0x0000006feab00000,0x0000006feac00000] [id=21996]
  0x000001f745a5bc20 ConcurrentGCThread "G1 Main Marker" [stack: 0x0000006fe9000000,0x0000006fe9100000] [id=13392]
  0x000001f745a5c630 ConcurrentGCThread "G1 Conc#0" [stack: 0x0000006fe9100000,0x0000006fe9200000] [id=36016]
  0x000001f745aae560 ConcurrentGCThread "G1 Refine#0" [stack: 0x0000006fe9200000,0x0000006fe9300000] [id=36708]
  0x000001f768660860 ConcurrentGCThread "G1 Service" [stack: 0x0000006fe9300000,0x0000006fe9400000] [id=1012]

Threads with active compile tasks:
C2 CompilerThread0    13299 4263   !   4       com.google.inject.spi.InjectionPoint::getInjectionPoints (491 bytes)
C2 CompilerThread1    13299 4258       4       java.util.stream.SortedOps$SizedRefSortingSink::end (129 bytes)
C2 CompilerThread2    13299 4225       4       jdk.internal.org.objectweb.asm.Frame::execute (2305 bytes)

VM state: not at safepoint (normal execution)

VM Mutex/Monitor currently owned by a thread: None

Heap address: 0x0000000705000000, size: 4016 MB, Compressed Oops mode: Zero based, Oop shift amount: 3

CDS archive(s) mapped at: [0x000001f700000000-0x000001f700bd0000-0x000001f700bd0000), size 12386304, SharedBaseAddress: 0x000001f700000000, ArchiveRelocationMode: 1.
Compressed class space mapped at: 0x000001f701000000-0x000001f741000000, reserved size: 1073741824
Narrow klass base: 0x000001f700000000, Narrow klass shift: 0, Narrow klass range: 0x100000000

GC Precious Log:
 CPUs: 12 total, 12 available
 Memory: 16057M
 Large Page Support: Disabled
 NUMA Support: Disabled
 Compressed Oops: Enabled (Zero based)
 Heap Region Size: 2M
 Heap Min Capacity: 8M
 Heap Initial Capacity: 252M
 Heap Max Capacity: 4016M
 Pre-touch: Disabled
 Parallel Workers: 10
 Concurrent Workers: 3
 Concurrent Refinement Workers: 10
 Periodic GC: Disabled

Heap:
 garbage-first heap   total 258048K, used 117614K [0x0000000705000000, 0x0000000800000000)
  region size 2048K, 57 young (116736K), 1 survivors (2048K)
 Metaspace       used 18877K, committed 19136K, reserved 1114112K
  class space    used 2245K, committed 2368K, reserved 1048576K

Heap Regions: E=young(eden), S=young(survivor), O=old, HS=humongous(starts), HC=humongous(continues), CS=collection set, F=free, OA=open archive, CA=closed archive, TAMS=top-at-mark-start (previous, next)
|   0|0x0000000705000000, 0x0000000705200000, 0x0000000705200000|100%| O|  |TAMS 0x0000000705000000, 0x0000000705000000| Untracked 
|   1|0x0000000705200000, 0x0000000705374600, 0x0000000705400000| 72%| O|  |TAMS 0x0000000705200000, 0x0000000705200000| Untracked 
|   2|0x0000000705400000, 0x0000000705400000, 0x0000000705600000|  0%| F|  |TAMS 0x0000000705400000, 0x0000000705400000| Untracked 
|   3|0x0000000705600000, 0x0000000705600000, 0x0000000705800000|  0%| F|  |TAMS 0x0000000705600000, 0x0000000705600000| Untracked 
|   4|0x0000000705800000, 0x0000000705800000, 0x0000000705a00000|  0%| F|  |TAMS 0x0000000705800000, 0x0000000705800000| Untracked 
|   5|0x0000000705a00000, 0x0000000705a00000, 0x0000000705c00000|  0%| F|  |TAMS 0x0000000705a00000, 0x0000000705a00000| Untracked 
|   6|0x0000000705c00000, 0x0000000705c00000, 0x0000000705e00000|  0%| F|  |TAMS 0x0000000705c00000, 0x0000000705c00000| Untracked 
|   7|0x0000000705e00000, 0x0000000705e00000, 0x0000000706000000|  0%| F|  |TAMS 0x0000000705e00000, 0x0000000705e00000| Untracked 
|   8|0x0000000706000000, 0x0000000706000000, 0x0000000706200000|  0%| F|  |TAMS 0x0000000706000000, 0x0000000706000000| Untracked 
|   9|0x0000000706200000, 0x0000000706200000, 0x0000000706400000|  0%| F|  |TAMS 0x0000000706200000, 0x0000000706200000| Untracked 
|  10|0x0000000706400000, 0x0000000706400000, 0x0000000706600000|  0%| F|  |TAMS 0x0000000706400000, 0x0000000706400000| Untracked 
|  11|0x0000000706600000, 0x0000000706600000, 0x0000000706800000|  0%| F|  |TAMS 0x0000000706600000, 0x0000000706600000| Untracked 
|  12|0x0000000706800000, 0x0000000706800000, 0x0000000706a00000|  0%| F|  |TAMS 0x0000000706800000, 0x0000000706800000| Untracked 
|  13|0x0000000706a00000, 0x0000000706a00000, 0x0000000706c00000|  0%| F|  |TAMS 0x0000000706a00000, 0x0000000706a00000| Untracked 
|  14|0x0000000706c00000, 0x0000000706c00000, 0x0000000706e00000|  0%| F|  |TAMS 0x0000000706c00000, 0x0000000706c00000| Untracked 
|  15|0x0000000706e00000, 0x0000000706e00000, 0x0000000707000000|  0%| F|  |TAMS 0x0000000706e00000, 0x0000000706e00000| Untracked 
|  16|0x0000000707000000, 0x0000000707000000, 0x0000000707200000|  0%| F|  |TAMS 0x0000000707000000, 0x0000000707000000| Untracked 
|  17|0x0000000707200000, 0x0000000707200000, 0x0000000707400000|  0%| F|  |TAMS 0x0000000707200000, 0x0000000707200000| Untracked 
|  18|0x0000000707400000, 0x0000000707400000, 0x0000000707600000|  0%| F|  |TAMS 0x0000000707400000, 0x0000000707400000| Untracked 
|  19|0x0000000707600000, 0x0000000707600000, 0x0000000707800000|  0%| F|  |TAMS 0x0000000707600000, 0x0000000707600000| Untracked 
|  20|0x0000000707800000, 0x0000000707800000, 0x0000000707a00000|  0%| F|  |TAMS 0x0000000707800000, 0x0000000707800000| Untracked 
|  21|0x0000000707a00000, 0x0000000707a00000, 0x0000000707c00000|  0%| F|  |TAMS 0x0000000707a00000, 0x0000000707a00000| Untracked 
|  22|0x0000000707c00000, 0x0000000707c00000, 0x0000000707e00000|  0%| F|  |TAMS 0x0000000707c00000, 0x0000000707c00000| Untracked 
|  23|0x0000000707e00000, 0x0000000707e00000, 0x0000000708000000|  0%| F|  |TAMS 0x0000000707e00000, 0x0000000707e00000| Untracked 
|  24|0x0000000708000000, 0x0000000708000000, 0x0000000708200000|  0%| F|  |TAMS 0x0000000708000000, 0x0000000708000000| Untracked 
|  25|0x0000000708200000, 0x0000000708200000, 0x0000000708400000|  0%| F|  |TAMS 0x0000000708200000, 0x0000000708200000| Untracked 
|  26|0x0000000708400000, 0x0000000708400000, 0x0000000708600000|  0%| F|  |TAMS 0x0000000708400000, 0x0000000708400000| Untracked 
|  27|0x0000000708600000, 0x0000000708600000, 0x0000000708800000|  0%| F|  |TAMS 0x0000000708600000, 0x0000000708600000| Untracked 
|  28|0x0000000708800000, 0x0000000708800000, 0x0000000708a00000|  0%| F|  |TAMS 0x0000000708800000, 0x0000000708800000| Untracked 
|  29|0x0000000708a00000, 0x0000000708a00000, 0x0000000708c00000|  0%| F|  |TAMS 0x0000000708a00000, 0x0000000708a00000| Untracked 
|  30|0x0000000708c00000, 0x0000000708c00000, 0x0000000708e00000|  0%| F|  |TAMS 0x0000000708c00000, 0x0000000708c00000| Untracked 
|  31|0x0000000708e00000, 0x0000000708e00000, 0x0000000709000000|  0%| F|  |TAMS 0x0000000708e00000, 0x0000000708e00000| Untracked 
|  32|0x0000000709000000, 0x0000000709000000, 0x0000000709200000|  0%| F|  |TAMS 0x0000000709000000, 0x0000000709000000| Untracked 
|  33|0x0000000709200000, 0x0000000709200000, 0x0000000709400000|  0%| F|  |TAMS 0x0000000709200000, 0x0000000709200000| Untracked 
|  34|0x0000000709400000, 0x0000000709400000, 0x0000000709600000|  0%| F|  |TAMS 0x0000000709400000, 0x0000000709400000| Untracked 
|  35|0x0000000709600000, 0x0000000709600000, 0x0000000709800000|  0%| F|  |TAMS 0x0000000709600000, 0x0000000709600000| Untracked 
|  36|0x0000000709800000, 0x0000000709800000, 0x0000000709a00000|  0%| F|  |TAMS 0x0000000709800000, 0x0000000709800000| Untracked 
|  37|0x0000000709a00000, 0x0000000709a00000, 0x0000000709c00000|  0%| F|  |TAMS 0x0000000709a00000, 0x0000000709a00000| Untracked 
|  38|0x0000000709c00000, 0x0000000709c00000, 0x0000000709e00000|  0%| F|  |TAMS 0x0000000709c00000, 0x0000000709c00000| Untracked 
|  39|0x0000000709e00000, 0x0000000709e00000, 0x000000070a000000|  0%| F|  |TAMS 0x0000000709e00000, 0x0000000709e00000| Untracked 
|  40|0x000000070a000000, 0x000000070a000000, 0x000000070a200000|  0%| F|  |TAMS 0x000000070a000000, 0x000000070a000000| Untracked 
|  41|0x000000070a200000, 0x000000070a200000, 0x000000070a400000|  0%| F|  |TAMS 0x000000070a200000, 0x000000070a200000| Untracked 
|  42|0x000000070a400000, 0x000000070a400000, 0x000000070a600000|  0%| F|  |TAMS 0x000000070a400000, 0x000000070a400000| Untracked 
|  43|0x000000070a600000, 0x000000070a600000, 0x000000070a800000|  0%| F|  |TAMS 0x000000070a600000, 0x000000070a600000| Untracked 
|  44|0x000000070a800000, 0x000000070a800000, 0x000000070aa00000|  0%| F|  |TAMS 0x000000070a800000, 0x000000070a800000| Untracked 
|  45|0x000000070aa00000, 0x000000070aa00000, 0x000000070ac00000|  0%| F|  |TAMS 0x000000070aa00000, 0x000000070aa00000| Untracked 
|  46|0x000000070ac00000, 0x000000070ac00000, 0x000000070ae00000|  0%| F|  |TAMS 0x000000070ac00000, 0x000000070ac00000| Untracked 
|  47|0x000000070ae00000, 0x000000070ae00000, 0x000000070b000000|  0%| F|  |TAMS 0x000000070ae00000, 0x000000070ae00000| Untracked 
|  48|0x000000070b000000, 0x000000070b000000, 0x000000070b200000|  0%| F|  |TAMS 0x000000070b000000, 0x000000070b000000| Untracked 
|  49|0x000000070b200000, 0x000000070b200000, 0x000000070b400000|  0%| F|  |TAMS 0x000000070b200000, 0x000000070b200000| Untracked 
|  50|0x000000070b400000, 0x000000070b400000, 0x000000070b600000|  0%| F|  |TAMS 0x000000070b400000, 0x000000070b400000| Untracked 
|  51|0x000000070b600000, 0x000000070b600000, 0x000000070b800000|  0%| F|  |TAMS 0x000000070b600000, 0x000000070b600000| Untracked 
|  52|0x000000070b800000, 0x000000070b800000, 0x000000070ba00000|  0%| F|  |TAMS 0x000000070b800000, 0x000000070b800000| Untracked 
|  53|0x000000070ba00000, 0x000000070ba00000, 0x000000070bc00000|  0%| F|  |TAMS 0x000000070ba00000, 0x000000070ba00000| Untracked 
|  54|0x000000070bc00000, 0x000000070bc00000, 0x000000070be00000|  0%| F|  |TAMS 0x000000070bc00000, 0x000000070bc00000| Untracked 
|  55|0x000000070be00000, 0x000000070be00000, 0x000000070c000000|  0%| F|  |TAMS 0x000000070be00000, 0x000000070be00000| Untracked 
|  56|0x000000070c000000, 0x000000070c000000, 0x000000070c200000|  0%| F|  |TAMS 0x000000070c000000, 0x000000070c000000| Untracked 
|  57|0x000000070c200000, 0x000000070c200000, 0x000000070c400000|  0%| F|  |TAMS 0x000000070c200000, 0x000000070c200000| Untracked 
|  58|0x000000070c400000, 0x000000070c400000, 0x000000070c600000|  0%| F|  |TAMS 0x000000070c400000, 0x000000070c400000| Untracked 
|  59|0x000000070c600000, 0x000000070c600000, 0x000000070c800000|  0%| F|  |TAMS 0x000000070c600000, 0x000000070c600000| Untracked 
|  60|0x000000070c800000, 0x000000070c800000, 0x000000070ca00000|  0%| F|  |TAMS 0x000000070c800000, 0x000000070c800000| Untracked 
|  61|0x000000070ca00000, 0x000000070ca00000, 0x000000070cc00000|  0%| F|  |TAMS 0x000000070ca00000, 0x000000070ca00000| Untracked 
|  62|0x000000070cc00000, 0x000000070cc00000, 0x000000070ce00000|  0%| F|  |TAMS 0x000000070cc00000, 0x000000070cc00000| Untracked 
|  63|0x000000070ce00000, 0x000000070ce00000, 0x000000070d000000|  0%| F|  |TAMS 0x000000070ce00000, 0x000000070ce00000| Untracked 
|  64|0x000000070d000000, 0x000000070d000000, 0x000000070d200000|  0%| F|  |TAMS 0x000000070d000000, 0x000000070d000000| Untracked 
|  65|0x000000070d200000, 0x000000070d200000, 0x000000070d400000|  0%| F|  |TAMS 0x000000070d200000, 0x000000070d200000| Untracked 
|  66|0x000000070d400000, 0x000000070d400000, 0x000000070d600000|  0%| F|  |TAMS 0x000000070d400000, 0x000000070d400000| Untracked 
|  67|0x000000070d600000, 0x000000070d600000, 0x000000070d800000|  0%| F|  |TAMS 0x000000070d600000, 0x000000070d600000| Untracked 
|  68|0x000000070d800000, 0x000000070d800000, 0x000000070da00000|  0%| F|  |TAMS 0x000000070d800000, 0x000000070d800000| Untracked 
|  69|0x000000070da00000, 0x000000070dc00000, 0x000000070dc00000|100%| E|  |TAMS 0x000000070da00000, 0x000000070da00000| Complete 
|  70|0x000000070dc00000, 0x000000070de00000, 0x000000070de00000|100%| E|CS|TAMS 0x000000070dc00000, 0x000000070dc00000| Complete 
|  71|0x000000070de00000, 0x000000070e000000, 0x000000070e000000|100%| E|CS|TAMS 0x000000070de00000, 0x000000070de00000| Complete 
|  72|0x000000070e000000, 0x000000070e200000, 0x000000070e200000|100%| E|CS|TAMS 0x000000070e000000, 0x000000070e000000| Complete 
|  73|0x000000070e200000, 0x000000070e400000, 0x000000070e400000|100%| E|CS|TAMS 0x000000070e200000, 0x000000070e200000| Complete 
|  74|0x000000070e400000, 0x000000070e600000, 0x000000070e600000|100%| E|CS|TAMS 0x000000070e400000, 0x000000070e400000| Complete 
|  75|0x000000070e600000, 0x000000070e800000, 0x000000070e800000|100%| E|CS|TAMS 0x000000070e600000, 0x000000070e600000| Complete 
|  76|0x000000070e800000, 0x000000070ea00000, 0x000000070ea00000|100%| E|CS|TAMS 0x000000070e800000, 0x000000070e800000| Complete 
|  77|0x000000070ea00000, 0x000000070ec00000, 0x000000070ec00000|100%| E|CS|TAMS 0x000000070ea00000, 0x000000070ea00000| Complete 
|  78|0x000000070ec00000, 0x000000070ee00000, 0x000000070ee00000|100%| E|CS|TAMS 0x000000070ec00000, 0x000000070ec00000| Complete 
|  79|0x000000070ee00000, 0x000000070f000000, 0x000000070f000000|100%| E|CS|TAMS 0x000000070ee00000, 0x000000070ee00000| Complete 
|  80|0x000000070f000000, 0x000000070f200000, 0x000000070f200000|100%| E|CS|TAMS 0x000000070f000000, 0x000000070f000000| Complete 
|  81|0x000000070f200000, 0x000000070f400000, 0x000000070f400000|100%| E|CS|TAMS 0x000000070f200000, 0x000000070f200000| Complete 
|  82|0x000000070f400000, 0x000000070f600000, 0x000000070f600000|100%| E|CS|TAMS 0x000000070f400000, 0x000000070f400000| Complete 
|  83|0x000000070f600000, 0x000000070f800000, 0x000000070f800000|100%| E|CS|TAMS 0x000000070f600000, 0x000000070f600000| Complete 
|  84|0x000000070f800000, 0x000000070fa00000, 0x000000070fa00000|100%| E|CS|TAMS 0x000000070f800000, 0x000000070f800000| Complete 
|  85|0x000000070fa00000, 0x000000070fc00000, 0x000000070fc00000|100%| E|CS|TAMS 0x000000070fa00000, 0x000000070fa00000| Complete 
|  86|0x000000070fc00000, 0x000000070fe00000, 0x000000070fe00000|100%| E|CS|TAMS 0x000000070fc00000, 0x000000070fc00000| Complete 
|  87|0x000000070fe00000, 0x0000000710000000, 0x0000000710000000|100%| E|CS|TAMS 0x000000070fe00000, 0x000000070fe00000| Complete 
|  88|0x0000000710000000, 0x0000000710200000, 0x0000000710200000|100%| E|CS|TAMS 0x0000000710000000, 0x0000000710000000| Complete 
|  89|0x0000000710200000, 0x0000000710400000, 0x0000000710400000|100%| E|CS|TAMS 0x0000000710200000, 0x0000000710200000| Complete 
|  90|0x0000000710400000, 0x0000000710600000, 0x0000000710600000|100%| E|CS|TAMS 0x0000000710400000, 0x0000000710400000| Complete 
|  91|0x0000000710600000, 0x0000000710800000, 0x0000000710800000|100%| E|CS|TAMS 0x0000000710600000, 0x0000000710600000| Complete 
|  92|0x0000000710800000, 0x0000000710a00000, 0x0000000710a00000|100%| E|CS|TAMS 0x0000000710800000, 0x0000000710800000| Complete 
|  93|0x0000000710a00000, 0x0000000710c00000, 0x0000000710c00000|100%| E|CS|TAMS 0x0000000710a00000, 0x0000000710a00000| Complete 
|  94|0x0000000710c00000, 0x0000000710e00000, 0x0000000710e00000|100%| E|CS|TAMS 0x0000000710c00000, 0x0000000710c00000| Complete 
|  95|0x0000000710e00000, 0x0000000711000000, 0x0000000711000000|100%| E|CS|TAMS 0x0000000710e00000, 0x0000000710e00000| Complete 
|  96|0x0000000711000000, 0x0000000711200000, 0x0000000711200000|100%| E|CS|TAMS 0x0000000711000000, 0x0000000711000000| Complete 
|  97|0x0000000711200000, 0x0000000711400000, 0x0000000711400000|100%| E|CS|TAMS 0x0000000711200000, 0x0000000711200000| Complete 
|  98|0x0000000711400000, 0x0000000711600000, 0x0000000711600000|100%| E|CS|TAMS 0x0000000711400000, 0x0000000711400000| Complete 
|  99|0x0000000711600000, 0x0000000711800000, 0x0000000711800000|100%| E|CS|TAMS 0x0000000711600000, 0x0000000711600000| Complete 
| 100|0x0000000711800000, 0x0000000711a00000, 0x0000000711a00000|100%| E|CS|TAMS 0x0000000711800000, 0x0000000711800000| Complete 
| 101|0x0000000711a00000, 0x0000000711c00000, 0x0000000711c00000|100%| E|CS|TAMS 0x0000000711a00000, 0x0000000711a00000| Complete 
| 102|0x0000000711c00000, 0x0000000711e00000, 0x0000000711e00000|100%| E|CS|TAMS 0x0000000711c00000, 0x0000000711c00000| Complete 
| 103|0x0000000711e00000, 0x0000000712000000, 0x0000000712000000|100%| E|CS|TAMS 0x0000000711e00000, 0x0000000711e00000| Complete 
| 104|0x0000000712000000, 0x0000000712200000, 0x0000000712200000|100%| E|CS|TAMS 0x0000000712000000, 0x0000000712000000| Complete 
| 105|0x0000000712200000, 0x0000000712400000, 0x0000000712400000|100%| E|CS|TAMS 0x0000000712200000, 0x0000000712200000| Complete 
| 106|0x0000000712400000, 0x0000000712600000, 0x0000000712600000|100%| E|CS|TAMS 0x0000000712400000, 0x0000000712400000| Complete 
| 107|0x0000000712600000, 0x0000000712800000, 0x0000000712800000|100%| E|CS|TAMS 0x0000000712600000, 0x0000000712600000| Complete 
| 108|0x0000000712800000, 0x0000000712a00000, 0x0000000712a00000|100%| E|CS|TAMS 0x0000000712800000, 0x0000000712800000| Complete 
| 109|0x0000000712a00000, 0x0000000712b67240, 0x0000000712c00000| 70%| S|CS|TAMS 0x0000000712a00000, 0x0000000712a00000| Complete 
| 110|0x0000000712c00000, 0x0000000712e00000, 0x0000000712e00000|100%| E|CS|TAMS 0x0000000712c00000, 0x0000000712c00000| Complete 
| 111|0x0000000712e00000, 0x0000000713000000, 0x0000000713000000|100%| E|CS|TAMS 0x0000000712e00000, 0x0000000712e00000| Complete 
| 112|0x0000000713000000, 0x0000000713200000, 0x0000000713200000|100%| E|CS|TAMS 0x0000000713000000, 0x0000000713000000| Complete 
| 113|0x0000000713200000, 0x0000000713400000, 0x0000000713400000|100%| E|CS|TAMS 0x0000000713200000, 0x0000000713200000| Complete 
| 114|0x0000000713400000, 0x0000000713600000, 0x0000000713600000|100%| E|CS|TAMS 0x0000000713400000, 0x0000000713400000| Complete 
| 115|0x0000000713600000, 0x0000000713800000, 0x0000000713800000|100%| E|CS|TAMS 0x0000000713600000, 0x0000000713600000| Complete 
| 116|0x0000000713800000, 0x0000000713a00000, 0x0000000713a00000|100%| E|CS|TAMS 0x0000000713800000, 0x0000000713800000| Complete 
| 117|0x0000000713a00000, 0x0000000713c00000, 0x0000000713c00000|100%| E|CS|TAMS 0x0000000713a00000, 0x0000000713a00000| Complete 
| 118|0x0000000713c00000, 0x0000000713e00000, 0x0000000713e00000|100%| E|CS|TAMS 0x0000000713c00000, 0x0000000713c00000| Complete 
| 119|0x0000000713e00000, 0x0000000714000000, 0x0000000714000000|100%| E|CS|TAMS 0x0000000713e00000, 0x0000000713e00000| Complete 
| 120|0x0000000714000000, 0x0000000714200000, 0x0000000714200000|100%| E|CS|TAMS 0x0000000714000000, 0x0000000714000000| Complete 
| 121|0x0000000714200000, 0x0000000714400000, 0x0000000714400000|100%| E|CS|TAMS 0x0000000714200000, 0x0000000714200000| Complete 
| 122|0x0000000714400000, 0x0000000714600000, 0x0000000714600000|100%| E|CS|TAMS 0x0000000714400000, 0x0000000714400000| Complete 
| 123|0x0000000714600000, 0x0000000714800000, 0x0000000714800000|100%| E|CS|TAMS 0x0000000714600000, 0x0000000714600000| Complete 
| 124|0x0000000714800000, 0x0000000714a00000, 0x0000000714a00000|100%| E|CS|TAMS 0x0000000714800000, 0x0000000714800000| Complete 
| 125|0x0000000714a00000, 0x0000000714c00000, 0x0000000714c00000|100%| E|CS|TAMS 0x0000000714a00000, 0x0000000714a00000| Complete 

Card table byte_map: [0x000001f75cfd0000,0x000001f75d7b0000] _byte_map_base: 0x000001f7597a8000

Marking Bits (Prev, Next): (CMBitMap*) 0x000001f745a4b7f0, (CMBitMap*) 0x000001f745a4b830
 Prev Bits: [0x000001f75df90000, 0x000001f761e50000)
 Next Bits: [0x000001f761e50000, 0x000001f765d10000)

Polling page: 0x000001f7436d0000

Metaspace:

Usage:
  Non-class:     16.24 MB used.
      Class:      2.19 MB used.
       Both:     18.44 MB used.

Virtual space:
  Non-class space:       64.00 MB reserved,      16.38 MB ( 26%) committed,  1 nodes.
      Class space:        1.00 GB reserved,       2.31 MB ( <1%) committed,  1 nodes.
             Both:        1.06 GB reserved,      18.69 MB (  2%) committed. 

Chunk freelists:
   Non-Class:  15.66 MB
       Class:  13.55 MB
        Both:  29.20 MB

MaxMetaspaceSize: unlimited
CompressedClassSpaceSize: 1.00 GB
Initial GC threshold: 21.00 MB
Current GC threshold: 21.00 MB
CDS: on
MetaspaceReclaimPolicy: balanced
 - commit_granule_bytes: 65536.
 - commit_granule_words: 8192.
 - virtual_space_node_default_size: 8388608.
 - enlarge_chunks_in_place: 1.
 - new_chunks_are_fully_committed: 0.
 - uncommit_free_chunks: 1.
 - use_allocation_guard: 0.
 - handle_deallocations: 1.


Internal statistics:

num_allocs_failed_limit: 0.
num_arena_births: 122.
num_arena_deaths: 0.
num_vsnodes_births: 2.
num_vsnodes_deaths: 0.
num_space_committed: 299.
num_space_uncommitted: 0.
num_chunks_returned_to_freelist: 0.
num_chunks_taken_from_freelist: 824.
num_chunk_merges: 0.
num_chunk_splits: 547.
num_chunks_enlarged: 421.
num_inconsistent_stats: 0.

CodeHeap 'non-profiled nmethods': size=120000Kb used=2284Kb max_used=2284Kb free=117715Kb
 bounds [0x000001f754d70000, 0x000001f754fe0000, 0x000001f75c2a0000]
CodeHeap 'profiled nmethods': size=120000Kb used=8868Kb max_used=8868Kb free=111131Kb
 bounds [0x000001f74d2a0000, 0x000001f74db50000, 0x000001f7547d0000]
CodeHeap 'non-nmethods': size=5760Kb used=1195Kb max_used=1225Kb free=4564Kb
 bounds [0x000001f7547d0000, 0x000001f754a40000, 0x000001f754d70000]
 total_blobs=4782 nmethods=4293 adapters=401
 compilation: enabled
              stopped_count=0, restarted_count=0
 full_count=0

Compilation events (20 events):
Event: 7.162 Thread 0x000001f768743550 4283   !   3       com.google.inject.internal.AbstractBindingProcessor::putBinding (160 bytes)
Event: 7.166 Thread 0x000001f768743550 nmethod 4283 0x000001f74db3b290 code [0x000001f74db3b5e0, 0x000001f74db3c9e8]
Event: 7.166 Thread 0x000001f768743550 4285       3       com.google.inject.internal.InjectorJitBindingData::getJitBinding (14 bytes)
Event: 7.166 Thread 0x000001f768743550 nmethod 4285 0x000001f74db3d290 code [0x000001f74db3d440, 0x000001f74db3d708]
Event: 7.166 Thread 0x000001f768743550 4279       3       com.google.inject.internal.Scoping$4::getScopeInstance (4 bytes)
Event: 7.167 Thread 0x000001f768743550 nmethod 4279 0x000001f74db3d810 code [0x000001f74db3d9a0, 0x000001f74db3dab8]
Event: 7.167 Thread 0x000001f768743550 4275       3       com.google.common.cache.LocalCache::discardingQueue (4 bytes)
Event: 7.167 Thread 0x000001f768743550 nmethod 4275 0x000001f74db3db90 code [0x000001f74db3dd20, 0x000001f74db3de18]
Event: 7.167 Thread 0x000001f768743550 4286       1       org.eclipse.sisu.plexus.ComponentDescriptorBeanModule$ComponentMetadata::getConfiguration (2 bytes)
Event: 7.167 Thread 0x000001f768743550 nmethod 4286 0x000001f754faa510 code [0x000001f754faa6a0, 0x000001f754faa778]
Event: 7.167 Thread 0x000001f768743550 4277       3       com.google.common.collect.ImmutableCollection::toArray (67 bytes)
Event: 7.168 Thread 0x000001f768743550 nmethod 4277 0x000001f74db3de90 code [0x000001f74db3e120, 0x000001f74db3ee08]
Event: 7.168 Thread 0x000001f768743550 4287       3       com.google.common.collect.MapMakerInternalMap::rehash (49 bytes)
Event: 7.169 Thread 0x000001f768743550 nmethod 4287 0x000001f74db3f190 code [0x000001f74db3f320, 0x000001f74db3f458]
Event: 7.169 Thread 0x000001f768743550 4288   !   3       com.google.common.collect.MapMakerInternalMap$Segment::containsKey (58 bytes)
Event: 7.171 Thread 0x000001f768743550 nmethod 4288 0x000001f74db3f510 code [0x000001f74db3f760, 0x000001f74db40528]
Event: 7.171 Thread 0x000001f768743550 4278       3       com.google.common.collect.ImmutableCollection::toArray (8 bytes)
Event: 7.171 Thread 0x000001f768743550 nmethod 4278 0x000001f74db40910 code [0x000001f74db40ac0, 0x000001f74db40c08]
Event: 7.171 Thread 0x000001f768743550 4276       1       com.google.inject.spi.TypeConverterBinding::getSource (5 bytes)
Event: 7.172 Thread 0x000001f768743550 nmethod 4276 0x000001f754faa810 code [0x000001f754faa9a0, 0x000001f754faaa78]

GC Heap History (4 events):
Event: 0.815 GC heap before
{Heap before GC invocations=0 (full 0):
 garbage-first heap   total 258048K, used 22528K [0x0000000705000000, 0x0000000800000000)
  region size 2048K, 11 young (22528K), 0 survivors (0K)
 Metaspace       used 5741K, committed 5888K, reserved 1114112K
  class space    used 681K, committed 768K, reserved 1048576K
}
Event: 0.822 GC heap after
{Heap after GC invocations=1 (full 0):
 garbage-first heap   total 258048K, used 3812K [0x0000000705000000, 0x0000000800000000)
  region size 2048K, 2 young (4096K), 2 survivors (4096K)
 Metaspace       used 5741K, committed 5888K, reserved 1114112K
  class space    used 681K, committed 768K, reserved 1048576K
}
Event: 1.321 GC heap before
{Heap before GC invocations=1 (full 0):
 garbage-first heap   total 258048K, used 32484K [0x0000000705000000, 0x0000000800000000)
  region size 2048K, 16 young (32768K), 2 survivors (4096K)
 Metaspace       used 8830K, committed 8960K, reserved 1114112K
  class space    used 1057K, committed 1152K, reserved 1048576K
}
Event: 1.330 GC heap after
{Heap after GC invocations=2 (full 0):
 garbage-first heap   total 258048K, used 4974K [0x0000000705000000, 0x0000000800000000)
  region size 2048K, 1 young (2048K), 1 survivors (2048K)
 Metaspace       used 8830K, committed 8960K, reserved 1114112K
  class space    used 1057K, committed 1152K, reserved 1048576K
}

Deoptimization events (20 events):
Event: 3.249 Thread 0x000001f7459df2f0 Uncommon trap: trap_request=0xffffffde fr.pc=0x000001f754dc0f10 relative=0x0000000000001070
Event: 3.249 Thread 0x000001f7459df2f0 Uncommon trap: reason=class_check action=maybe_recompile pc=0x000001f754dc0f10 method=java.util.concurrent.ConcurrentHashMap.putVal(Ljava/lang/Object;Ljava/lang/Object;Z)Ljava/lang/Object; @ 242 c2
Event: 3.249 Thread 0x000001f7459df2f0 DEOPT PACKING pc=0x000001f754dc0f10 sp=0x0000006fe8efca40
Event: 3.249 Thread 0x000001f7459df2f0 DEOPT UNPACKING pc=0x000001f7548223a3 sp=0x0000006fe8efc9b0 mode 2
Event: 3.285 Thread 0x000001f7459df2f0 Uncommon trap: trap_request=0xffffffde fr.pc=0x000001f754dc0f10 relative=0x0000000000001070
Event: 3.285 Thread 0x000001f7459df2f0 Uncommon trap: reason=class_check action=maybe_recompile pc=0x000001f754dc0f10 method=java.util.concurrent.ConcurrentHashMap.putVal(Ljava/lang/Object;Ljava/lang/Object;Z)Ljava/lang/Object; @ 242 c2
Event: 3.285 Thread 0x000001f7459df2f0 DEOPT PACKING pc=0x000001f754dc0f10 sp=0x0000006fe8efca40
Event: 3.285 Thread 0x000001f7459df2f0 DEOPT UNPACKING pc=0x000001f7548223a3 sp=0x0000006fe8efc9b0 mode 2
Event: 3.581 Thread 0x000001f7459df2f0 Uncommon trap: trap_request=0xffffffc6 fr.pc=0x000001f754ef9a68 relative=0x0000000000000508
Event: 3.581 Thread 0x000001f7459df2f0 Uncommon trap: reason=bimorphic_or_optimized_type_check action=maybe_recompile pc=0x000001f754ef9a68 method=java.util.regex.Pattern$Slice.match(Ljava/util/regex/Matcher;ILjava/lang/CharSequence;)Z @ 75 c2
Event: 3.581 Thread 0x000001f7459df2f0 DEOPT PACKING pc=0x000001f754ef9a68 sp=0x0000006fe8efbc20
Event: 3.581 Thread 0x000001f7459df2f0 DEOPT UNPACKING pc=0x000001f7548223a3 sp=0x0000006fe8efbbb0 mode 2
Event: 3.585 Thread 0x000001f7459df2f0 DEOPT PACKING pc=0x000001f74d360809 sp=0x0000006fe8efbb40
Event: 3.585 Thread 0x000001f7459df2f0 DEOPT UNPACKING pc=0x000001f754822b43 sp=0x0000006fe8efb020 mode 0
Event: 3.900 Thread 0x000001f7459df2f0 Uncommon trap: trap_request=0xffffff45 fr.pc=0x000001f754db319c relative=0x000000000000245c
Event: 3.900 Thread 0x000001f7459df2f0 Uncommon trap: reason=unstable_if action=reinterpret pc=0x000001f754db319c method=jdk.internal.loader.URLClassPath$JarLoader.getResource(Ljava/lang/String;Z)Ljdk/internal/loader/Resource; @ 42 c2
Event: 3.900 Thread 0x000001f7459df2f0 DEOPT PACKING pc=0x000001f754db319c sp=0x0000006fe8efc570
Event: 3.900 Thread 0x000001f7459df2f0 DEOPT UNPACKING pc=0x000001f7548223a3 sp=0x0000006fe8efc578 mode 2
Event: 3.945 Thread 0x000001f7459df2f0 DEOPT PACKING pc=0x000001f74d4c974c sp=0x0000006fe8efc0e0
Event: 3.945 Thread 0x000001f7459df2f0 DEOPT UNPACKING pc=0x000001f754822b43 sp=0x0000006fe8efb660 mode 0

Classes unloaded (0 events):
No events

Classes redefined (0 events):
No events

Internal exceptions (20 events):
Event: 1.524 Thread 0x000001f7459df2f0 Exception <a 'java/lang/NoSuchMethodError'{0x000000071410b448}: 'void java.lang.invoke.DirectMethodHandle$Holder.invokeStaticInit(java.lang.Object, java.lang.Object, java.lang.Object)'> (0x000000071410b448) 
thrown [s\open\src\hotspot\share\interpreter\linkResolver.cpp, line 759]
Event: 1.531 Thread 0x000001f7459df2f0 Exception <a 'java/lang/ExceptionInInitializerError'{0x0000000714137578}> (0x0000000714137578) 
thrown [s\open\src\hotspot\share\oops\instanceKlass.cpp, line 1216]
Event: 1.575 Thread 0x000001f7459df2f0 Implicit null exception at 0x000001f754dedfaf to 0x000001f754dee110
Event: 1.582 Thread 0x000001f7459df2f0 Exception <a 'java/lang/NoSuchMethodError'{0x0000000713e4bc80}: 'java.lang.Object java.lang.invoke.Invokers$Holder.invokeExact_MT(java.lang.Object, int, java.lang.Object)'> (0x0000000713e4bc80) 
thrown [s\open\src\hotspot\share\interpreter\linkResolver.cpp, line 759]
Event: 1.600 Thread 0x000001f7459df2f0 Exception <a 'java/lang/NoSuchMethodError'{0x0000000713eb9950}: 'int java.lang.invoke.DirectMethodHandle$Holder.invokeSpecial(java.lang.Object, java.lang.Object, java.lang.Object, java.lang.Object)'> (0x0000000713eb9950) 
thrown [s\open\src\hotspot\share\interpreter\linkResolver.cpp, line 759]
Event: 1.848 Thread 0x000001f7459df2f0 Exception <a 'java/lang/NoClassDefFoundError'{0x0000000713719d28}: com/google/inject/servlet/ServletModuleTargetVisitor> (0x0000000713719d28) 
thrown [s\open\src\hotspot\share\classfile\systemDictionary.cpp, line 245]
Event: 1.921 Thread 0x000001f7459df2f0 Exception <a 'java/lang/NoSuchMethodError'{0x00000007135a06e0}: 'void java.lang.invoke.DirectMethodHandle$Holder.invokeVirtual(java.lang.Object, java.lang.Object)'> (0x00000007135a06e0) 
thrown [s\open\src\hotspot\share\interpreter\linkResolver.cpp, line 759]
Event: 1.948 Thread 0x000001f7459df2f0 Exception <a 'java/lang/NoSuchMethodError'{0x0000000713228388}: 'java.lang.Object java.lang.invoke.DirectMethodHandle$Holder.invokeStaticInit(java.lang.Object, int, int, int, int)'> (0x0000000713228388) 
thrown [s\open\src\hotspot\share\interpreter\linkResolver.cpp, line 759]
Event: 2.057 Thread 0x000001f7459df2f0 Exception <a 'java/lang/NoSuchMethodError'{0x0000000712fec328}: 'void java.lang.invoke.DirectMethodHandle$Holder.invokeSpecial(java.lang.Object, java.lang.Object, java.lang.Object, java.lang.Object, java.lang.Object)'> (0x0000000712fec328) 
thrown [s\open\src\hotspot\share\interpreter\linkResolver.cpp, line 759]
Event: 2.059 Thread 0x000001f7459df2f0 Exception <a 'java/lang/NoSuchMethodError'{0x0000000712c0a988}: 'java.lang.Object java.lang.invoke.DirectMethodHandle$Holder.invokeVirtual(java.lang.Object, java.lang.Object, java.lang.Object)'> (0x0000000712c0a988) 
thrown [s\open\src\hotspot\share\interpreter\linkResolver.cpp, line 759]
Event: 2.061 Thread 0x000001f7459df2f0 Exception <a 'java/lang/NoSuchMethodError'{0x0000000712c19bf8}: 'void java.lang.invoke.DirectMethodHandle$Holder.invokeSpecial(java.lang.Object, java.lang.Object, java.lang.Object, java.lang.Object, java.lang.Object, java.lang.Object)'> (0x0000000712c19bf8) 
thrown [s\open\src\hotspot\share\interpreter\linkResolver.cpp, line 759]
Event: 2.306 Thread 0x000001f7459df2f0 Implicit null exception at 0x000001f754e5dd6f to 0x000001f754e5f84c
Event: 2.307 Thread 0x000001f7459df2f0 Implicit null exception at 0x000001f754e0780f to 0x000001f754e07c5c
Event: 2.307 Thread 0x000001f7459df2f0 Implicit null exception at 0x000001f754e7e658 to 0x000001f754e7e6ee
Event: 2.438 Thread 0x000001f7459df2f0 Implicit null exception at 0x000001f754dcdf8e to 0x000001f754dce374
Event: 2.438 Thread 0x000001f7459df2f0 Implicit null exception at 0x000001f754e1bc0f to 0x000001f754e1bc89
Event: 2.466 Thread 0x000001f7459df2f0 Exception <a 'java/lang/NoSuchMethodError'{0x0000000711cd3888}: 'java.lang.Object java.lang.invoke.DirectMethodHandle$Holder.newInvokeSpecial(java.lang.Object, java.lang.Object, java.lang.Object, java.lang.Object, java.lang.Object, java.lang.Object, java.lang.Object)'> (0x0000000711cd3888) 
thrown [s\open\src\hotspot\share\interpreter\linkResolver.cpp, line 759]
Event: 2.467 Thread 0x000001f7459df2f0 Exception <a 'java/lang/NoSuchMethodError'{0x0000000711cd8198}: 'java.lang.Object java.lang.invoke.Invokers$Holder.linkToTargetMethod(java.lang.Object, java.lang.Object, java.lang.Object, java.lang.Object, java.lang.Object, java.lang.Object, java.lang.Object)'> (0x0000000711cd8198) 
thrown [s\open\src\hotspot\share\interpreter\linkResolver.cpp, line 759]
Event: 2.745 Thread 0x000001f7459df2f0 Exception <a 'java/lang/NoSuchMethodError'{0x00000007112d5f38}: 'int java.lang.invoke.DirectMethodHandle$Holder.invokeVirtual(java.lang.Object, java.lang.Object)'> (0x00000007112d5f38) 
thrown [s\open\src\hotspot\share\interpreter\linkResolver.cpp, line 759]
Event: 2.779 Thread 0x000001f7459df2f0 Exception <a 'java/lang/NoSuchMethodError'{0x00000007110c9938}: 'int java.lang.invoke.DirectMethodHandle$Holder.invokeStatic(java.lang.Object, java.lang.Object, int)'> (0x00000007110c9938) 
thrown [s\open\src\hotspot\share\interpreter\linkResolver.cpp, line 759]

VM Operations (20 events):
Event: 2.019 Executing VM operation: HandshakeAllThreads
Event: 2.019 Executing VM operation: HandshakeAllThreads done
Event: 2.143 Executing VM operation: ICBufferFull
Event: 2.144 Executing VM operation: ICBufferFull done
Event: 2.563 Executing VM operation: ICBufferFull
Event: 2.563 Executing VM operation: ICBufferFull done
Event: 2.721 Executing VM operation: HandshakeAllThreads
Event: 2.722 Executing VM operation: HandshakeAllThreads done
Event: 2.809 Executing VM operation: ICBufferFull
Event: 2.809 Executing VM operation: ICBufferFull done
Event: 3.215 Executing VM operation: ICBufferFull
Event: 3.215 Executing VM operation: ICBufferFull done
Event: 4.025 Executing VM operation: HandshakeAllThreads
Event: 4.025 Executing VM operation: HandshakeAllThreads done
Event: 4.087 Executing VM operation: HandshakeAllThreads
Event: 4.087 Executing VM operation: HandshakeAllThreads done
Event: 5.088 Executing VM operation: Cleanup
Event: 5.118 Executing VM operation: Cleanup done
Event: 8.156 Executing VM operation: Cleanup
Event: 8.202 Executing VM operation: Cleanup done

Events (20 events):
Event: 2.769 loading class jdk/internal/reflect/UnsafeBooleanFieldAccessorImpl
Event: 2.769 loading class jdk/internal/reflect/UnsafeBooleanFieldAccessorImpl done
Event: 2.799 loading class java/nio/file/attribute/PosixFileAttributes
Event: 2.799 loading class java/nio/file/attribute/PosixFileAttributes done
Event: 3.046 loading class java/io/FileWriter
Event: 3.046 loading class java/io/FileWriter done
Event: 3.060 loading class jdk/internal/reflect/UnsafeIntegerFieldAccessorImpl
Event: 3.061 loading class jdk/internal/reflect/UnsafeIntegerFieldAccessorImpl done
Event: 3.063 loading class java/util/ServiceConfigurationError
Event: 3.064 loading class java/util/ServiceConfigurationError done
Event: 4.025 loading class java/io/PrintWriter
Event: 4.026 loading class java/io/PrintWriter done
Event: 4.028 loading class java/util/zip/GZIPInputStream
Event: 4.029 loading class java/util/zip/GZIPInputStream done
Event: 4.083 loading class java/util/zip/GZIPOutputStream
Event: 4.084 loading class java/util/zip/DeflaterOutputStream
Event: 4.084 loading class java/util/zip/DeflaterOutputStream done
Event: 4.084 loading class java/util/zip/GZIPOutputStream done
Event: 9.201 loading class java/lang/IllegalThreadStateException
Event: 9.201 loading class java/lang/IllegalThreadStateException done


Dynamic libraries:
0x00007ff7e2160000 - 0x00007ff7e2170000 	C:\Program Files\Java\jdk-17\bin\java.exe
0x00007ff81d300000 - 0x00007ff81d560000 	C:\WINDOWS\SYSTEM32\ntdll.dll
0x00007ff81ba20000 - 0x00007ff81bae7000 	C:\WINDOWS\System32\KERNEL32.DLL
0x00007ff81a8a0000 - 0x00007ff81ac6a000 	C:\WINDOWS\System32\KERNELBASE.dll
0x00007ff81a750000 - 0x00007ff81a89b000 	C:\WINDOWS\System32\ucrtbase.dll
0x00007ffff4790000 - 0x00007ffff47a9000 	C:\Program Files\Java\jdk-17\bin\jli.dll
0x00007ffff3280000 - 0x00007ffff329b000 	C:\Program Files\Java\jdk-17\bin\VCRUNTIME140.dll
0x00007ff81c3c0000 - 0x00007ff81c472000 	C:\WINDOWS\System32\ADVAPI32.dll
0x00007ff81ccc0000 - 0x00007ff81cd69000 	C:\WINDOWS\System32\msvcrt.dll
0x00007ff81bdb0000 - 0x00007ff81be56000 	C:\WINDOWS\System32\sechost.dll
0x00007ff81ce30000 - 0x00007ff81cf46000 	C:\WINDOWS\System32\RPCRT4.dll
0x00007ff81be60000 - 0x00007ff81c02c000 	C:\WINDOWS\System32\USER32.dll
0x00007ff81a5a0000 - 0x00007ff81a5c7000 	C:\WINDOWS\System32\win32u.dll
0x00007ffff49a0000 - 0x00007ffff4c37000 	C:\WINDOWS\WinSxS\amd64_microsoft.windows.common-controls_6595b64144ccf1df_6.0.26100.3624_none_3e086962e3345f24\COMCTL32.dll
0x00007ff81b9f0000 - 0x00007ff81ba1a000 	C:\WINDOWS\System32\GDI32.dll
0x00007ff81af20000 - 0x00007ff81b051000 	C:\WINDOWS\System32\gdi32full.dll
0x00007ff81ae70000 - 0x00007ff81af13000 	C:\WINDOWS\System32\msvcp_win.dll
0x00007ff808340000 - 0x00007ff80834b000 	C:\WINDOWS\SYSTEM32\VERSION.dll
0x00007ff81cc80000 - 0x00007ff81ccaf000 	C:\WINDOWS\System32\IMM32.DLL
0x00007ff817710000 - 0x00007ff81771c000 	C:\Program Files\Java\jdk-17\bin\vcruntime140_1.dll
0x00007fffda360000 - 0x00007fffda3ee000 	C:\Program Files\Java\jdk-17\bin\msvcp140.dll
0x00007fffbf4e0000 - 0x00007fffc00c0000 	C:\Program Files\Java\jdk-17\bin\server\jvm.dll
0x00007ff81d220000 - 0x00007ff81d228000 	C:\WINDOWS\System32\PSAPI.DLL
0x00007ffff38c0000 - 0x00007ffff38ca000 	C:\WINDOWS\SYSTEM32\WSOCK32.dll
0x00007ff81bd30000 - 0x00007ff81bda4000 	C:\WINDOWS\System32\WS2_32.dll
0x00007ff80f5f0000 - 0x00007ff80f626000 	C:\WINDOWS\SYSTEM32\WINMM.dll
0x00007ff8192c0000 - 0x00007ff8192da000 	C:\WINDOWS\SYSTEM32\kernel.appcore.dll
0x00007ff8160f0000 - 0x00007ff8160fa000 	C:\Program Files\Java\jdk-17\bin\jimage.dll
0x00007ff817c90000 - 0x00007ff817ed1000 	C:\WINDOWS\SYSTEM32\DBGHELP.DLL
0x00007ff81c030000 - 0x00007ff81c3b2000 	C:\WINDOWS\System32\combase.dll
0x00007ff81bc50000 - 0x00007ff81bd26000 	C:\WINDOWS\System32\OLEAUT32.dll
0x00007ffff4870000 - 0x00007ffff48a9000 	C:\WINDOWS\SYSTEM32\dbgcore.DLL
0x00007ff81b060000 - 0x00007ff81b0f9000 	C:\WINDOWS\System32\bcryptPrimitives.dll
0x00007ff815d80000 - 0x00007ff815d8e000 	C:\Program Files\Java\jdk-17\bin\instrument.dll
0x00007fffef190000 - 0x00007fffef1b5000 	C:\Program Files\Java\jdk-17\bin\java.dll
0x00007fffd9c60000 - 0x00007fffd9d37000 	C:\Program Files\Java\jdk-17\bin\jsvml.dll
0x00007ff81b1c0000 - 0x00007ff81b8e9000 	C:\WINDOWS\System32\SHELL32.dll
0x00007ff81ac70000 - 0x00007ff81add8000 	C:\WINDOWS\System32\wintypes.dll
0x00007ff818140000 - 0x00007ff818992000 	C:\WINDOWS\SYSTEM32\windows.storage.dll
0x00007ff81cf50000 - 0x00007ff81d03d000 	C:\WINDOWS\System32\SHCORE.dll
0x00007ff81cdc0000 - 0x00007ff81ce24000 	C:\WINDOWS\System32\shlwapi.dll
0x00007ff81a3f0000 - 0x00007ff81a41f000 	C:\WINDOWS\SYSTEM32\profapi.dll
0x00007fffee7a0000 - 0x00007fffee7b8000 	C:\Program Files\Java\jdk-17\bin\zip.dll
0x00007ffff1330000 - 0x00007ffff1349000 	C:\Program Files\Java\jdk-17\bin\net.dll
0x00007ff810f30000 - 0x00007ff81104d000 	C:\WINDOWS\SYSTEM32\WINHTTP.dll
0x00007ff8197c0000 - 0x00007ff81982a000 	C:\WINDOWS\system32\mswsock.dll
0x00007fffee8d0000 - 0x00007fffee8e6000 	C:\Program Files\Java\jdk-17\bin\nio.dll
0x00007ffff71d0000 - 0x00007ffff71ea000 	C:\Program Files\JetBrains\IntelliJ IDEA 2024.3.2\bin\breakgen64.dll
0x00007fffde8b0000 - 0x00007fffde8d4000 	C:\Users\omran\AppData\Local\Temp\jansi-2.4.1-f48363e02791ad65-jansi.dll
0x00007ffff83f0000 - 0x00007ffff8400000 	C:\Program Files\Java\jdk-17\bin\verify.dll

dbghelp: loaded successfully - version: 4.0.5 - missing functions: none
symbol engine: initialized successfully - sym options: 0x614 - pdb path: .;C:\Program Files\Java\jdk-17\bin;C:\WINDOWS\SYSTEM32;C:\WINDOWS\WinSxS\amd64_microsoft.windows.common-controls_6595b64144ccf1df_6.0.26100.3624_none_3e086962e3345f24;C:\Program Files\Java\jdk-17\bin\server;C:\Program Files\JetBrains\IntelliJ IDEA 2024.3.2\bin;C:\Users\omran\AppData\Local\Temp

VM Arguments:
jvm_args: -Dmaven.multiModuleProjectDirectory=C:\Users\omran\OneDrive\Bureau\gryffpi -Djansi.passthrough=true -Dmaven.home=C:\Program Files\JetBrains\IntelliJ IDEA 2024.3.2\plugins\maven\lib\maven3 -Dclassworlds.conf=C:\Program Files\JetBrains\IntelliJ IDEA 2024.3.2\plugins\maven\lib\maven3\bin\m2.conf -Dmaven.ext.class.path=C:\Program Files\JetBrains\IntelliJ IDEA 2024.3.2\plugins\maven\lib\maven-event-listener.jar -javaagent:C:\Program Files\JetBrains\IntelliJ IDEA 2024.3.2\lib\idea_rt.jar=54998:C:\Program Files\JetBrains\IntelliJ IDEA 2024.3.2\bin -Dfile.encoding=UTF-8 
java_command: org.codehaus.classworlds.Launcher -Didea.version=2024.3.2 org.openjfx:javafx-maven-plugin:0.0.8:run
java_class_path (initial): C:\Program Files\JetBrains\IntelliJ IDEA 2024.3.2\plugins\maven\lib\maven3\boot\plexus-classworlds-2.8.0.jar;C:\Program Files\JetBrains\IntelliJ IDEA 2024.3.2\plugins\maven\lib\maven3\boot\plexus-classworlds.license
Launcher Type: SUN_STANDARD

[Global flags]
     intx CICompilerCount                          = 4                                         {product} {ergonomic}
     uint ConcGCThreads                            = 3                                         {product} {ergonomic}
     uint G1ConcRefinementThreads                  = 10                                        {product} {ergonomic}
   size_t G1HeapRegionSize                         = 2097152                                   {product} {ergonomic}
    uintx GCDrainStackTargetSize                   = 64                                        {product} {ergonomic}
   size_t InitialHeapSize                          = 264241152                                 {product} {ergonomic}
   size_t MarkStackSize                            = 4194304                                   {product} {ergonomic}
   size_t MaxHeapSize                              = 4211081216                                {product} {ergonomic}
   size_t MaxNewSize                               = 2524971008                                {product} {ergonomic}
   size_t MinHeapDeltaBytes                        = 2097152                                   {product} {ergonomic}
   size_t MinHeapSize                              = 8388608                                   {product} {ergonomic}
    uintx NonNMethodCodeHeapSize                   = 5839372                                {pd product} {ergonomic}
    uintx NonProfiledCodeHeapSize                  = 122909434                              {pd product} {ergonomic}
    uintx ProfiledCodeHeapSize                     = 122909434                              {pd product} {ergonomic}
    uintx ReservedCodeCacheSize                    = 251658240                              {pd product} {ergonomic}
     bool SegmentedCodeCache                       = true                                      {product} {ergonomic}
   size_t SoftMaxHeapSize                          = 4211081216                             {manageable} {ergonomic}
     bool UseCompressedClassPointers               = true                           {product lp64_product} {ergonomic}
     bool UseCompressedOops                        = true                           {product lp64_product} {ergonomic}
     bool UseG1GC                                  = true                                      {product} {ergonomic}
     bool UseLargePagesIndividualAllocation        = false                                  {pd product} {ergonomic}

Logging:
Log output configuration:
 #0: stdout all=warning uptime,level,tags
 #1: stderr all=off uptime,level,tags

Environment Variables:
PATH=C:\Program Files\Common Files\Oracle\Java\javapath;C:\oraclexe\app\oracle\product\11.2.0\server\bin;C:\WINDOWS\system32;C:\WINDOWS;C:\WINDOWS\System32\Wbem;C:\WINDOWS\System32\WindowsPowerShell\v1.0\;C:\WINDOWS\System32\OpenSSH\;C:\msys64\mingw64\bin;C:\Program Files\Git\cmd;C:\Program Files\Java\jdk-17\bin;C:\Users\omran\AppData\Local\Microsoft\WindowsApps;C:\Users\omran\AppData\Local\Programs\Microsoft VS Code\bin;C:\Program Files\Java\jdk-17\bin;;C:\Program Files\JetBrains\IntelliJ IDEA 2024.3.2\bin;
USERNAME=omran
OS=Windows_NT
PROCESSOR_IDENTIFIER=Intel64 Family 6 Model 154 Stepping 4, GenuineIntel



---------------  S Y S T E M  ---------------

OS:
 Windows 11 , 64 bit Build 26100 (10.0.26100.3775)
OS uptime: 11 days 8:28 hours
Hyper-V role detected

CPU: total 12 (initial active 12) (6 cores per cpu, 2 threads per core) family 6 model 154 stepping 4 microcode 0x435, cx8, cmov, fxsr, ht, mmx, 3dnowpref, sse, sse2, sse3, ssse3, sse4.1, sse4.2, popcnt, lzcnt, tsc, tscinvbit, avx, avx2, aes, erms, clmul, bmi1, bmi2, adx, sha, fma, vzeroupper, clflush, clflushopt, clwb, hv

Memory: 4k page, system-wide physical 16057M (681M free)
TotalPageFile size 46455M (AvailPageFile size 0M)
current process WorkingSet (physical memory assigned to process): 226M, peak: 226M
current process commit charge ("private bytes"): 411M, peak: 412M

vm_info: Java HotSpot(TM) 64-Bit Server VM (17.0.12+8-LTS-286) for windows-amd64 JRE (17.0.12+8-LTS-286), built on Jun  5 2024 06:46:59 by "mach5one" with MS VC++ 17.6 (VS2022)

END.
